2025-08-22T10:18:05.898195Z [info     ] Using systemdb state backend
2025-08-22T10:18:06.356461Z [info     ] /Applications/RF/NTU/SCTP in DSAI/s3-rds-bq-dagster/bec-meltano/.meltano/loaders/target-bigquery/venv/lib/python3.11/site-packages/fs/__init__.py:4: UserWarning: pkg_resources is deprecated as an API. See https://setuptools.pypa.io/en/latest/pkg_resources.html. The pkg_resources package is slated for removal as early as 2025-11-30. Refrain from using this package or pin to Setuptools<81. cmd_type=elb consumer=True job_name=dev:tap-mysql-to-target-bigquery name=target-bigquery producer=False run_id=62301ab5-5bc8-46a7-beec-315b0c761b6d stdio=stderr string_id=target-bigquery
2025-08-22T10:18:06.356943Z [info     ]   __import__("pkg_resources").declare_namespace(__name__)  # type: ignore cmd_type=elb consumer=True job_name=dev:tap-mysql-to-target-bigquery name=target-bigquery producer=False run_id=62301ab5-5bc8-46a7-beec-315b0c761b6d stdio=stderr string_id=target-bigquery
2025-08-22T10:18:07.477848Z [info     ] Using thread-based parallelism cmd_type=elb consumer=True job_name=dev:tap-mysql-to-target-bigquery name=target-bigquery producer=False run_id=62301ab5-5bc8-46a7-beec-315b0c761b6d stdio=stderr string_id=target-bigquery
2025-08-22T10:18:07.478224Z [info     ] Target 'target-bigquery' is listening for input from tap. cmd_type=elb consumer=True job_name=dev:tap-mysql-to-target-bigquery name=target-bigquery producer=False run_id=62301ab5-5bc8-46a7-beec-315b0c761b6d stdio=stderr string_id=target-bigquery
2025-08-22T10:18:07.478432Z [info     ] Initializing 'target-bigquery' target sink... cmd_type=elb consumer=True job_name=dev:tap-mysql-to-target-bigquery name=target-bigquery producer=False run_id=62301ab5-5bc8-46a7-beec-315b0c761b6d stdio=stderr string_id=target-bigquery
2025-08-22T10:18:07.478597Z [info     ] Initializing target sink for stream 'bec-db-rds-olist_customers_dataset'... cmd_type=elb consumer=True job_name=dev:tap-mysql-to-target-bigquery name=target-bigquery producer=False run_id=62301ab5-5bc8-46a7-beec-315b0c761b6d stdio=stderr string_id=target-bigquery
2025-08-22T10:18:08.476564Z [info     ] Setting up bec-db-rds-olist_customers_dataset cmd_type=elb consumer=True job_name=dev:tap-mysql-to-target-bigquery name=target-bigquery producer=False run_id=62301ab5-5bc8-46a7-beec-315b0c761b6d stdio=stderr string_id=target-bigquery
2025-08-22T10:18:08.476895Z [info     ] ACTIVATE_VERSION message received but not implemented by this target. Ignoring. cmd_type=elb consumer=True job_name=dev:tap-mysql-to-target-bigquery name=target-bigquery producer=False run_id=62301ab5-5bc8-46a7-beec-315b0c761b6d stdio=stderr string_id=target-bigquery
2025-08-22T10:18:08.477161Z [info     ] Initializing 'target-bigquery' target sink... cmd_type=elb consumer=True job_name=dev:tap-mysql-to-target-bigquery name=target-bigquery producer=False run_id=62301ab5-5bc8-46a7-beec-315b0c761b6d stdio=stderr string_id=target-bigquery
2025-08-22T10:18:08.477327Z [info     ] Initializing target sink for stream 'bec-db-rds-olist_geolocation_dataset'... cmd_type=elb consumer=True job_name=dev:tap-mysql-to-target-bigquery name=target-bigquery producer=False run_id=62301ab5-5bc8-46a7-beec-315b0c761b6d stdio=stderr string_id=target-bigquery
2025-08-22T10:18:09.194837Z [info     ] Setting up bec-db-rds-olist_geolocation_dataset cmd_type=elb consumer=True job_name=dev:tap-mysql-to-target-bigquery name=target-bigquery producer=False run_id=62301ab5-5bc8-46a7-beec-315b0c761b6d stdio=stderr string_id=target-bigquery
2025-08-22T10:18:09.195165Z [info     ] ACTIVATE_VERSION message received but not implemented by this target. Ignoring. cmd_type=elb consumer=True job_name=dev:tap-mysql-to-target-bigquery name=target-bigquery producer=False run_id=62301ab5-5bc8-46a7-beec-315b0c761b6d stdio=stderr string_id=target-bigquery
2025-08-22T10:18:09.195393Z [info     ] Initializing 'target-bigquery' target sink... cmd_type=elb consumer=True job_name=dev:tap-mysql-to-target-bigquery name=target-bigquery producer=False run_id=62301ab5-5bc8-46a7-beec-315b0c761b6d stdio=stderr string_id=target-bigquery
2025-08-22T10:18:09.195558Z [info     ] Initializing target sink for stream 'bec-db-rds-olist_order_items_dataset'... cmd_type=elb consumer=True job_name=dev:tap-mysql-to-target-bigquery name=target-bigquery producer=False run_id=62301ab5-5bc8-46a7-beec-315b0c761b6d stdio=stderr string_id=target-bigquery
2025-08-22T10:18:09.875866Z [info     ] Setting up bec-db-rds-olist_order_items_dataset cmd_type=elb consumer=True job_name=dev:tap-mysql-to-target-bigquery name=target-bigquery producer=False run_id=62301ab5-5bc8-46a7-beec-315b0c761b6d stdio=stderr string_id=target-bigquery
2025-08-22T10:18:09.876219Z [info     ] ACTIVATE_VERSION message received but not implemented by this target. Ignoring. cmd_type=elb consumer=True job_name=dev:tap-mysql-to-target-bigquery name=target-bigquery producer=False run_id=62301ab5-5bc8-46a7-beec-315b0c761b6d stdio=stderr string_id=target-bigquery
2025-08-22T10:18:09.876503Z [info     ] Initializing 'target-bigquery' target sink... cmd_type=elb consumer=True job_name=dev:tap-mysql-to-target-bigquery name=target-bigquery producer=False run_id=62301ab5-5bc8-46a7-beec-315b0c761b6d stdio=stderr string_id=target-bigquery
2025-08-22T10:18:09.876673Z [info     ] Initializing target sink for stream 'bec-db-rds-olist_order_payments_dataset'... cmd_type=elb consumer=True job_name=dev:tap-mysql-to-target-bigquery name=target-bigquery producer=False run_id=62301ab5-5bc8-46a7-beec-315b0c761b6d stdio=stderr string_id=target-bigquery
2025-08-22T10:18:10.669237Z [info     ] Setting up bec-db-rds-olist_order_payments_dataset cmd_type=elb consumer=True job_name=dev:tap-mysql-to-target-bigquery name=target-bigquery producer=False run_id=62301ab5-5bc8-46a7-beec-315b0c761b6d stdio=stderr string_id=target-bigquery
2025-08-22T10:18:10.670109Z [info     ] ACTIVATE_VERSION message received but not implemented by this target. Ignoring. cmd_type=elb consumer=True job_name=dev:tap-mysql-to-target-bigquery name=target-bigquery producer=False run_id=62301ab5-5bc8-46a7-beec-315b0c761b6d stdio=stderr string_id=target-bigquery
2025-08-22T10:18:10.670418Z [info     ] Initializing 'target-bigquery' target sink... cmd_type=elb consumer=True job_name=dev:tap-mysql-to-target-bigquery name=target-bigquery producer=False run_id=62301ab5-5bc8-46a7-beec-315b0c761b6d stdio=stderr string_id=target-bigquery
2025-08-22T10:18:10.670595Z [info     ] Initializing target sink for stream 'bec-db-rds-olist_order_reviews_dataset'... cmd_type=elb consumer=True job_name=dev:tap-mysql-to-target-bigquery name=target-bigquery producer=False run_id=62301ab5-5bc8-46a7-beec-315b0c761b6d stdio=stderr string_id=target-bigquery
2025-08-22T10:18:11.618223Z [info     ] Setting up bec-db-rds-olist_order_reviews_dataset cmd_type=elb consumer=True job_name=dev:tap-mysql-to-target-bigquery name=target-bigquery producer=False run_id=62301ab5-5bc8-46a7-beec-315b0c761b6d stdio=stderr string_id=target-bigquery
2025-08-22T10:18:15.398852Z [info     ] ACTIVATE_VERSION message received but not implemented by this target. Ignoring. cmd_type=elb consumer=True job_name=dev:tap-mysql-to-target-bigquery name=target-bigquery producer=False run_id=62301ab5-5bc8-46a7-beec-315b0c761b6d stdio=stderr string_id=target-bigquery
2025-08-22T10:18:15.399529Z [info     ] Initializing 'target-bigquery' target sink... cmd_type=elb consumer=True job_name=dev:tap-mysql-to-target-bigquery name=target-bigquery producer=False run_id=62301ab5-5bc8-46a7-beec-315b0c761b6d stdio=stderr string_id=target-bigquery
2025-08-22T10:18:15.399688Z [info     ] Initializing target sink for stream 'bec-db-rds-olist_orders_dataset'... cmd_type=elb consumer=True job_name=dev:tap-mysql-to-target-bigquery name=target-bigquery producer=False run_id=62301ab5-5bc8-46a7-beec-315b0c761b6d stdio=stderr string_id=target-bigquery
2025-08-22T10:18:16.298698Z [info     ] Setting up bec-db-rds-olist_orders_dataset cmd_type=elb consumer=True job_name=dev:tap-mysql-to-target-bigquery name=target-bigquery producer=False run_id=62301ab5-5bc8-46a7-beec-315b0c761b6d stdio=stderr string_id=target-bigquery
2025-08-22T10:18:22.477197Z [info     ] ACTIVATE_VERSION message received but not implemented by this target. Ignoring. cmd_type=elb consumer=True job_name=dev:tap-mysql-to-target-bigquery name=target-bigquery producer=False run_id=62301ab5-5bc8-46a7-beec-315b0c761b6d stdio=stderr string_id=target-bigquery
2025-08-22T10:18:22.799613Z [info     ] Initializing 'target-bigquery' target sink... cmd_type=elb consumer=True job_name=dev:tap-mysql-to-target-bigquery name=target-bigquery producer=False run_id=62301ab5-5bc8-46a7-beec-315b0c761b6d stdio=stderr string_id=target-bigquery
2025-08-22T10:18:22.799973Z [info     ] Initializing target sink for stream 'bec-db-rds-olist_products_dataset'... cmd_type=elb consumer=True job_name=dev:tap-mysql-to-target-bigquery name=target-bigquery producer=False run_id=62301ab5-5bc8-46a7-beec-315b0c761b6d stdio=stderr string_id=target-bigquery
2025-08-22T10:18:23.599588Z [info     ] Setting up bec-db-rds-olist_products_dataset cmd_type=elb consumer=True job_name=dev:tap-mysql-to-target-bigquery name=target-bigquery producer=False run_id=62301ab5-5bc8-46a7-beec-315b0c761b6d stdio=stderr string_id=target-bigquery
2025-08-22T10:18:25.436075Z [info     ] ACTIVATE_VERSION message received but not implemented by this target. Ignoring. cmd_type=elb consumer=True job_name=dev:tap-mysql-to-target-bigquery name=target-bigquery producer=False run_id=62301ab5-5bc8-46a7-beec-315b0c761b6d stdio=stderr string_id=target-bigquery
2025-08-22T10:18:25.530249Z [info     ] Initializing 'target-bigquery' target sink... cmd_type=elb consumer=True job_name=dev:tap-mysql-to-target-bigquery name=target-bigquery producer=False run_id=62301ab5-5bc8-46a7-beec-315b0c761b6d stdio=stderr string_id=target-bigquery
2025-08-22T10:18:25.530669Z [info     ] Initializing target sink for stream 'bec-db-rds-olist_sellers_dataset'... cmd_type=elb consumer=True job_name=dev:tap-mysql-to-target-bigquery name=target-bigquery producer=False run_id=62301ab5-5bc8-46a7-beec-315b0c761b6d stdio=stderr string_id=target-bigquery
2025-08-22T10:18:26.317518Z [info     ] Setting up bec-db-rds-olist_sellers_dataset cmd_type=elb consumer=True job_name=dev:tap-mysql-to-target-bigquery name=target-bigquery producer=False run_id=62301ab5-5bc8-46a7-beec-315b0c761b6d stdio=stderr string_id=target-bigquery
2025-08-22T10:18:26.438114Z [info     ] ACTIVATE_VERSION message received but not implemented by this target. Ignoring. cmd_type=elb consumer=True job_name=dev:tap-mysql-to-target-bigquery name=target-bigquery producer=False run_id=62301ab5-5bc8-46a7-beec-315b0c761b6d stdio=stderr string_id=target-bigquery
2025-08-22T10:18:26.438620Z [info     ] Initializing 'target-bigquery' target sink... cmd_type=elb consumer=True job_name=dev:tap-mysql-to-target-bigquery name=target-bigquery producer=False run_id=62301ab5-5bc8-46a7-beec-315b0c761b6d stdio=stderr string_id=target-bigquery
2025-08-22T10:18:26.439132Z [info     ] Initializing target sink for stream 'bec-db-rds-product_category_name_translation'... cmd_type=elb consumer=True job_name=dev:tap-mysql-to-target-bigquery name=target-bigquery producer=False run_id=62301ab5-5bc8-46a7-beec-315b0c761b6d stdio=stderr string_id=target-bigquery
2025-08-22T10:18:27.214503Z [info     ] Setting up bec-db-rds-product_category_name_translation cmd_type=elb consumer=True job_name=dev:tap-mysql-to-target-bigquery name=target-bigquery producer=False run_id=62301ab5-5bc8-46a7-beec-315b0c761b6d stdio=stderr string_id=target-bigquery
2025-08-22T10:18:27.217611Z [info     ] ACTIVATE_VERSION message received but not implemented by this target. Ignoring. cmd_type=elb consumer=True job_name=dev:tap-mysql-to-target-bigquery name=target-bigquery producer=False run_id=62301ab5-5bc8-46a7-beec-315b0c761b6d stdio=stderr string_id=target-bigquery
2025-08-22T10:18:27.217940Z [info     ] Target 'target-bigquery' completed reading 235061 lines of input (234782 records, (0 batch manifests, 261 state messages). cmd_type=elb consumer=True job_name=dev:tap-mysql-to-target-bigquery name=target-bigquery producer=False run_id=62301ab5-5bc8-46a7-beec-315b0c761b6d stdio=stderr string_id=target-bigquery
2025-08-22T10:18:27.218699Z [info     ] Adding worker 89fb50a172004e1f88fee7074dd7b199 cmd_type=elb consumer=True job_name=dev:tap-mysql-to-target-bigquery name=target-bigquery producer=False run_id=62301ab5-5bc8-46a7-beec-315b0c761b6d stdio=stderr string_id=target-bigquery
2025-08-22T10:19:19.767060Z [info     ] Cleaning up bec-db-rds-olist_customers_dataset cmd_type=elb consumer=True job_name=dev:tap-mysql-to-target-bigquery name=target-bigquery producer=False run_id=62301ab5-5bc8-46a7-beec-315b0c761b6d stdio=stderr string_id=target-bigquery
2025-08-22T10:19:19.767561Z [info     ] Cleaning up bec-db-rds-olist_geolocation_dataset cmd_type=elb consumer=True job_name=dev:tap-mysql-to-target-bigquery name=target-bigquery producer=False run_id=62301ab5-5bc8-46a7-beec-315b0c761b6d stdio=stderr string_id=target-bigquery
2025-08-22T10:19:19.767864Z [info     ] Cleaning up bec-db-rds-olist_order_items_dataset cmd_type=elb consumer=True job_name=dev:tap-mysql-to-target-bigquery name=target-bigquery producer=False run_id=62301ab5-5bc8-46a7-beec-315b0c761b6d stdio=stderr string_id=target-bigquery
2025-08-22T10:19:19.768150Z [info     ] Cleaning up bec-db-rds-olist_order_payments_dataset cmd_type=elb consumer=True job_name=dev:tap-mysql-to-target-bigquery name=target-bigquery producer=False run_id=62301ab5-5bc8-46a7-beec-315b0c761b6d stdio=stderr string_id=target-bigquery
2025-08-22T10:19:19.768420Z [info     ] Cleaning up bec-db-rds-olist_order_reviews_dataset cmd_type=elb consumer=True job_name=dev:tap-mysql-to-target-bigquery name=target-bigquery producer=False run_id=62301ab5-5bc8-46a7-beec-315b0c761b6d stdio=stderr string_id=target-bigquery
2025-08-22T10:19:19.768686Z [info     ] Cleaning up bec-db-rds-olist_orders_dataset cmd_type=elb consumer=True job_name=dev:tap-mysql-to-target-bigquery name=target-bigquery producer=False run_id=62301ab5-5bc8-46a7-beec-315b0c761b6d stdio=stderr string_id=target-bigquery
2025-08-22T10:19:19.768894Z [info     ] Cleaning up bec-db-rds-olist_products_dataset cmd_type=elb consumer=True job_name=dev:tap-mysql-to-target-bigquery name=target-bigquery producer=False run_id=62301ab5-5bc8-46a7-beec-315b0c761b6d stdio=stderr string_id=target-bigquery
2025-08-22T10:19:19.769101Z [info     ] Cleaning up bec-db-rds-olist_sellers_dataset cmd_type=elb consumer=True job_name=dev:tap-mysql-to-target-bigquery name=target-bigquery producer=False run_id=62301ab5-5bc8-46a7-beec-315b0c761b6d stdio=stderr string_id=target-bigquery
2025-08-22T10:19:19.769304Z [info     ] Cleaning up bec-db-rds-product_category_name_translation cmd_type=elb consumer=True job_name=dev:tap-mysql-to-target-bigquery name=target-bigquery producer=False run_id=62301ab5-5bc8-46a7-beec-315b0c761b6d stdio=stderr string_id=target-bigquery
2025-08-22T10:19:19.769542Z [info     ] Emitting completed target state {"currently_syncing": null, "bookmarks": {"bec-db-rds-olist_customers_dataset": {"initial_full_table_complete": true}, "bec-db-rds-olist_geolocation_dataset": {"initial_full_table_complete": true}, "bec-db-rds-olist_order_items_dataset": {"initial_full_table_complete": true}, "bec-db-rds-olist_order_payments_dataset": {"initial_full_table_complete": true}, "bec-db-rds-olist_order_reviews_dataset": {"initial_full_table_complete": true}, "bec-db-rds-olist_orders_dataset": {"initial_full_table_complete": true}, "bec-db-rds-olist_products_dataset": {"initial_full_table_complete": true}, "bec-db-rds-olist_sellers_dataset": {"initial_full_table_complete": true}, "bec-db-rds-product_category_name_translation": {"initial_full_table_complete": true}}} cmd_type=elb consumer=True job_name=dev:tap-mysql-to-target-bigquery name=target-bigquery producer=False run_id=62301ab5-5bc8-46a7-beec-315b0c761b6d stdio=stderr string_id=target-bigquery
2025-08-22T10:19:19.779066Z [info     ] Using systemdb state backend
2025-08-22T10:19:19.784774Z [info     ] Incremental state has been updated at 2025-08-22 10:19:19.784742+00:00.
2025-08-22T10:19:19.958200Z [info     ] Block run completed.           block_type=ExtractLoadBlocks err=None set_number=0 success=True
