2025-08-22T01:43:35.550728Z [info     ] Using systemdb state backend
2025-08-22T01:43:35.552752Z [warning  ] No state was found, complete import.
2025-08-22T01:43:37.697961Z [info     ] /Applications/RF/NTU/SCTP in DSAI/s3-rds-bq-dagster/bec-meltano/.meltano/loaders/target-bigquery/venv/lib/python3.11/site-packages/fs/__init__.py:4: UserWarning: pkg_resources is deprecated as an API. See https://setuptools.pypa.io/en/latest/pkg_resources.html. The pkg_resources package is slated for removal as early as 2025-11-30. Refrain from using this package or pin to Setuptools<81. cmd_type=elb consumer=True job_name=dev:tap-mysql-to-target-bigquery name=target-bigquery producer=False run_id=14595626-f504-49fe-9aa9-9aec1caac528 stdio=stderr string_id=target-bigquery
2025-08-22T01:43:37.698344Z [info     ]   __import__("pkg_resources").declare_namespace(__name__)  # type: ignore cmd_type=elb consumer=True job_name=dev:tap-mysql-to-target-bigquery name=target-bigquery producer=False run_id=14595626-f504-49fe-9aa9-9aec1caac528 stdio=stderr string_id=target-bigquery
2025-08-22T01:43:44.366006Z [info     ] Using thread-based parallelism cmd_type=elb consumer=True job_name=dev:tap-mysql-to-target-bigquery name=target-bigquery producer=False run_id=14595626-f504-49fe-9aa9-9aec1caac528 stdio=stderr string_id=target-bigquery
2025-08-22T01:43:44.366726Z [info     ] Target 'target-bigquery' is listening for input from tap. cmd_type=elb consumer=True job_name=dev:tap-mysql-to-target-bigquery name=target-bigquery producer=False run_id=14595626-f504-49fe-9aa9-9aec1caac528 stdio=stderr string_id=target-bigquery
2025-08-22T01:43:44.366954Z [info     ] Initializing 'target-bigquery' target sink... cmd_type=elb consumer=True job_name=dev:tap-mysql-to-target-bigquery name=target-bigquery producer=False run_id=14595626-f504-49fe-9aa9-9aec1caac528 stdio=stderr string_id=target-bigquery
2025-08-22T01:43:44.367157Z [info     ] Initializing target sink for stream 'bec-db-rds-olist_customers_dataset'... cmd_type=elb consumer=True job_name=dev:tap-mysql-to-target-bigquery name=target-bigquery producer=False run_id=14595626-f504-49fe-9aa9-9aec1caac528 stdio=stderr string_id=target-bigquery
2025-08-22T01:43:50.681502Z [info     ] Setting up bec-db-rds-olist_customers_dataset cmd_type=elb consumer=True job_name=dev:tap-mysql-to-target-bigquery name=target-bigquery producer=False run_id=14595626-f504-49fe-9aa9-9aec1caac528 stdio=stderr string_id=target-bigquery
2025-08-22T01:43:50.681844Z [info     ] ACTIVATE_VERSION message received but not implemented by this target. Ignoring. cmd_type=elb consumer=True job_name=dev:tap-mysql-to-target-bigquery name=target-bigquery producer=False run_id=14595626-f504-49fe-9aa9-9aec1caac528 stdio=stderr string_id=target-bigquery
2025-08-22T01:43:50.682029Z [info     ] ACTIVATE_VERSION message received but not implemented by this target. Ignoring. cmd_type=elb consumer=True job_name=dev:tap-mysql-to-target-bigquery name=target-bigquery producer=False run_id=14595626-f504-49fe-9aa9-9aec1caac528 stdio=stderr string_id=target-bigquery
2025-08-22T01:43:50.682292Z [info     ] Initializing 'target-bigquery' target sink... cmd_type=elb consumer=True job_name=dev:tap-mysql-to-target-bigquery name=target-bigquery producer=False run_id=14595626-f504-49fe-9aa9-9aec1caac528 stdio=stderr string_id=target-bigquery
2025-08-22T01:43:50.682461Z [info     ] Initializing target sink for stream 'bec-db-rds-olist_geolocation_dataset'... cmd_type=elb consumer=True job_name=dev:tap-mysql-to-target-bigquery name=target-bigquery producer=False run_id=14595626-f504-49fe-9aa9-9aec1caac528 stdio=stderr string_id=target-bigquery
2025-08-22T01:43:56.755938Z [info     ] Setting up bec-db-rds-olist_geolocation_dataset cmd_type=elb consumer=True job_name=dev:tap-mysql-to-target-bigquery name=target-bigquery producer=False run_id=14595626-f504-49fe-9aa9-9aec1caac528 stdio=stderr string_id=target-bigquery
2025-08-22T01:43:56.756692Z [info     ] ACTIVATE_VERSION message received but not implemented by this target. Ignoring. cmd_type=elb consumer=True job_name=dev:tap-mysql-to-target-bigquery name=target-bigquery producer=False run_id=14595626-f504-49fe-9aa9-9aec1caac528 stdio=stderr string_id=target-bigquery
2025-08-22T01:43:56.756957Z [info     ] ACTIVATE_VERSION message received but not implemented by this target. Ignoring. cmd_type=elb consumer=True job_name=dev:tap-mysql-to-target-bigquery name=target-bigquery producer=False run_id=14595626-f504-49fe-9aa9-9aec1caac528 stdio=stderr string_id=target-bigquery
2025-08-22T01:43:56.757153Z [info     ] Initializing 'target-bigquery' target sink... cmd_type=elb consumer=True job_name=dev:tap-mysql-to-target-bigquery name=target-bigquery producer=False run_id=14595626-f504-49fe-9aa9-9aec1caac528 stdio=stderr string_id=target-bigquery
2025-08-22T01:43:56.757336Z [info     ] Initializing target sink for stream 'bec-db-rds-olist_order_items_dataset'... cmd_type=elb consumer=True job_name=dev:tap-mysql-to-target-bigquery name=target-bigquery producer=False run_id=14595626-f504-49fe-9aa9-9aec1caac528 stdio=stderr string_id=target-bigquery
2025-08-22T01:43:58.002560Z [info     ] Setting up bec-db-rds-olist_order_items_dataset cmd_type=elb consumer=True job_name=dev:tap-mysql-to-target-bigquery name=target-bigquery producer=False run_id=14595626-f504-49fe-9aa9-9aec1caac528 stdio=stderr string_id=target-bigquery
2025-08-22T01:43:58.002974Z [info     ] ACTIVATE_VERSION message received but not implemented by this target. Ignoring. cmd_type=elb consumer=True job_name=dev:tap-mysql-to-target-bigquery name=target-bigquery producer=False run_id=14595626-f504-49fe-9aa9-9aec1caac528 stdio=stderr string_id=target-bigquery
2025-08-22T01:44:01.745032Z [info     ] ACTIVATE_VERSION message received but not implemented by this target. Ignoring. cmd_type=elb consumer=True job_name=dev:tap-mysql-to-target-bigquery name=target-bigquery producer=False run_id=14595626-f504-49fe-9aa9-9aec1caac528 stdio=stderr string_id=target-bigquery
2025-08-22T01:44:01.745320Z [info     ] Initializing 'target-bigquery' target sink... cmd_type=elb consumer=True job_name=dev:tap-mysql-to-target-bigquery name=target-bigquery producer=False run_id=14595626-f504-49fe-9aa9-9aec1caac528 stdio=stderr string_id=target-bigquery
2025-08-22T01:44:01.745517Z [info     ] Initializing target sink for stream 'bec-db-rds-olist_order_payments_dataset'... cmd_type=elb consumer=True job_name=dev:tap-mysql-to-target-bigquery name=target-bigquery producer=False run_id=14595626-f504-49fe-9aa9-9aec1caac528 stdio=stderr string_id=target-bigquery
2025-08-22T01:44:07.791263Z [info     ] Setting up bec-db-rds-olist_order_payments_dataset cmd_type=elb consumer=True job_name=dev:tap-mysql-to-target-bigquery name=target-bigquery producer=False run_id=14595626-f504-49fe-9aa9-9aec1caac528 stdio=stderr string_id=target-bigquery
2025-08-22T01:44:07.791691Z [info     ] ACTIVATE_VERSION message received but not implemented by this target. Ignoring. cmd_type=elb consumer=True job_name=dev:tap-mysql-to-target-bigquery name=target-bigquery producer=False run_id=14595626-f504-49fe-9aa9-9aec1caac528 stdio=stderr string_id=target-bigquery
2025-08-22T01:44:07.792007Z [info     ] ACTIVATE_VERSION message received but not implemented by this target. Ignoring. cmd_type=elb consumer=True job_name=dev:tap-mysql-to-target-bigquery name=target-bigquery producer=False run_id=14595626-f504-49fe-9aa9-9aec1caac528 stdio=stderr string_id=target-bigquery
2025-08-22T01:44:07.792365Z [info     ] Initializing 'target-bigquery' target sink... cmd_type=elb consumer=True job_name=dev:tap-mysql-to-target-bigquery name=target-bigquery producer=False run_id=14595626-f504-49fe-9aa9-9aec1caac528 stdio=stderr string_id=target-bigquery
2025-08-22T01:44:07.792588Z [info     ] Initializing target sink for stream 'bec-db-rds-olist_order_reviews_dataset'... cmd_type=elb consumer=True job_name=dev:tap-mysql-to-target-bigquery name=target-bigquery producer=False run_id=14595626-f504-49fe-9aa9-9aec1caac528 stdio=stderr string_id=target-bigquery
2025-08-22T01:44:09.282991Z [info     ] Setting up bec-db-rds-olist_order_reviews_dataset cmd_type=elb consumer=True job_name=dev:tap-mysql-to-target-bigquery name=target-bigquery producer=False run_id=14595626-f504-49fe-9aa9-9aec1caac528 stdio=stderr string_id=target-bigquery
2025-08-22T01:44:09.283449Z [info     ] ACTIVATE_VERSION message received but not implemented by this target. Ignoring. cmd_type=elb consumer=True job_name=dev:tap-mysql-to-target-bigquery name=target-bigquery producer=False run_id=14595626-f504-49fe-9aa9-9aec1caac528 stdio=stderr string_id=target-bigquery
2025-08-22T01:44:12.774174Z [info     ] ACTIVATE_VERSION message received but not implemented by this target. Ignoring. cmd_type=elb consumer=True job_name=dev:tap-mysql-to-target-bigquery name=target-bigquery producer=False run_id=14595626-f504-49fe-9aa9-9aec1caac528 stdio=stderr string_id=target-bigquery
2025-08-22T01:44:12.774883Z [info     ] Initializing 'target-bigquery' target sink... cmd_type=elb consumer=True job_name=dev:tap-mysql-to-target-bigquery name=target-bigquery producer=False run_id=14595626-f504-49fe-9aa9-9aec1caac528 stdio=stderr string_id=target-bigquery
2025-08-22T01:44:12.775147Z [info     ] Initializing target sink for stream 'bec-db-rds-olist_orders_dataset'... cmd_type=elb consumer=True job_name=dev:tap-mysql-to-target-bigquery name=target-bigquery producer=False run_id=14595626-f504-49fe-9aa9-9aec1caac528 stdio=stderr string_id=target-bigquery
2025-08-22T01:44:14.018810Z [info     ] Setting up bec-db-rds-olist_orders_dataset cmd_type=elb consumer=True job_name=dev:tap-mysql-to-target-bigquery name=target-bigquery producer=False run_id=14595626-f504-49fe-9aa9-9aec1caac528 stdio=stderr string_id=target-bigquery
2025-08-22T01:44:14.019182Z [info     ] ACTIVATE_VERSION message received but not implemented by this target. Ignoring. cmd_type=elb consumer=True job_name=dev:tap-mysql-to-target-bigquery name=target-bigquery producer=False run_id=14595626-f504-49fe-9aa9-9aec1caac528 stdio=stderr string_id=target-bigquery
2025-08-22T01:44:17.564881Z [info     ] ACTIVATE_VERSION message received but not implemented by this target. Ignoring. cmd_type=elb consumer=True job_name=dev:tap-mysql-to-target-bigquery name=target-bigquery producer=False run_id=14595626-f504-49fe-9aa9-9aec1caac528 stdio=stderr string_id=target-bigquery
2025-08-22T01:44:17.565260Z [info     ] Initializing 'target-bigquery' target sink... cmd_type=elb consumer=True job_name=dev:tap-mysql-to-target-bigquery name=target-bigquery producer=False run_id=14595626-f504-49fe-9aa9-9aec1caac528 stdio=stderr string_id=target-bigquery
2025-08-22T01:44:17.565440Z [info     ] Initializing target sink for stream 'bec-db-rds-olist_products_dataset'... cmd_type=elb consumer=True job_name=dev:tap-mysql-to-target-bigquery name=target-bigquery producer=False run_id=14595626-f504-49fe-9aa9-9aec1caac528 stdio=stderr string_id=target-bigquery
2025-08-22T01:44:18.885220Z [info     ] Setting up bec-db-rds-olist_products_dataset cmd_type=elb consumer=True job_name=dev:tap-mysql-to-target-bigquery name=target-bigquery producer=False run_id=14595626-f504-49fe-9aa9-9aec1caac528 stdio=stderr string_id=target-bigquery
2025-08-22T01:44:18.885649Z [info     ] ACTIVATE_VERSION message received but not implemented by this target. Ignoring. cmd_type=elb consumer=True job_name=dev:tap-mysql-to-target-bigquery name=target-bigquery producer=False run_id=14595626-f504-49fe-9aa9-9aec1caac528 stdio=stderr string_id=target-bigquery
2025-08-22T01:44:20.129198Z [info     ] ACTIVATE_VERSION message received but not implemented by this target. Ignoring. cmd_type=elb consumer=True job_name=dev:tap-mysql-to-target-bigquery name=target-bigquery producer=False run_id=14595626-f504-49fe-9aa9-9aec1caac528 stdio=stderr string_id=target-bigquery
2025-08-22T01:44:20.129506Z [info     ] Initializing 'target-bigquery' target sink... cmd_type=elb consumer=True job_name=dev:tap-mysql-to-target-bigquery name=target-bigquery producer=False run_id=14595626-f504-49fe-9aa9-9aec1caac528 stdio=stderr string_id=target-bigquery
2025-08-22T01:44:20.129680Z [info     ] Initializing target sink for stream 'bec-db-rds-olist_sellers_dataset'... cmd_type=elb consumer=True job_name=dev:tap-mysql-to-target-bigquery name=target-bigquery producer=False run_id=14595626-f504-49fe-9aa9-9aec1caac528 stdio=stderr string_id=target-bigquery
2025-08-22T01:44:21.468820Z [info     ] Setting up bec-db-rds-olist_sellers_dataset cmd_type=elb consumer=True job_name=dev:tap-mysql-to-target-bigquery name=target-bigquery producer=False run_id=14595626-f504-49fe-9aa9-9aec1caac528 stdio=stderr string_id=target-bigquery
2025-08-22T01:44:21.469252Z [info     ] ACTIVATE_VERSION message received but not implemented by this target. Ignoring. cmd_type=elb consumer=True job_name=dev:tap-mysql-to-target-bigquery name=target-bigquery producer=False run_id=14595626-f504-49fe-9aa9-9aec1caac528 stdio=stderr string_id=target-bigquery
2025-08-22T01:44:21.576645Z [info     ] ACTIVATE_VERSION message received but not implemented by this target. Ignoring. cmd_type=elb consumer=True job_name=dev:tap-mysql-to-target-bigquery name=target-bigquery producer=False run_id=14595626-f504-49fe-9aa9-9aec1caac528 stdio=stderr string_id=target-bigquery
2025-08-22T01:44:21.576932Z [info     ] Initializing 'target-bigquery' target sink... cmd_type=elb consumer=True job_name=dev:tap-mysql-to-target-bigquery name=target-bigquery producer=False run_id=14595626-f504-49fe-9aa9-9aec1caac528 stdio=stderr string_id=target-bigquery
2025-08-22T01:44:21.577121Z [info     ] Initializing target sink for stream 'bec-db-rds-product_category_name_translation'... cmd_type=elb consumer=True job_name=dev:tap-mysql-to-target-bigquery name=target-bigquery producer=False run_id=14595626-f504-49fe-9aa9-9aec1caac528 stdio=stderr string_id=target-bigquery
2025-08-22T01:44:22.856809Z [info     ] Setting up bec-db-rds-product_category_name_translation cmd_type=elb consumer=True job_name=dev:tap-mysql-to-target-bigquery name=target-bigquery producer=False run_id=14595626-f504-49fe-9aa9-9aec1caac528 stdio=stderr string_id=target-bigquery
2025-08-22T01:44:22.857216Z [info     ] ACTIVATE_VERSION message received but not implemented by this target. Ignoring. cmd_type=elb consumer=True job_name=dev:tap-mysql-to-target-bigquery name=target-bigquery producer=False run_id=14595626-f504-49fe-9aa9-9aec1caac528 stdio=stderr string_id=target-bigquery
2025-08-22T01:44:22.859882Z [info     ] ACTIVATE_VERSION message received but not implemented by this target. Ignoring. cmd_type=elb consumer=True job_name=dev:tap-mysql-to-target-bigquery name=target-bigquery producer=False run_id=14595626-f504-49fe-9aa9-9aec1caac528 stdio=stderr string_id=target-bigquery
2025-08-22T01:44:22.860286Z [info     ] Target 'target-bigquery' completed reading 347832 lines of input (347432 records, (0 batch manifests, 373 state messages). cmd_type=elb consumer=True job_name=dev:tap-mysql-to-target-bigquery name=target-bigquery producer=False run_id=14595626-f504-49fe-9aa9-9aec1caac528 stdio=stderr string_id=target-bigquery
2025-08-22T01:44:22.860873Z [info     ] Adding worker abf1755ccf654bb1ad75db505bb046dd cmd_type=elb consumer=True job_name=dev:tap-mysql-to-target-bigquery name=target-bigquery producer=False run_id=14595626-f504-49fe-9aa9-9aec1caac528 stdio=stderr string_id=target-bigquery
2025-08-22T01:44:30.372309Z [info     ] Cleaning up bec-db-rds-olist_customers_dataset cmd_type=elb consumer=True job_name=dev:tap-mysql-to-target-bigquery name=target-bigquery producer=False run_id=14595626-f504-49fe-9aa9-9aec1caac528 stdio=stderr string_id=target-bigquery
2025-08-22T01:44:30.372720Z [info     ] Cleaning up bec-db-rds-olist_geolocation_dataset cmd_type=elb consumer=True job_name=dev:tap-mysql-to-target-bigquery name=target-bigquery producer=False run_id=14595626-f504-49fe-9aa9-9aec1caac528 stdio=stderr string_id=target-bigquery
2025-08-22T01:44:30.373144Z [info     ] Cleaning up bec-db-rds-olist_order_items_dataset cmd_type=elb consumer=True job_name=dev:tap-mysql-to-target-bigquery name=target-bigquery producer=False run_id=14595626-f504-49fe-9aa9-9aec1caac528 stdio=stderr string_id=target-bigquery
2025-08-22T01:44:30.373510Z [info     ] Cleaning up bec-db-rds-olist_order_payments_dataset cmd_type=elb consumer=True job_name=dev:tap-mysql-to-target-bigquery name=target-bigquery producer=False run_id=14595626-f504-49fe-9aa9-9aec1caac528 stdio=stderr string_id=target-bigquery
2025-08-22T01:44:30.373849Z [info     ] Cleaning up bec-db-rds-olist_order_reviews_dataset cmd_type=elb consumer=True job_name=dev:tap-mysql-to-target-bigquery name=target-bigquery producer=False run_id=14595626-f504-49fe-9aa9-9aec1caac528 stdio=stderr string_id=target-bigquery
2025-08-22T01:44:30.374176Z [info     ] Cleaning up bec-db-rds-olist_orders_dataset cmd_type=elb consumer=True job_name=dev:tap-mysql-to-target-bigquery name=target-bigquery producer=False run_id=14595626-f504-49fe-9aa9-9aec1caac528 stdio=stderr string_id=target-bigquery
2025-08-22T01:44:30.374406Z [info     ] Cleaning up bec-db-rds-olist_products_dataset cmd_type=elb consumer=True job_name=dev:tap-mysql-to-target-bigquery name=target-bigquery producer=False run_id=14595626-f504-49fe-9aa9-9aec1caac528 stdio=stderr string_id=target-bigquery
2025-08-22T01:44:30.374620Z [info     ] Cleaning up bec-db-rds-olist_sellers_dataset cmd_type=elb consumer=True job_name=dev:tap-mysql-to-target-bigquery name=target-bigquery producer=False run_id=14595626-f504-49fe-9aa9-9aec1caac528 stdio=stderr string_id=target-bigquery
2025-08-22T01:44:30.374832Z [info     ] Cleaning up bec-db-rds-product_category_name_translation cmd_type=elb consumer=True job_name=dev:tap-mysql-to-target-bigquery name=target-bigquery producer=False run_id=14595626-f504-49fe-9aa9-9aec1caac528 stdio=stderr string_id=target-bigquery
2025-08-22T01:44:30.375047Z [info     ] Emitting completed target state {"currently_syncing": null, "bookmarks": {"bec-db-rds-olist_customers_dataset": {"initial_full_table_complete": true}, "bec-db-rds-olist_geolocation_dataset": {"initial_full_table_complete": true}, "bec-db-rds-olist_order_items_dataset": {"initial_full_table_complete": true}, "bec-db-rds-olist_order_payments_dataset": {"initial_full_table_complete": true}, "bec-db-rds-olist_order_reviews_dataset": {"initial_full_table_complete": true}, "bec-db-rds-olist_orders_dataset": {"initial_full_table_complete": true}, "bec-db-rds-olist_products_dataset": {"initial_full_table_complete": true}, "bec-db-rds-olist_sellers_dataset": {"initial_full_table_complete": true}, "bec-db-rds-product_category_name_translation": {"initial_full_table_complete": true}}} cmd_type=elb consumer=True job_name=dev:tap-mysql-to-target-bigquery name=target-bigquery producer=False run_id=14595626-f504-49fe-9aa9-9aec1caac528 stdio=stderr string_id=target-bigquery
2025-08-22T01:44:30.384384Z [info     ] Using systemdb state backend
2025-08-22T01:44:30.437029Z [info     ] Incremental state has been updated at 2025-08-22 01:44:30.436989+00:00.
2025-08-22T01:44:30.599236Z [info     ] Block run completed.           block_type=ExtractLoadBlocks err=None set_number=0 success=True
