2025-08-22T09:01:44.633535Z [info     ] Using systemdb state backend
2025-08-22T09:01:45.122397Z [info     ] /Applications/RF/NTU/SCTP in DSAI/s3-rds-bq-dagster/bec-meltano/.meltano/loaders/target-bigquery/venv/lib/python3.11/site-packages/fs/__init__.py:4: UserWarning: pkg_resources is deprecated as an API. See https://setuptools.pypa.io/en/latest/pkg_resources.html. The pkg_resources package is slated for removal as early as 2025-11-30. Refrain from using this package or pin to Setuptools<81. cmd_type=elb consumer=True job_name=dev:tap-mysql-to-target-bigquery name=target-bigquery producer=False run_id=87aebf8a-be2b-4c00-b157-4a4778c6ae25 stdio=stderr string_id=target-bigquery
2025-08-22T09:01:45.122864Z [info     ]   __import__("pkg_resources").declare_namespace(__name__)  # type: ignore cmd_type=elb consumer=True job_name=dev:tap-mysql-to-target-bigquery name=target-bigquery producer=False run_id=87aebf8a-be2b-4c00-b157-4a4778c6ae25 stdio=stderr string_id=target-bigquery
2025-08-22T09:01:46.210288Z [info     ] Using thread-based parallelism cmd_type=elb consumer=True job_name=dev:tap-mysql-to-target-bigquery name=target-bigquery producer=False run_id=87aebf8a-be2b-4c00-b157-4a4778c6ae25 stdio=stderr string_id=target-bigquery
2025-08-22T09:01:46.210700Z [info     ] Target 'target-bigquery' is listening for input from tap. cmd_type=elb consumer=True job_name=dev:tap-mysql-to-target-bigquery name=target-bigquery producer=False run_id=87aebf8a-be2b-4c00-b157-4a4778c6ae25 stdio=stderr string_id=target-bigquery
2025-08-22T09:01:46.210879Z [info     ] Initializing 'target-bigquery' target sink... cmd_type=elb consumer=True job_name=dev:tap-mysql-to-target-bigquery name=target-bigquery producer=False run_id=87aebf8a-be2b-4c00-b157-4a4778c6ae25 stdio=stderr string_id=target-bigquery
2025-08-22T09:01:46.211090Z [info     ] Initializing target sink for stream 'bec-db-rds-olist_customers_dataset'... cmd_type=elb consumer=True job_name=dev:tap-mysql-to-target-bigquery name=target-bigquery producer=False run_id=87aebf8a-be2b-4c00-b157-4a4778c6ae25 stdio=stderr string_id=target-bigquery
2025-08-22T09:01:47.300658Z [info     ] Setting up bec-db-rds-olist_customers_dataset cmd_type=elb consumer=True job_name=dev:tap-mysql-to-target-bigquery name=target-bigquery producer=False run_id=87aebf8a-be2b-4c00-b157-4a4778c6ae25 stdio=stderr string_id=target-bigquery
2025-08-22T09:01:47.301058Z [info     ] ACTIVATE_VERSION message received but not implemented by this target. Ignoring. cmd_type=elb consumer=True job_name=dev:tap-mysql-to-target-bigquery name=target-bigquery producer=False run_id=87aebf8a-be2b-4c00-b157-4a4778c6ae25 stdio=stderr string_id=target-bigquery
2025-08-22T09:01:47.301330Z [info     ] Initializing 'target-bigquery' target sink... cmd_type=elb consumer=True job_name=dev:tap-mysql-to-target-bigquery name=target-bigquery producer=False run_id=87aebf8a-be2b-4c00-b157-4a4778c6ae25 stdio=stderr string_id=target-bigquery
2025-08-22T09:01:47.301501Z [info     ] Initializing target sink for stream 'bec-db-rds-olist_geolocation_dataset'... cmd_type=elb consumer=True job_name=dev:tap-mysql-to-target-bigquery name=target-bigquery producer=False run_id=87aebf8a-be2b-4c00-b157-4a4778c6ae25 stdio=stderr string_id=target-bigquery
2025-08-22T09:01:48.072289Z [info     ] Setting up bec-db-rds-olist_geolocation_dataset cmd_type=elb consumer=True job_name=dev:tap-mysql-to-target-bigquery name=target-bigquery producer=False run_id=87aebf8a-be2b-4c00-b157-4a4778c6ae25 stdio=stderr string_id=target-bigquery
2025-08-22T09:01:48.072593Z [info     ] ACTIVATE_VERSION message received but not implemented by this target. Ignoring. cmd_type=elb consumer=True job_name=dev:tap-mysql-to-target-bigquery name=target-bigquery producer=False run_id=87aebf8a-be2b-4c00-b157-4a4778c6ae25 stdio=stderr string_id=target-bigquery
2025-08-22T09:01:48.072831Z [info     ] Initializing 'target-bigquery' target sink... cmd_type=elb consumer=True job_name=dev:tap-mysql-to-target-bigquery name=target-bigquery producer=False run_id=87aebf8a-be2b-4c00-b157-4a4778c6ae25 stdio=stderr string_id=target-bigquery
2025-08-22T09:01:48.072993Z [info     ] Initializing target sink for stream 'bec-db-rds-olist_order_items_dataset'... cmd_type=elb consumer=True job_name=dev:tap-mysql-to-target-bigquery name=target-bigquery producer=False run_id=87aebf8a-be2b-4c00-b157-4a4778c6ae25 stdio=stderr string_id=target-bigquery
2025-08-22T09:01:48.900627Z [info     ] Setting up bec-db-rds-olist_order_items_dataset cmd_type=elb consumer=True job_name=dev:tap-mysql-to-target-bigquery name=target-bigquery producer=False run_id=87aebf8a-be2b-4c00-b157-4a4778c6ae25 stdio=stderr string_id=target-bigquery
2025-08-22T09:01:48.901092Z [info     ] ACTIVATE_VERSION message received but not implemented by this target. Ignoring. cmd_type=elb consumer=True job_name=dev:tap-mysql-to-target-bigquery name=target-bigquery producer=False run_id=87aebf8a-be2b-4c00-b157-4a4778c6ae25 stdio=stderr string_id=target-bigquery
2025-08-22T09:01:48.901577Z [info     ] Initializing 'target-bigquery' target sink... cmd_type=elb consumer=True job_name=dev:tap-mysql-to-target-bigquery name=target-bigquery producer=False run_id=87aebf8a-be2b-4c00-b157-4a4778c6ae25 stdio=stderr string_id=target-bigquery
2025-08-22T09:01:48.901897Z [info     ] Initializing target sink for stream 'bec-db-rds-olist_order_payments_dataset'... cmd_type=elb consumer=True job_name=dev:tap-mysql-to-target-bigquery name=target-bigquery producer=False run_id=87aebf8a-be2b-4c00-b157-4a4778c6ae25 stdio=stderr string_id=target-bigquery
2025-08-22T09:01:49.684804Z [info     ] Setting up bec-db-rds-olist_order_payments_dataset cmd_type=elb consumer=True job_name=dev:tap-mysql-to-target-bigquery name=target-bigquery producer=False run_id=87aebf8a-be2b-4c00-b157-4a4778c6ae25 stdio=stderr string_id=target-bigquery
2025-08-22T09:01:49.685222Z [info     ] ACTIVATE_VERSION message received but not implemented by this target. Ignoring. cmd_type=elb consumer=True job_name=dev:tap-mysql-to-target-bigquery name=target-bigquery producer=False run_id=87aebf8a-be2b-4c00-b157-4a4778c6ae25 stdio=stderr string_id=target-bigquery
2025-08-22T09:01:49.685501Z [info     ] Initializing 'target-bigquery' target sink... cmd_type=elb consumer=True job_name=dev:tap-mysql-to-target-bigquery name=target-bigquery producer=False run_id=87aebf8a-be2b-4c00-b157-4a4778c6ae25 stdio=stderr string_id=target-bigquery
2025-08-22T09:01:49.685732Z [info     ] Initializing target sink for stream 'bec-db-rds-olist_order_reviews_dataset'... cmd_type=elb consumer=True job_name=dev:tap-mysql-to-target-bigquery name=target-bigquery producer=False run_id=87aebf8a-be2b-4c00-b157-4a4778c6ae25 stdio=stderr string_id=target-bigquery
2025-08-22T09:01:50.439692Z [info     ] Setting up bec-db-rds-olist_order_reviews_dataset cmd_type=elb consumer=True job_name=dev:tap-mysql-to-target-bigquery name=target-bigquery producer=False run_id=87aebf8a-be2b-4c00-b157-4a4778c6ae25 stdio=stderr string_id=target-bigquery
2025-08-22T09:01:54.199111Z [info     ] ACTIVATE_VERSION message received but not implemented by this target. Ignoring. cmd_type=elb consumer=True job_name=dev:tap-mysql-to-target-bigquery name=target-bigquery producer=False run_id=87aebf8a-be2b-4c00-b157-4a4778c6ae25 stdio=stderr string_id=target-bigquery
2025-08-22T09:01:54.311540Z [info     ] Initializing 'target-bigquery' target sink... cmd_type=elb consumer=True job_name=dev:tap-mysql-to-target-bigquery name=target-bigquery producer=False run_id=87aebf8a-be2b-4c00-b157-4a4778c6ae25 stdio=stderr string_id=target-bigquery
2025-08-22T09:01:54.312090Z [info     ] Initializing target sink for stream 'bec-db-rds-olist_orders_dataset'... cmd_type=elb consumer=True job_name=dev:tap-mysql-to-target-bigquery name=target-bigquery producer=False run_id=87aebf8a-be2b-4c00-b157-4a4778c6ae25 stdio=stderr string_id=target-bigquery
2025-08-22T09:01:55.056716Z [info     ] Setting up bec-db-rds-olist_orders_dataset cmd_type=elb consumer=True job_name=dev:tap-mysql-to-target-bigquery name=target-bigquery producer=False run_id=87aebf8a-be2b-4c00-b157-4a4778c6ae25 stdio=stderr string_id=target-bigquery
2025-08-22T09:02:01.663246Z [info     ] ACTIVATE_VERSION message received but not implemented by this target. Ignoring. cmd_type=elb consumer=True job_name=dev:tap-mysql-to-target-bigquery name=target-bigquery producer=False run_id=87aebf8a-be2b-4c00-b157-4a4778c6ae25 stdio=stderr string_id=target-bigquery
2025-08-22T09:02:01.799633Z [info     ] Initializing 'target-bigquery' target sink... cmd_type=elb consumer=True job_name=dev:tap-mysql-to-target-bigquery name=target-bigquery producer=False run_id=87aebf8a-be2b-4c00-b157-4a4778c6ae25 stdio=stderr string_id=target-bigquery
2025-08-22T09:02:01.800073Z [info     ] Initializing target sink for stream 'bec-db-rds-olist_products_dataset'... cmd_type=elb consumer=True job_name=dev:tap-mysql-to-target-bigquery name=target-bigquery producer=False run_id=87aebf8a-be2b-4c00-b157-4a4778c6ae25 stdio=stderr string_id=target-bigquery
2025-08-22T09:02:02.596799Z [info     ] Setting up bec-db-rds-olist_products_dataset cmd_type=elb consumer=True job_name=dev:tap-mysql-to-target-bigquery name=target-bigquery producer=False run_id=87aebf8a-be2b-4c00-b157-4a4778c6ae25 stdio=stderr string_id=target-bigquery
2025-08-22T09:02:04.303727Z [info     ] ACTIVATE_VERSION message received but not implemented by this target. Ignoring. cmd_type=elb consumer=True job_name=dev:tap-mysql-to-target-bigquery name=target-bigquery producer=False run_id=87aebf8a-be2b-4c00-b157-4a4778c6ae25 stdio=stderr string_id=target-bigquery
2025-08-22T09:02:04.398012Z [info     ] Initializing 'target-bigquery' target sink... cmd_type=elb consumer=True job_name=dev:tap-mysql-to-target-bigquery name=target-bigquery producer=False run_id=87aebf8a-be2b-4c00-b157-4a4778c6ae25 stdio=stderr string_id=target-bigquery
2025-08-22T09:02:04.398489Z [info     ] Initializing target sink for stream 'bec-db-rds-olist_sellers_dataset'... cmd_type=elb consumer=True job_name=dev:tap-mysql-to-target-bigquery name=target-bigquery producer=False run_id=87aebf8a-be2b-4c00-b157-4a4778c6ae25 stdio=stderr string_id=target-bigquery
2025-08-22T09:02:05.244663Z [info     ] Setting up bec-db-rds-olist_sellers_dataset cmd_type=elb consumer=True job_name=dev:tap-mysql-to-target-bigquery name=target-bigquery producer=False run_id=87aebf8a-be2b-4c00-b157-4a4778c6ae25 stdio=stderr string_id=target-bigquery
2025-08-22T09:02:05.347477Z [info     ] ACTIVATE_VERSION message received but not implemented by this target. Ignoring. cmd_type=elb consumer=True job_name=dev:tap-mysql-to-target-bigquery name=target-bigquery producer=False run_id=87aebf8a-be2b-4c00-b157-4a4778c6ae25 stdio=stderr string_id=target-bigquery
2025-08-22T09:02:05.347788Z [info     ] Initializing 'target-bigquery' target sink... cmd_type=elb consumer=True job_name=dev:tap-mysql-to-target-bigquery name=target-bigquery producer=False run_id=87aebf8a-be2b-4c00-b157-4a4778c6ae25 stdio=stderr string_id=target-bigquery
2025-08-22T09:02:05.347935Z [info     ] Initializing target sink for stream 'bec-db-rds-product_category_name_translation'... cmd_type=elb consumer=True job_name=dev:tap-mysql-to-target-bigquery name=target-bigquery producer=False run_id=87aebf8a-be2b-4c00-b157-4a4778c6ae25 stdio=stderr string_id=target-bigquery
2025-08-22T09:02:06.113518Z [info     ] Setting up bec-db-rds-product_category_name_translation cmd_type=elb consumer=True job_name=dev:tap-mysql-to-target-bigquery name=target-bigquery producer=False run_id=87aebf8a-be2b-4c00-b157-4a4778c6ae25 stdio=stderr string_id=target-bigquery
2025-08-22T09:02:06.116808Z [info     ] ACTIVATE_VERSION message received but not implemented by this target. Ignoring. cmd_type=elb consumer=True job_name=dev:tap-mysql-to-target-bigquery name=target-bigquery producer=False run_id=87aebf8a-be2b-4c00-b157-4a4778c6ae25 stdio=stderr string_id=target-bigquery
2025-08-22T09:02:06.117331Z [info     ] Target 'target-bigquery' completed reading 235061 lines of input (234782 records, (0 batch manifests, 261 state messages). cmd_type=elb consumer=True job_name=dev:tap-mysql-to-target-bigquery name=target-bigquery producer=False run_id=87aebf8a-be2b-4c00-b157-4a4778c6ae25 stdio=stderr string_id=target-bigquery
2025-08-22T09:02:06.117920Z [info     ] Adding worker 341965e96d444c43890aee9936c8f093 cmd_type=elb consumer=True job_name=dev:tap-mysql-to-target-bigquery name=target-bigquery producer=False run_id=87aebf8a-be2b-4c00-b157-4a4778c6ae25 stdio=stderr string_id=target-bigquery
2025-08-22T09:02:54.799979Z [info     ] Cleaning up bec-db-rds-olist_customers_dataset cmd_type=elb consumer=True job_name=dev:tap-mysql-to-target-bigquery name=target-bigquery producer=False run_id=87aebf8a-be2b-4c00-b157-4a4778c6ae25 stdio=stderr string_id=target-bigquery
2025-08-22T09:02:54.801534Z [info     ] Cleaning up bec-db-rds-olist_geolocation_dataset cmd_type=elb consumer=True job_name=dev:tap-mysql-to-target-bigquery name=target-bigquery producer=False run_id=87aebf8a-be2b-4c00-b157-4a4778c6ae25 stdio=stderr string_id=target-bigquery
2025-08-22T09:02:54.802113Z [info     ] Cleaning up bec-db-rds-olist_order_items_dataset cmd_type=elb consumer=True job_name=dev:tap-mysql-to-target-bigquery name=target-bigquery producer=False run_id=87aebf8a-be2b-4c00-b157-4a4778c6ae25 stdio=stderr string_id=target-bigquery
2025-08-22T09:02:54.802348Z [info     ] Cleaning up bec-db-rds-olist_order_payments_dataset cmd_type=elb consumer=True job_name=dev:tap-mysql-to-target-bigquery name=target-bigquery producer=False run_id=87aebf8a-be2b-4c00-b157-4a4778c6ae25 stdio=stderr string_id=target-bigquery
2025-08-22T09:02:54.802800Z [info     ] Cleaning up bec-db-rds-olist_order_reviews_dataset cmd_type=elb consumer=True job_name=dev:tap-mysql-to-target-bigquery name=target-bigquery producer=False run_id=87aebf8a-be2b-4c00-b157-4a4778c6ae25 stdio=stderr string_id=target-bigquery
2025-08-22T09:02:54.803023Z [info     ] Cleaning up bec-db-rds-olist_orders_dataset cmd_type=elb consumer=True job_name=dev:tap-mysql-to-target-bigquery name=target-bigquery producer=False run_id=87aebf8a-be2b-4c00-b157-4a4778c6ae25 stdio=stderr string_id=target-bigquery
2025-08-22T09:02:54.803220Z [info     ] Cleaning up bec-db-rds-olist_products_dataset cmd_type=elb consumer=True job_name=dev:tap-mysql-to-target-bigquery name=target-bigquery producer=False run_id=87aebf8a-be2b-4c00-b157-4a4778c6ae25 stdio=stderr string_id=target-bigquery
2025-08-22T09:02:54.803409Z [info     ] Cleaning up bec-db-rds-olist_sellers_dataset cmd_type=elb consumer=True job_name=dev:tap-mysql-to-target-bigquery name=target-bigquery producer=False run_id=87aebf8a-be2b-4c00-b157-4a4778c6ae25 stdio=stderr string_id=target-bigquery
2025-08-22T09:02:54.803594Z [info     ] Cleaning up bec-db-rds-product_category_name_translation cmd_type=elb consumer=True job_name=dev:tap-mysql-to-target-bigquery name=target-bigquery producer=False run_id=87aebf8a-be2b-4c00-b157-4a4778c6ae25 stdio=stderr string_id=target-bigquery
2025-08-22T09:02:54.803789Z [info     ] Emitting completed target state {"currently_syncing": null, "bookmarks": {"bec-db-rds-olist_customers_dataset": {"initial_full_table_complete": true}, "bec-db-rds-olist_geolocation_dataset": {"initial_full_table_complete": true}, "bec-db-rds-olist_order_items_dataset": {"initial_full_table_complete": true}, "bec-db-rds-olist_order_payments_dataset": {"initial_full_table_complete": true}, "bec-db-rds-olist_order_reviews_dataset": {"initial_full_table_complete": true}, "bec-db-rds-olist_orders_dataset": {"initial_full_table_complete": true}, "bec-db-rds-olist_products_dataset": {"initial_full_table_complete": true}, "bec-db-rds-olist_sellers_dataset": {"initial_full_table_complete": true}, "bec-db-rds-product_category_name_translation": {"initial_full_table_complete": true}}} cmd_type=elb consumer=True job_name=dev:tap-mysql-to-target-bigquery name=target-bigquery producer=False run_id=87aebf8a-be2b-4c00-b157-4a4778c6ae25 stdio=stderr string_id=target-bigquery
2025-08-22T09:02:54.814044Z [info     ] Using systemdb state backend
2025-08-22T09:02:54.820459Z [info     ] Incremental state has been updated at 2025-08-22 09:02:54.820410+00:00.
2025-08-22T09:02:55.002431Z [info     ] Block run completed.           block_type=ExtractLoadBlocks err=None set_number=0 success=True
