2025-08-22T10:08:10.156947Z [info     ] Using systemdb state backend
2025-08-22T10:08:10.619662Z [info     ] /Applications/RF/NTU/SCTP in DSAI/s3-rds-bq-dagster/bec-meltano/.meltano/loaders/target-bigquery/venv/lib/python3.11/site-packages/fs/__init__.py:4: UserWarning: pkg_resources is deprecated as an API. See https://setuptools.pypa.io/en/latest/pkg_resources.html. The pkg_resources package is slated for removal as early as 2025-11-30. Refrain from using this package or pin to Setuptools<81. cmd_type=elb consumer=True job_name=dev:tap-mysql-to-target-bigquery name=target-bigquery producer=False run_id=37907673-1942-4f30-98c4-e53e974eb37e stdio=stderr string_id=target-bigquery
2025-08-22T10:08:10.620133Z [info     ]   __import__("pkg_resources").declare_namespace(__name__)  # type: ignore cmd_type=elb consumer=True job_name=dev:tap-mysql-to-target-bigquery name=target-bigquery producer=False run_id=37907673-1942-4f30-98c4-e53e974eb37e stdio=stderr string_id=target-bigquery
2025-08-22T10:08:11.713719Z [info     ] Using thread-based parallelism cmd_type=elb consumer=True job_name=dev:tap-mysql-to-target-bigquery name=target-bigquery producer=False run_id=37907673-1942-4f30-98c4-e53e974eb37e stdio=stderr string_id=target-bigquery
2025-08-22T10:08:11.714094Z [info     ] Target 'target-bigquery' is listening for input from tap. cmd_type=elb consumer=True job_name=dev:tap-mysql-to-target-bigquery name=target-bigquery producer=False run_id=37907673-1942-4f30-98c4-e53e974eb37e stdio=stderr string_id=target-bigquery
2025-08-22T10:08:11.714281Z [info     ] Initializing 'target-bigquery' target sink... cmd_type=elb consumer=True job_name=dev:tap-mysql-to-target-bigquery name=target-bigquery producer=False run_id=37907673-1942-4f30-98c4-e53e974eb37e stdio=stderr string_id=target-bigquery
2025-08-22T10:08:11.714452Z [info     ] Initializing target sink for stream 'bec-db-rds-olist_customers_dataset'... cmd_type=elb consumer=True job_name=dev:tap-mysql-to-target-bigquery name=target-bigquery producer=False run_id=37907673-1942-4f30-98c4-e53e974eb37e stdio=stderr string_id=target-bigquery
2025-08-22T10:08:12.707918Z [info     ] Setting up bec-db-rds-olist_customers_dataset cmd_type=elb consumer=True job_name=dev:tap-mysql-to-target-bigquery name=target-bigquery producer=False run_id=37907673-1942-4f30-98c4-e53e974eb37e stdio=stderr string_id=target-bigquery
2025-08-22T10:08:12.708269Z [info     ] ACTIVATE_VERSION message received but not implemented by this target. Ignoring. cmd_type=elb consumer=True job_name=dev:tap-mysql-to-target-bigquery name=target-bigquery producer=False run_id=37907673-1942-4f30-98c4-e53e974eb37e stdio=stderr string_id=target-bigquery
2025-08-22T10:08:12.708507Z [info     ] Initializing 'target-bigquery' target sink... cmd_type=elb consumer=True job_name=dev:tap-mysql-to-target-bigquery name=target-bigquery producer=False run_id=37907673-1942-4f30-98c4-e53e974eb37e stdio=stderr string_id=target-bigquery
2025-08-22T10:08:12.708658Z [info     ] Initializing target sink for stream 'bec-db-rds-olist_geolocation_dataset'... cmd_type=elb consumer=True job_name=dev:tap-mysql-to-target-bigquery name=target-bigquery producer=False run_id=37907673-1942-4f30-98c4-e53e974eb37e stdio=stderr string_id=target-bigquery
2025-08-22T10:08:13.475075Z [info     ] Setting up bec-db-rds-olist_geolocation_dataset cmd_type=elb consumer=True job_name=dev:tap-mysql-to-target-bigquery name=target-bigquery producer=False run_id=37907673-1942-4f30-98c4-e53e974eb37e stdio=stderr string_id=target-bigquery
2025-08-22T10:08:13.475471Z [info     ] ACTIVATE_VERSION message received but not implemented by this target. Ignoring. cmd_type=elb consumer=True job_name=dev:tap-mysql-to-target-bigquery name=target-bigquery producer=False run_id=37907673-1942-4f30-98c4-e53e974eb37e stdio=stderr string_id=target-bigquery
2025-08-22T10:08:13.475728Z [info     ] Initializing 'target-bigquery' target sink... cmd_type=elb consumer=True job_name=dev:tap-mysql-to-target-bigquery name=target-bigquery producer=False run_id=37907673-1942-4f30-98c4-e53e974eb37e stdio=stderr string_id=target-bigquery
2025-08-22T10:08:13.475965Z [info     ] Initializing target sink for stream 'bec-db-rds-olist_order_items_dataset'... cmd_type=elb consumer=True job_name=dev:tap-mysql-to-target-bigquery name=target-bigquery producer=False run_id=37907673-1942-4f30-98c4-e53e974eb37e stdio=stderr string_id=target-bigquery
2025-08-22T10:08:14.199492Z [info     ] Setting up bec-db-rds-olist_order_items_dataset cmd_type=elb consumer=True job_name=dev:tap-mysql-to-target-bigquery name=target-bigquery producer=False run_id=37907673-1942-4f30-98c4-e53e974eb37e stdio=stderr string_id=target-bigquery
2025-08-22T10:08:14.199825Z [info     ] ACTIVATE_VERSION message received but not implemented by this target. Ignoring. cmd_type=elb consumer=True job_name=dev:tap-mysql-to-target-bigquery name=target-bigquery producer=False run_id=37907673-1942-4f30-98c4-e53e974eb37e stdio=stderr string_id=target-bigquery
2025-08-22T10:08:14.200070Z [info     ] Initializing 'target-bigquery' target sink... cmd_type=elb consumer=True job_name=dev:tap-mysql-to-target-bigquery name=target-bigquery producer=False run_id=37907673-1942-4f30-98c4-e53e974eb37e stdio=stderr string_id=target-bigquery
2025-08-22T10:08:14.200217Z [info     ] Initializing target sink for stream 'bec-db-rds-olist_order_payments_dataset'... cmd_type=elb consumer=True job_name=dev:tap-mysql-to-target-bigquery name=target-bigquery producer=False run_id=37907673-1942-4f30-98c4-e53e974eb37e stdio=stderr string_id=target-bigquery
2025-08-22T10:08:14.882408Z [info     ] Setting up bec-db-rds-olist_order_payments_dataset cmd_type=elb consumer=True job_name=dev:tap-mysql-to-target-bigquery name=target-bigquery producer=False run_id=37907673-1942-4f30-98c4-e53e974eb37e stdio=stderr string_id=target-bigquery
2025-08-22T10:08:14.882709Z [info     ] ACTIVATE_VERSION message received but not implemented by this target. Ignoring. cmd_type=elb consumer=True job_name=dev:tap-mysql-to-target-bigquery name=target-bigquery producer=False run_id=37907673-1942-4f30-98c4-e53e974eb37e stdio=stderr string_id=target-bigquery
2025-08-22T10:08:14.882920Z [info     ] Initializing 'target-bigquery' target sink... cmd_type=elb consumer=True job_name=dev:tap-mysql-to-target-bigquery name=target-bigquery producer=False run_id=37907673-1942-4f30-98c4-e53e974eb37e stdio=stderr string_id=target-bigquery
2025-08-22T10:08:14.883121Z [info     ] Initializing target sink for stream 'bec-db-rds-olist_order_reviews_dataset'... cmd_type=elb consumer=True job_name=dev:tap-mysql-to-target-bigquery name=target-bigquery producer=False run_id=37907673-1942-4f30-98c4-e53e974eb37e stdio=stderr string_id=target-bigquery
2025-08-22T10:08:15.624055Z [info     ] Setting up bec-db-rds-olist_order_reviews_dataset cmd_type=elb consumer=True job_name=dev:tap-mysql-to-target-bigquery name=target-bigquery producer=False run_id=37907673-1942-4f30-98c4-e53e974eb37e stdio=stderr string_id=target-bigquery
2025-08-22T10:08:20.412696Z [info     ] ACTIVATE_VERSION message received but not implemented by this target. Ignoring. cmd_type=elb consumer=True job_name=dev:tap-mysql-to-target-bigquery name=target-bigquery producer=False run_id=37907673-1942-4f30-98c4-e53e974eb37e stdio=stderr string_id=target-bigquery
2025-08-22T10:08:20.594217Z [info     ] Initializing 'target-bigquery' target sink... cmd_type=elb consumer=True job_name=dev:tap-mysql-to-target-bigquery name=target-bigquery producer=False run_id=37907673-1942-4f30-98c4-e53e974eb37e stdio=stderr string_id=target-bigquery
2025-08-22T10:08:20.594764Z [info     ] Initializing target sink for stream 'bec-db-rds-olist_orders_dataset'... cmd_type=elb consumer=True job_name=dev:tap-mysql-to-target-bigquery name=target-bigquery producer=False run_id=37907673-1942-4f30-98c4-e53e974eb37e stdio=stderr string_id=target-bigquery
2025-08-22T10:08:21.314261Z [info     ] Setting up bec-db-rds-olist_orders_dataset cmd_type=elb consumer=True job_name=dev:tap-mysql-to-target-bigquery name=target-bigquery producer=False run_id=37907673-1942-4f30-98c4-e53e974eb37e stdio=stderr string_id=target-bigquery
2025-08-22T10:08:27.640579Z [info     ] ACTIVATE_VERSION message received but not implemented by this target. Ignoring. cmd_type=elb consumer=True job_name=dev:tap-mysql-to-target-bigquery name=target-bigquery producer=False run_id=37907673-1942-4f30-98c4-e53e974eb37e stdio=stderr string_id=target-bigquery
2025-08-22T10:08:28.942114Z [info     ] Initializing 'target-bigquery' target sink... cmd_type=elb consumer=True job_name=dev:tap-mysql-to-target-bigquery name=target-bigquery producer=False run_id=37907673-1942-4f30-98c4-e53e974eb37e stdio=stderr string_id=target-bigquery
2025-08-22T10:08:28.942681Z [info     ] Initializing target sink for stream 'bec-db-rds-olist_products_dataset'... cmd_type=elb consumer=True job_name=dev:tap-mysql-to-target-bigquery name=target-bigquery producer=False run_id=37907673-1942-4f30-98c4-e53e974eb37e stdio=stderr string_id=target-bigquery
2025-08-22T10:08:29.674017Z [info     ] Setting up bec-db-rds-olist_products_dataset cmd_type=elb consumer=True job_name=dev:tap-mysql-to-target-bigquery name=target-bigquery producer=False run_id=37907673-1942-4f30-98c4-e53e974eb37e stdio=stderr string_id=target-bigquery
2025-08-22T10:08:31.558942Z [info     ] ACTIVATE_VERSION message received but not implemented by this target. Ignoring. cmd_type=elb consumer=True job_name=dev:tap-mysql-to-target-bigquery name=target-bigquery producer=False run_id=37907673-1942-4f30-98c4-e53e974eb37e stdio=stderr string_id=target-bigquery
2025-08-22T10:08:31.678571Z [info     ] Initializing 'target-bigquery' target sink... cmd_type=elb consumer=True job_name=dev:tap-mysql-to-target-bigquery name=target-bigquery producer=False run_id=37907673-1942-4f30-98c4-e53e974eb37e stdio=stderr string_id=target-bigquery
2025-08-22T10:08:31.678998Z [info     ] Initializing target sink for stream 'bec-db-rds-olist_sellers_dataset'... cmd_type=elb consumer=True job_name=dev:tap-mysql-to-target-bigquery name=target-bigquery producer=False run_id=37907673-1942-4f30-98c4-e53e974eb37e stdio=stderr string_id=target-bigquery
2025-08-22T10:08:32.375971Z [info     ] Setting up bec-db-rds-olist_sellers_dataset cmd_type=elb consumer=True job_name=dev:tap-mysql-to-target-bigquery name=target-bigquery producer=False run_id=37907673-1942-4f30-98c4-e53e974eb37e stdio=stderr string_id=target-bigquery
2025-08-22T10:08:32.482442Z [info     ] ACTIVATE_VERSION message received but not implemented by this target. Ignoring. cmd_type=elb consumer=True job_name=dev:tap-mysql-to-target-bigquery name=target-bigquery producer=False run_id=37907673-1942-4f30-98c4-e53e974eb37e stdio=stderr string_id=target-bigquery
2025-08-22T10:08:32.482722Z [info     ] Initializing 'target-bigquery' target sink... cmd_type=elb consumer=True job_name=dev:tap-mysql-to-target-bigquery name=target-bigquery producer=False run_id=37907673-1942-4f30-98c4-e53e974eb37e stdio=stderr string_id=target-bigquery
2025-08-22T10:08:32.482874Z [info     ] Initializing target sink for stream 'bec-db-rds-product_category_name_translation'... cmd_type=elb consumer=True job_name=dev:tap-mysql-to-target-bigquery name=target-bigquery producer=False run_id=37907673-1942-4f30-98c4-e53e974eb37e stdio=stderr string_id=target-bigquery
2025-08-22T10:08:33.305291Z [info     ] Setting up bec-db-rds-product_category_name_translation cmd_type=elb consumer=True job_name=dev:tap-mysql-to-target-bigquery name=target-bigquery producer=False run_id=37907673-1942-4f30-98c4-e53e974eb37e stdio=stderr string_id=target-bigquery
2025-08-22T10:08:33.308010Z [info     ] ACTIVATE_VERSION message received but not implemented by this target. Ignoring. cmd_type=elb consumer=True job_name=dev:tap-mysql-to-target-bigquery name=target-bigquery producer=False run_id=37907673-1942-4f30-98c4-e53e974eb37e stdio=stderr string_id=target-bigquery
2025-08-22T10:08:33.308254Z [info     ] Target 'target-bigquery' completed reading 235061 lines of input (234782 records, (0 batch manifests, 261 state messages). cmd_type=elb consumer=True job_name=dev:tap-mysql-to-target-bigquery name=target-bigquery producer=False run_id=37907673-1942-4f30-98c4-e53e974eb37e stdio=stderr string_id=target-bigquery
2025-08-22T10:08:33.308923Z [info     ] Adding worker 8d19595fd90e4a8b97ca23bace450fa9 cmd_type=elb consumer=True job_name=dev:tap-mysql-to-target-bigquery name=target-bigquery producer=False run_id=37907673-1942-4f30-98c4-e53e974eb37e stdio=stderr string_id=target-bigquery
2025-08-22T10:09:18.455549Z [info     ] Cleaning up bec-db-rds-olist_customers_dataset cmd_type=elb consumer=True job_name=dev:tap-mysql-to-target-bigquery name=target-bigquery producer=False run_id=37907673-1942-4f30-98c4-e53e974eb37e stdio=stderr string_id=target-bigquery
2025-08-22T10:09:18.456290Z [info     ] Cleaning up bec-db-rds-olist_geolocation_dataset cmd_type=elb consumer=True job_name=dev:tap-mysql-to-target-bigquery name=target-bigquery producer=False run_id=37907673-1942-4f30-98c4-e53e974eb37e stdio=stderr string_id=target-bigquery
2025-08-22T10:09:18.456606Z [info     ] Cleaning up bec-db-rds-olist_order_items_dataset cmd_type=elb consumer=True job_name=dev:tap-mysql-to-target-bigquery name=target-bigquery producer=False run_id=37907673-1942-4f30-98c4-e53e974eb37e stdio=stderr string_id=target-bigquery
2025-08-22T10:09:18.456844Z [info     ] Cleaning up bec-db-rds-olist_order_payments_dataset cmd_type=elb consumer=True job_name=dev:tap-mysql-to-target-bigquery name=target-bigquery producer=False run_id=37907673-1942-4f30-98c4-e53e974eb37e stdio=stderr string_id=target-bigquery
2025-08-22T10:09:18.457123Z [info     ] Cleaning up bec-db-rds-olist_order_reviews_dataset cmd_type=elb consumer=True job_name=dev:tap-mysql-to-target-bigquery name=target-bigquery producer=False run_id=37907673-1942-4f30-98c4-e53e974eb37e stdio=stderr string_id=target-bigquery
2025-08-22T10:09:18.457350Z [info     ] Cleaning up bec-db-rds-olist_orders_dataset cmd_type=elb consumer=True job_name=dev:tap-mysql-to-target-bigquery name=target-bigquery producer=False run_id=37907673-1942-4f30-98c4-e53e974eb37e stdio=stderr string_id=target-bigquery
2025-08-22T10:09:18.457563Z [info     ] Cleaning up bec-db-rds-olist_products_dataset cmd_type=elb consumer=True job_name=dev:tap-mysql-to-target-bigquery name=target-bigquery producer=False run_id=37907673-1942-4f30-98c4-e53e974eb37e stdio=stderr string_id=target-bigquery
2025-08-22T10:09:18.457771Z [info     ] Cleaning up bec-db-rds-olist_sellers_dataset cmd_type=elb consumer=True job_name=dev:tap-mysql-to-target-bigquery name=target-bigquery producer=False run_id=37907673-1942-4f30-98c4-e53e974eb37e stdio=stderr string_id=target-bigquery
2025-08-22T10:09:18.457978Z [info     ] Cleaning up bec-db-rds-product_category_name_translation cmd_type=elb consumer=True job_name=dev:tap-mysql-to-target-bigquery name=target-bigquery producer=False run_id=37907673-1942-4f30-98c4-e53e974eb37e stdio=stderr string_id=target-bigquery
2025-08-22T10:09:18.458187Z [info     ] Emitting completed target state {"currently_syncing": null, "bookmarks": {"bec-db-rds-olist_customers_dataset": {"initial_full_table_complete": true}, "bec-db-rds-olist_geolocation_dataset": {"initial_full_table_complete": true}, "bec-db-rds-olist_order_items_dataset": {"initial_full_table_complete": true}, "bec-db-rds-olist_order_payments_dataset": {"initial_full_table_complete": true}, "bec-db-rds-olist_order_reviews_dataset": {"initial_full_table_complete": true}, "bec-db-rds-olist_orders_dataset": {"initial_full_table_complete": true}, "bec-db-rds-olist_products_dataset": {"initial_full_table_complete": true}, "bec-db-rds-olist_sellers_dataset": {"initial_full_table_complete": true}, "bec-db-rds-product_category_name_translation": {"initial_full_table_complete": true}}} cmd_type=elb consumer=True job_name=dev:tap-mysql-to-target-bigquery name=target-bigquery producer=False run_id=37907673-1942-4f30-98c4-e53e974eb37e stdio=stderr string_id=target-bigquery
2025-08-22T10:09:18.467218Z [info     ] Using systemdb state backend
2025-08-22T10:09:18.472347Z [info     ] Incremental state has been updated at 2025-08-22 10:09:18.472316+00:00.
2025-08-22T10:09:18.641402Z [info     ] Block run completed.           block_type=ExtractLoadBlocks err=None set_number=0 success=True
