2025-08-22T09:28:23.118630Z [info     ] Using systemdb state backend
2025-08-22T09:28:23.603243Z [info     ] /Applications/RF/NTU/SCTP in DSAI/s3-rds-bq-dagster/bec-meltano/.meltano/loaders/target-bigquery/venv/lib/python3.11/site-packages/fs/__init__.py:4: UserWarning: pkg_resources is deprecated as an API. See https://setuptools.pypa.io/en/latest/pkg_resources.html. The pkg_resources package is slated for removal as early as 2025-11-30. Refrain from using this package or pin to Setuptools<81. cmd_type=elb consumer=True job_name=dev:tap-mysql-to-target-bigquery name=target-bigquery producer=False run_id=273a130e-e59a-4688-8ea5-7838eac330b8 stdio=stderr string_id=target-bigquery
2025-08-22T09:28:23.603745Z [info     ]   __import__("pkg_resources").declare_namespace(__name__)  # type: ignore cmd_type=elb consumer=True job_name=dev:tap-mysql-to-target-bigquery name=target-bigquery producer=False run_id=273a130e-e59a-4688-8ea5-7838eac330b8 stdio=stderr string_id=target-bigquery
2025-08-22T09:28:24.615576Z [info     ] Using thread-based parallelism cmd_type=elb consumer=True job_name=dev:tap-mysql-to-target-bigquery name=target-bigquery producer=False run_id=273a130e-e59a-4688-8ea5-7838eac330b8 stdio=stderr string_id=target-bigquery
2025-08-22T09:28:24.616077Z [info     ] Target 'target-bigquery' is listening for input from tap. cmd_type=elb consumer=True job_name=dev:tap-mysql-to-target-bigquery name=target-bigquery producer=False run_id=273a130e-e59a-4688-8ea5-7838eac330b8 stdio=stderr string_id=target-bigquery
2025-08-22T09:28:24.616315Z [info     ] Initializing 'target-bigquery' target sink... cmd_type=elb consumer=True job_name=dev:tap-mysql-to-target-bigquery name=target-bigquery producer=False run_id=273a130e-e59a-4688-8ea5-7838eac330b8 stdio=stderr string_id=target-bigquery
2025-08-22T09:28:24.616487Z [info     ] Initializing target sink for stream 'bec-db-rds-olist_customers_dataset'... cmd_type=elb consumer=True job_name=dev:tap-mysql-to-target-bigquery name=target-bigquery producer=False run_id=273a130e-e59a-4688-8ea5-7838eac330b8 stdio=stderr string_id=target-bigquery
2025-08-22T09:28:25.549669Z [info     ] Setting up bec-db-rds-olist_customers_dataset cmd_type=elb consumer=True job_name=dev:tap-mysql-to-target-bigquery name=target-bigquery producer=False run_id=273a130e-e59a-4688-8ea5-7838eac330b8 stdio=stderr string_id=target-bigquery
2025-08-22T09:28:25.550028Z [info     ] ACTIVATE_VERSION message received but not implemented by this target. Ignoring. cmd_type=elb consumer=True job_name=dev:tap-mysql-to-target-bigquery name=target-bigquery producer=False run_id=273a130e-e59a-4688-8ea5-7838eac330b8 stdio=stderr string_id=target-bigquery
2025-08-22T09:28:25.550330Z [info     ] Initializing 'target-bigquery' target sink... cmd_type=elb consumer=True job_name=dev:tap-mysql-to-target-bigquery name=target-bigquery producer=False run_id=273a130e-e59a-4688-8ea5-7838eac330b8 stdio=stderr string_id=target-bigquery
2025-08-22T09:28:25.550511Z [info     ] Initializing target sink for stream 'bec-db-rds-olist_geolocation_dataset'... cmd_type=elb consumer=True job_name=dev:tap-mysql-to-target-bigquery name=target-bigquery producer=False run_id=273a130e-e59a-4688-8ea5-7838eac330b8 stdio=stderr string_id=target-bigquery
2025-08-22T09:28:26.321489Z [info     ] Setting up bec-db-rds-olist_geolocation_dataset cmd_type=elb consumer=True job_name=dev:tap-mysql-to-target-bigquery name=target-bigquery producer=False run_id=273a130e-e59a-4688-8ea5-7838eac330b8 stdio=stderr string_id=target-bigquery
2025-08-22T09:28:26.321898Z [info     ] ACTIVATE_VERSION message received but not implemented by this target. Ignoring. cmd_type=elb consumer=True job_name=dev:tap-mysql-to-target-bigquery name=target-bigquery producer=False run_id=273a130e-e59a-4688-8ea5-7838eac330b8 stdio=stderr string_id=target-bigquery
2025-08-22T09:28:26.322143Z [info     ] Initializing 'target-bigquery' target sink... cmd_type=elb consumer=True job_name=dev:tap-mysql-to-target-bigquery name=target-bigquery producer=False run_id=273a130e-e59a-4688-8ea5-7838eac330b8 stdio=stderr string_id=target-bigquery
2025-08-22T09:28:26.322312Z [info     ] Initializing target sink for stream 'bec-db-rds-olist_order_items_dataset'... cmd_type=elb consumer=True job_name=dev:tap-mysql-to-target-bigquery name=target-bigquery producer=False run_id=273a130e-e59a-4688-8ea5-7838eac330b8 stdio=stderr string_id=target-bigquery
2025-08-22T09:28:27.045773Z [info     ] Setting up bec-db-rds-olist_order_items_dataset cmd_type=elb consumer=True job_name=dev:tap-mysql-to-target-bigquery name=target-bigquery producer=False run_id=273a130e-e59a-4688-8ea5-7838eac330b8 stdio=stderr string_id=target-bigquery
2025-08-22T09:28:27.046144Z [info     ] ACTIVATE_VERSION message received but not implemented by this target. Ignoring. cmd_type=elb consumer=True job_name=dev:tap-mysql-to-target-bigquery name=target-bigquery producer=False run_id=273a130e-e59a-4688-8ea5-7838eac330b8 stdio=stderr string_id=target-bigquery
2025-08-22T09:28:27.046405Z [info     ] Initializing 'target-bigquery' target sink... cmd_type=elb consumer=True job_name=dev:tap-mysql-to-target-bigquery name=target-bigquery producer=False run_id=273a130e-e59a-4688-8ea5-7838eac330b8 stdio=stderr string_id=target-bigquery
2025-08-22T09:28:27.046568Z [info     ] Initializing target sink for stream 'bec-db-rds-olist_order_payments_dataset'... cmd_type=elb consumer=True job_name=dev:tap-mysql-to-target-bigquery name=target-bigquery producer=False run_id=273a130e-e59a-4688-8ea5-7838eac330b8 stdio=stderr string_id=target-bigquery
2025-08-22T09:28:27.741649Z [info     ] Setting up bec-db-rds-olist_order_payments_dataset cmd_type=elb consumer=True job_name=dev:tap-mysql-to-target-bigquery name=target-bigquery producer=False run_id=273a130e-e59a-4688-8ea5-7838eac330b8 stdio=stderr string_id=target-bigquery
2025-08-22T09:28:27.742161Z [info     ] ACTIVATE_VERSION message received but not implemented by this target. Ignoring. cmd_type=elb consumer=True job_name=dev:tap-mysql-to-target-bigquery name=target-bigquery producer=False run_id=273a130e-e59a-4688-8ea5-7838eac330b8 stdio=stderr string_id=target-bigquery
2025-08-22T09:28:27.742558Z [info     ] Initializing 'target-bigquery' target sink... cmd_type=elb consumer=True job_name=dev:tap-mysql-to-target-bigquery name=target-bigquery producer=False run_id=273a130e-e59a-4688-8ea5-7838eac330b8 stdio=stderr string_id=target-bigquery
2025-08-22T09:28:27.742784Z [info     ] Initializing target sink for stream 'bec-db-rds-olist_order_reviews_dataset'... cmd_type=elb consumer=True job_name=dev:tap-mysql-to-target-bigquery name=target-bigquery producer=False run_id=273a130e-e59a-4688-8ea5-7838eac330b8 stdio=stderr string_id=target-bigquery
2025-08-22T09:28:28.477261Z [info     ] Setting up bec-db-rds-olist_order_reviews_dataset cmd_type=elb consumer=True job_name=dev:tap-mysql-to-target-bigquery name=target-bigquery producer=False run_id=273a130e-e59a-4688-8ea5-7838eac330b8 stdio=stderr string_id=target-bigquery
2025-08-22T09:28:31.377053Z [info     ]                                cmd_type=elb consumer=True job_name=dev:tap-mysql-to-target-bigquery name=target-bigquery producer=False run_id=273a130e-e59a-4688-8ea5-7838eac330b8 stdio=stderr string_id=target-bigquery
2025-08-22T09:28:31.377387Z [info     ] Aborted!                       cmd_type=elb consumer=True job_name=dev:tap-mysql-to-target-bigquery name=target-bigquery producer=False run_id=273a130e-e59a-4688-8ea5-7838eac330b8 stdio=stderr string_id=target-bigquery
2025-08-22T09:28:31.497238Z [warning  ] Loop <_UnixSelectorEventLoop running=False closed=True debug=False> that handles pid 94933 is closed
2025-08-22T09:28:31.575550Z [warning  ] Loop <_UnixSelectorEventLoop running=False closed=True debug=False> that handles pid 94934 is closed
