2025-08-22T09:34:34.817041Z [info     ] Using systemdb state backend
2025-08-22T09:34:35.223167Z [info     ] /Applications/RF/NTU/SCTP in DSAI/s3-rds-bq-dagster/bec-meltano/.meltano/loaders/target-bigquery/venv/lib/python3.11/site-packages/fs/__init__.py:4: UserWarning: pkg_resources is deprecated as an API. See https://setuptools.pypa.io/en/latest/pkg_resources.html. The pkg_resources package is slated for removal as early as 2025-11-30. Refrain from using this package or pin to Setuptools<81. cmd_type=elb consumer=True job_name=dev:tap-mysql-to-target-bigquery name=target-bigquery producer=False run_id=3970e97e-a1e7-40bd-966d-a75dc18d9309 stdio=stderr string_id=target-bigquery
2025-08-22T09:34:35.223697Z [info     ]   __import__("pkg_resources").declare_namespace(__name__)  # type: ignore cmd_type=elb consumer=True job_name=dev:tap-mysql-to-target-bigquery name=target-bigquery producer=False run_id=3970e97e-a1e7-40bd-966d-a75dc18d9309 stdio=stderr string_id=target-bigquery
2025-08-22T09:34:35.868881Z [info     ] Using thread-based parallelism cmd_type=elb consumer=True job_name=dev:tap-mysql-to-target-bigquery name=target-bigquery producer=False run_id=3970e97e-a1e7-40bd-966d-a75dc18d9309 stdio=stderr string_id=target-bigquery
2025-08-22T09:34:35.869319Z [info     ] Target 'target-bigquery' is listening for input from tap. cmd_type=elb consumer=True job_name=dev:tap-mysql-to-target-bigquery name=target-bigquery producer=False run_id=3970e97e-a1e7-40bd-966d-a75dc18d9309 stdio=stderr string_id=target-bigquery
2025-08-22T09:34:35.869540Z [info     ] Initializing 'target-bigquery' target sink... cmd_type=elb consumer=True job_name=dev:tap-mysql-to-target-bigquery name=target-bigquery producer=False run_id=3970e97e-a1e7-40bd-966d-a75dc18d9309 stdio=stderr string_id=target-bigquery
2025-08-22T09:34:35.869711Z [info     ] Initializing target sink for stream 'bec-db-rds-olist_customers_dataset'... cmd_type=elb consumer=True job_name=dev:tap-mysql-to-target-bigquery name=target-bigquery producer=False run_id=3970e97e-a1e7-40bd-966d-a75dc18d9309 stdio=stderr string_id=target-bigquery
2025-08-22T09:34:36.945474Z [info     ] Setting up bec-db-rds-olist_customers_dataset cmd_type=elb consumer=True job_name=dev:tap-mysql-to-target-bigquery name=target-bigquery producer=False run_id=3970e97e-a1e7-40bd-966d-a75dc18d9309 stdio=stderr string_id=target-bigquery
2025-08-22T09:34:36.945890Z [info     ] ACTIVATE_VERSION message received but not implemented by this target. Ignoring. cmd_type=elb consumer=True job_name=dev:tap-mysql-to-target-bigquery name=target-bigquery producer=False run_id=3970e97e-a1e7-40bd-966d-a75dc18d9309 stdio=stderr string_id=target-bigquery
2025-08-22T09:34:36.946115Z [info     ] Initializing 'target-bigquery' target sink... cmd_type=elb consumer=True job_name=dev:tap-mysql-to-target-bigquery name=target-bigquery producer=False run_id=3970e97e-a1e7-40bd-966d-a75dc18d9309 stdio=stderr string_id=target-bigquery
2025-08-22T09:34:36.946385Z [info     ] Initializing target sink for stream 'bec-db-rds-olist_geolocation_dataset'... cmd_type=elb consumer=True job_name=dev:tap-mysql-to-target-bigquery name=target-bigquery producer=False run_id=3970e97e-a1e7-40bd-966d-a75dc18d9309 stdio=stderr string_id=target-bigquery
2025-08-22T09:34:37.728843Z [info     ] Setting up bec-db-rds-olist_geolocation_dataset cmd_type=elb consumer=True job_name=dev:tap-mysql-to-target-bigquery name=target-bigquery producer=False run_id=3970e97e-a1e7-40bd-966d-a75dc18d9309 stdio=stderr string_id=target-bigquery
2025-08-22T09:34:37.729279Z [info     ] ACTIVATE_VERSION message received but not implemented by this target. Ignoring. cmd_type=elb consumer=True job_name=dev:tap-mysql-to-target-bigquery name=target-bigquery producer=False run_id=3970e97e-a1e7-40bd-966d-a75dc18d9309 stdio=stderr string_id=target-bigquery
2025-08-22T09:34:37.729597Z [info     ] Initializing 'target-bigquery' target sink... cmd_type=elb consumer=True job_name=dev:tap-mysql-to-target-bigquery name=target-bigquery producer=False run_id=3970e97e-a1e7-40bd-966d-a75dc18d9309 stdio=stderr string_id=target-bigquery
2025-08-22T09:34:37.729815Z [info     ] Initializing target sink for stream 'bec-db-rds-olist_order_items_dataset'... cmd_type=elb consumer=True job_name=dev:tap-mysql-to-target-bigquery name=target-bigquery producer=False run_id=3970e97e-a1e7-40bd-966d-a75dc18d9309 stdio=stderr string_id=target-bigquery
2025-08-22T09:34:38.549888Z [info     ] Setting up bec-db-rds-olist_order_items_dataset cmd_type=elb consumer=True job_name=dev:tap-mysql-to-target-bigquery name=target-bigquery producer=False run_id=3970e97e-a1e7-40bd-966d-a75dc18d9309 stdio=stderr string_id=target-bigquery
2025-08-22T09:34:38.550553Z [info     ] ACTIVATE_VERSION message received but not implemented by this target. Ignoring. cmd_type=elb consumer=True job_name=dev:tap-mysql-to-target-bigquery name=target-bigquery producer=False run_id=3970e97e-a1e7-40bd-966d-a75dc18d9309 stdio=stderr string_id=target-bigquery
2025-08-22T09:34:38.552276Z [info     ] Initializing 'target-bigquery' target sink... cmd_type=elb consumer=True job_name=dev:tap-mysql-to-target-bigquery name=target-bigquery producer=False run_id=3970e97e-a1e7-40bd-966d-a75dc18d9309 stdio=stderr string_id=target-bigquery
2025-08-22T09:34:38.552733Z [info     ] Initializing target sink for stream 'bec-db-rds-olist_order_payments_dataset'... cmd_type=elb consumer=True job_name=dev:tap-mysql-to-target-bigquery name=target-bigquery producer=False run_id=3970e97e-a1e7-40bd-966d-a75dc18d9309 stdio=stderr string_id=target-bigquery
2025-08-22T09:34:39.356889Z [info     ] Setting up bec-db-rds-olist_order_payments_dataset cmd_type=elb consumer=True job_name=dev:tap-mysql-to-target-bigquery name=target-bigquery producer=False run_id=3970e97e-a1e7-40bd-966d-a75dc18d9309 stdio=stderr string_id=target-bigquery
2025-08-22T09:34:39.357475Z [info     ] ACTIVATE_VERSION message received but not implemented by this target. Ignoring. cmd_type=elb consumer=True job_name=dev:tap-mysql-to-target-bigquery name=target-bigquery producer=False run_id=3970e97e-a1e7-40bd-966d-a75dc18d9309 stdio=stderr string_id=target-bigquery
2025-08-22T09:34:39.357951Z [info     ] Initializing 'target-bigquery' target sink... cmd_type=elb consumer=True job_name=dev:tap-mysql-to-target-bigquery name=target-bigquery producer=False run_id=3970e97e-a1e7-40bd-966d-a75dc18d9309 stdio=stderr string_id=target-bigquery
2025-08-22T09:34:39.358172Z [info     ] Initializing target sink for stream 'bec-db-rds-olist_order_reviews_dataset'... cmd_type=elb consumer=True job_name=dev:tap-mysql-to-target-bigquery name=target-bigquery producer=False run_id=3970e97e-a1e7-40bd-966d-a75dc18d9309 stdio=stderr string_id=target-bigquery
2025-08-22T09:34:40.175416Z [info     ] Setting up bec-db-rds-olist_order_reviews_dataset cmd_type=elb consumer=True job_name=dev:tap-mysql-to-target-bigquery name=target-bigquery producer=False run_id=3970e97e-a1e7-40bd-966d-a75dc18d9309 stdio=stderr string_id=target-bigquery
2025-08-22T09:34:40.175831Z [info     ] ACTIVATE_VERSION message received but not implemented by this target. Ignoring. cmd_type=elb consumer=True job_name=dev:tap-mysql-to-target-bigquery name=target-bigquery producer=False run_id=3970e97e-a1e7-40bd-966d-a75dc18d9309 stdio=stderr string_id=target-bigquery
2025-08-22T09:34:40.176173Z [info     ] Initializing 'target-bigquery' target sink... cmd_type=elb consumer=True job_name=dev:tap-mysql-to-target-bigquery name=target-bigquery producer=False run_id=3970e97e-a1e7-40bd-966d-a75dc18d9309 stdio=stderr string_id=target-bigquery
2025-08-22T09:34:40.176416Z [info     ] Initializing target sink for stream 'bec-db-rds-olist_orders_dataset'... cmd_type=elb consumer=True job_name=dev:tap-mysql-to-target-bigquery name=target-bigquery producer=False run_id=3970e97e-a1e7-40bd-966d-a75dc18d9309 stdio=stderr string_id=target-bigquery
2025-08-22T09:34:41.083903Z [info     ] Setting up bec-db-rds-olist_orders_dataset cmd_type=elb consumer=True job_name=dev:tap-mysql-to-target-bigquery name=target-bigquery producer=False run_id=3970e97e-a1e7-40bd-966d-a75dc18d9309 stdio=stderr string_id=target-bigquery
2025-08-22T09:34:41.084402Z [info     ] ACTIVATE_VERSION message received but not implemented by this target. Ignoring. cmd_type=elb consumer=True job_name=dev:tap-mysql-to-target-bigquery name=target-bigquery producer=False run_id=3970e97e-a1e7-40bd-966d-a75dc18d9309 stdio=stderr string_id=target-bigquery
2025-08-22T09:34:41.084651Z [info     ] Initializing 'target-bigquery' target sink... cmd_type=elb consumer=True job_name=dev:tap-mysql-to-target-bigquery name=target-bigquery producer=False run_id=3970e97e-a1e7-40bd-966d-a75dc18d9309 stdio=stderr string_id=target-bigquery
2025-08-22T09:34:41.084815Z [info     ] Initializing target sink for stream 'bec-db-rds-olist_products_dataset'... cmd_type=elb consumer=True job_name=dev:tap-mysql-to-target-bigquery name=target-bigquery producer=False run_id=3970e97e-a1e7-40bd-966d-a75dc18d9309 stdio=stderr string_id=target-bigquery
2025-08-22T09:34:41.926259Z [info     ] Setting up bec-db-rds-olist_products_dataset cmd_type=elb consumer=True job_name=dev:tap-mysql-to-target-bigquery name=target-bigquery producer=False run_id=3970e97e-a1e7-40bd-966d-a75dc18d9309 stdio=stderr string_id=target-bigquery
2025-08-22T09:34:41.926638Z [info     ] ACTIVATE_VERSION message received but not implemented by this target. Ignoring. cmd_type=elb consumer=True job_name=dev:tap-mysql-to-target-bigquery name=target-bigquery producer=False run_id=3970e97e-a1e7-40bd-966d-a75dc18d9309 stdio=stderr string_id=target-bigquery
2025-08-22T09:34:41.926867Z [info     ] Initializing 'target-bigquery' target sink... cmd_type=elb consumer=True job_name=dev:tap-mysql-to-target-bigquery name=target-bigquery producer=False run_id=3970e97e-a1e7-40bd-966d-a75dc18d9309 stdio=stderr string_id=target-bigquery
2025-08-22T09:34:41.927121Z [info     ] Initializing target sink for stream 'bec-db-rds-olist_sellers_dataset'... cmd_type=elb consumer=True job_name=dev:tap-mysql-to-target-bigquery name=target-bigquery producer=False run_id=3970e97e-a1e7-40bd-966d-a75dc18d9309 stdio=stderr string_id=target-bigquery
2025-08-22T09:34:42.744120Z [info     ] Setting up bec-db-rds-olist_sellers_dataset cmd_type=elb consumer=True job_name=dev:tap-mysql-to-target-bigquery name=target-bigquery producer=False run_id=3970e97e-a1e7-40bd-966d-a75dc18d9309 stdio=stderr string_id=target-bigquery
2025-08-22T09:34:42.744526Z [info     ] ACTIVATE_VERSION message received but not implemented by this target. Ignoring. cmd_type=elb consumer=True job_name=dev:tap-mysql-to-target-bigquery name=target-bigquery producer=False run_id=3970e97e-a1e7-40bd-966d-a75dc18d9309 stdio=stderr string_id=target-bigquery
2025-08-22T09:34:42.744736Z [info     ] Initializing 'target-bigquery' target sink... cmd_type=elb consumer=True job_name=dev:tap-mysql-to-target-bigquery name=target-bigquery producer=False run_id=3970e97e-a1e7-40bd-966d-a75dc18d9309 stdio=stderr string_id=target-bigquery
2025-08-22T09:34:42.745016Z [info     ] Initializing target sink for stream 'bec-db-rds-product_category_name_translation'... cmd_type=elb consumer=True job_name=dev:tap-mysql-to-target-bigquery name=target-bigquery producer=False run_id=3970e97e-a1e7-40bd-966d-a75dc18d9309 stdio=stderr string_id=target-bigquery
2025-08-22T09:34:43.420196Z [info     ] Setting up bec-db-rds-product_category_name_translation cmd_type=elb consumer=True job_name=dev:tap-mysql-to-target-bigquery name=target-bigquery producer=False run_id=3970e97e-a1e7-40bd-966d-a75dc18d9309 stdio=stderr string_id=target-bigquery
2025-08-22T09:34:43.420571Z [info     ] ACTIVATE_VERSION message received but not implemented by this target. Ignoring. cmd_type=elb consumer=True job_name=dev:tap-mysql-to-target-bigquery name=target-bigquery producer=False run_id=3970e97e-a1e7-40bd-966d-a75dc18d9309 stdio=stderr string_id=target-bigquery
2025-08-22T09:34:43.420774Z [info     ] Target 'target-bigquery' completed reading 46 lines of input (0 records, (0 batch manifests, 28 state messages). cmd_type=elb consumer=True job_name=dev:tap-mysql-to-target-bigquery name=target-bigquery producer=False run_id=3970e97e-a1e7-40bd-966d-a75dc18d9309 stdio=stderr string_id=target-bigquery
2025-08-22T09:34:43.421604Z [info     ] Adding worker f5256f8bf91542dda34acddc721e387e cmd_type=elb consumer=True job_name=dev:tap-mysql-to-target-bigquery name=target-bigquery producer=False run_id=3970e97e-a1e7-40bd-966d-a75dc18d9309 stdio=stderr string_id=target-bigquery
2025-08-22T09:34:43.421913Z [info     ] Cleaning up bec-db-rds-olist_customers_dataset cmd_type=elb consumer=True job_name=dev:tap-mysql-to-target-bigquery name=target-bigquery producer=False run_id=3970e97e-a1e7-40bd-966d-a75dc18d9309 stdio=stderr string_id=target-bigquery
2025-08-22T09:34:43.422416Z [info     ] Cleaning up bec-db-rds-olist_geolocation_dataset cmd_type=elb consumer=True job_name=dev:tap-mysql-to-target-bigquery name=target-bigquery producer=False run_id=3970e97e-a1e7-40bd-966d-a75dc18d9309 stdio=stderr string_id=target-bigquery
2025-08-22T09:34:43.422811Z [info     ] Cleaning up bec-db-rds-olist_order_items_dataset cmd_type=elb consumer=True job_name=dev:tap-mysql-to-target-bigquery name=target-bigquery producer=False run_id=3970e97e-a1e7-40bd-966d-a75dc18d9309 stdio=stderr string_id=target-bigquery
2025-08-22T09:34:43.423164Z [info     ] Cleaning up bec-db-rds-olist_order_payments_dataset cmd_type=elb consumer=True job_name=dev:tap-mysql-to-target-bigquery name=target-bigquery producer=False run_id=3970e97e-a1e7-40bd-966d-a75dc18d9309 stdio=stderr string_id=target-bigquery
2025-08-22T09:34:43.423427Z [info     ] Cleaning up bec-db-rds-olist_order_reviews_dataset cmd_type=elb consumer=True job_name=dev:tap-mysql-to-target-bigquery name=target-bigquery producer=False run_id=3970e97e-a1e7-40bd-966d-a75dc18d9309 stdio=stderr string_id=target-bigquery
2025-08-22T09:34:43.423740Z [info     ] Cleaning up bec-db-rds-olist_orders_dataset cmd_type=elb consumer=True job_name=dev:tap-mysql-to-target-bigquery name=target-bigquery producer=False run_id=3970e97e-a1e7-40bd-966d-a75dc18d9309 stdio=stderr string_id=target-bigquery
2025-08-22T09:34:43.423938Z [info     ] Cleaning up bec-db-rds-olist_products_dataset cmd_type=elb consumer=True job_name=dev:tap-mysql-to-target-bigquery name=target-bigquery producer=False run_id=3970e97e-a1e7-40bd-966d-a75dc18d9309 stdio=stderr string_id=target-bigquery
2025-08-22T09:34:43.424117Z [info     ] Cleaning up bec-db-rds-olist_sellers_dataset cmd_type=elb consumer=True job_name=dev:tap-mysql-to-target-bigquery name=target-bigquery producer=False run_id=3970e97e-a1e7-40bd-966d-a75dc18d9309 stdio=stderr string_id=target-bigquery
2025-08-22T09:34:43.424288Z [info     ] Cleaning up bec-db-rds-product_category_name_translation cmd_type=elb consumer=True job_name=dev:tap-mysql-to-target-bigquery name=target-bigquery producer=False run_id=3970e97e-a1e7-40bd-966d-a75dc18d9309 stdio=stderr string_id=target-bigquery
2025-08-22T09:34:43.424462Z [info     ] Emitting completed target state {"currently_syncing": null, "bookmarks": {"bec-db-rds-olist_customers_dataset": {"initial_full_table_complete": true}, "bec-db-rds-olist_geolocation_dataset": {"initial_full_table_complete": true}, "bec-db-rds-olist_order_items_dataset": {"initial_full_table_complete": true}, "bec-db-rds-olist_order_payments_dataset": {"initial_full_table_complete": true}, "bec-db-rds-olist_order_reviews_dataset": {"initial_full_table_complete": true}, "bec-db-rds-olist_orders_dataset": {"initial_full_table_complete": true}, "bec-db-rds-olist_products_dataset": {"initial_full_table_complete": true}, "bec-db-rds-olist_sellers_dataset": {"initial_full_table_complete": true}, "bec-db-rds-product_category_name_translation": {"initial_full_table_complete": true}}} cmd_type=elb consumer=True job_name=dev:tap-mysql-to-target-bigquery name=target-bigquery producer=False run_id=3970e97e-a1e7-40bd-966d-a75dc18d9309 stdio=stderr string_id=target-bigquery
2025-08-22T09:34:43.434111Z [info     ] Using systemdb state backend
2025-08-22T09:34:43.438859Z [info     ] Incremental state has been updated at 2025-08-22 09:34:43.438827+00:00.
2025-08-22T09:34:43.613928Z [info     ] Block run completed.           block_type=ExtractLoadBlocks err=None set_number=0 success=True
