2025-08-22T08:07:28.670996Z [info     ] Using systemdb state backend
2025-08-22T08:07:29.119534Z [info     ] /Applications/RF/NTU/SCTP in DSAI/s3-rds-bq-dagster/bec-meltano/.meltano/loaders/target-bigquery/venv/lib/python3.11/site-packages/fs/__init__.py:4: UserWarning: pkg_resources is deprecated as an API. See https://setuptools.pypa.io/en/latest/pkg_resources.html. The pkg_resources package is slated for removal as early as 2025-11-30. Refrain from using this package or pin to Setuptools<81. cmd_type=elb consumer=True job_name=dev:tap-mysql-to-target-bigquery name=target-bigquery producer=False run_id=7ad09a5b-fb9e-46ec-9be1-613ff5bde9f1 stdio=stderr string_id=target-bigquery
2025-08-22T08:07:29.119991Z [info     ]   __import__("pkg_resources").declare_namespace(__name__)  # type: ignore cmd_type=elb consumer=True job_name=dev:tap-mysql-to-target-bigquery name=target-bigquery producer=False run_id=7ad09a5b-fb9e-46ec-9be1-613ff5bde9f1 stdio=stderr string_id=target-bigquery
2025-08-22T08:07:30.231027Z [info     ] Using thread-based parallelism cmd_type=elb consumer=True job_name=dev:tap-mysql-to-target-bigquery name=target-bigquery producer=False run_id=7ad09a5b-fb9e-46ec-9be1-613ff5bde9f1 stdio=stderr string_id=target-bigquery
2025-08-22T08:07:30.231435Z [info     ] Target 'target-bigquery' is listening for input from tap. cmd_type=elb consumer=True job_name=dev:tap-mysql-to-target-bigquery name=target-bigquery producer=False run_id=7ad09a5b-fb9e-46ec-9be1-613ff5bde9f1 stdio=stderr string_id=target-bigquery
2025-08-22T08:07:30.231640Z [info     ] Initializing 'target-bigquery' target sink... cmd_type=elb consumer=True job_name=dev:tap-mysql-to-target-bigquery name=target-bigquery producer=False run_id=7ad09a5b-fb9e-46ec-9be1-613ff5bde9f1 stdio=stderr string_id=target-bigquery
2025-08-22T08:07:30.231806Z [info     ] Initializing target sink for stream 'bec-db-rds-olist_customers_dataset'... cmd_type=elb consumer=True job_name=dev:tap-mysql-to-target-bigquery name=target-bigquery producer=False run_id=7ad09a5b-fb9e-46ec-9be1-613ff5bde9f1 stdio=stderr string_id=target-bigquery
2025-08-22T08:07:36.996928Z [info     ] Setting up bec-db-rds-olist_customers_dataset cmd_type=elb consumer=True job_name=dev:tap-mysql-to-target-bigquery name=target-bigquery producer=False run_id=7ad09a5b-fb9e-46ec-9be1-613ff5bde9f1 stdio=stderr string_id=target-bigquery
2025-08-22T08:07:36.997797Z [info     ] ACTIVATE_VERSION message received but not implemented by this target. Ignoring. cmd_type=elb consumer=True job_name=dev:tap-mysql-to-target-bigquery name=target-bigquery producer=False run_id=7ad09a5b-fb9e-46ec-9be1-613ff5bde9f1 stdio=stderr string_id=target-bigquery
2025-08-22T08:07:36.998052Z [info     ] Initializing 'target-bigquery' target sink... cmd_type=elb consumer=True job_name=dev:tap-mysql-to-target-bigquery name=target-bigquery producer=False run_id=7ad09a5b-fb9e-46ec-9be1-613ff5bde9f1 stdio=stderr string_id=target-bigquery
2025-08-22T08:07:36.998272Z [info     ] Initializing target sink for stream 'bec-db-rds-olist_geolocation_dataset'... cmd_type=elb consumer=True job_name=dev:tap-mysql-to-target-bigquery name=target-bigquery producer=False run_id=7ad09a5b-fb9e-46ec-9be1-613ff5bde9f1 stdio=stderr string_id=target-bigquery
2025-08-22T08:07:43.063460Z [info     ] Setting up bec-db-rds-olist_geolocation_dataset cmd_type=elb consumer=True job_name=dev:tap-mysql-to-target-bigquery name=target-bigquery producer=False run_id=7ad09a5b-fb9e-46ec-9be1-613ff5bde9f1 stdio=stderr string_id=target-bigquery
2025-08-22T08:07:43.063884Z [info     ] ACTIVATE_VERSION message received but not implemented by this target. Ignoring. cmd_type=elb consumer=True job_name=dev:tap-mysql-to-target-bigquery name=target-bigquery producer=False run_id=7ad09a5b-fb9e-46ec-9be1-613ff5bde9f1 stdio=stderr string_id=target-bigquery
2025-08-22T08:07:43.064135Z [info     ] Initializing 'target-bigquery' target sink... cmd_type=elb consumer=True job_name=dev:tap-mysql-to-target-bigquery name=target-bigquery producer=False run_id=7ad09a5b-fb9e-46ec-9be1-613ff5bde9f1 stdio=stderr string_id=target-bigquery
2025-08-22T08:07:43.064331Z [info     ] Initializing target sink for stream 'bec-db-rds-olist_order_items_dataset'... cmd_type=elb consumer=True job_name=dev:tap-mysql-to-target-bigquery name=target-bigquery producer=False run_id=7ad09a5b-fb9e-46ec-9be1-613ff5bde9f1 stdio=stderr string_id=target-bigquery
2025-08-22T08:07:49.091740Z [info     ] Setting up bec-db-rds-olist_order_items_dataset cmd_type=elb consumer=True job_name=dev:tap-mysql-to-target-bigquery name=target-bigquery producer=False run_id=7ad09a5b-fb9e-46ec-9be1-613ff5bde9f1 stdio=stderr string_id=target-bigquery
2025-08-22T08:07:49.092535Z [info     ] ACTIVATE_VERSION message received but not implemented by this target. Ignoring. cmd_type=elb consumer=True job_name=dev:tap-mysql-to-target-bigquery name=target-bigquery producer=False run_id=7ad09a5b-fb9e-46ec-9be1-613ff5bde9f1 stdio=stderr string_id=target-bigquery
2025-08-22T08:07:49.092779Z [info     ] Initializing 'target-bigquery' target sink... cmd_type=elb consumer=True job_name=dev:tap-mysql-to-target-bigquery name=target-bigquery producer=False run_id=7ad09a5b-fb9e-46ec-9be1-613ff5bde9f1 stdio=stderr string_id=target-bigquery
2025-08-22T08:07:49.092986Z [info     ] Initializing target sink for stream 'bec-db-rds-olist_order_payments_dataset'... cmd_type=elb consumer=True job_name=dev:tap-mysql-to-target-bigquery name=target-bigquery producer=False run_id=7ad09a5b-fb9e-46ec-9be1-613ff5bde9f1 stdio=stderr string_id=target-bigquery
2025-08-22T08:07:55.296258Z [info     ] Setting up bec-db-rds-olist_order_payments_dataset cmd_type=elb consumer=True job_name=dev:tap-mysql-to-target-bigquery name=target-bigquery producer=False run_id=7ad09a5b-fb9e-46ec-9be1-613ff5bde9f1 stdio=stderr string_id=target-bigquery
2025-08-22T08:07:55.296630Z [info     ] ACTIVATE_VERSION message received but not implemented by this target. Ignoring. cmd_type=elb consumer=True job_name=dev:tap-mysql-to-target-bigquery name=target-bigquery producer=False run_id=7ad09a5b-fb9e-46ec-9be1-613ff5bde9f1 stdio=stderr string_id=target-bigquery
2025-08-22T08:07:55.296981Z [info     ] Initializing 'target-bigquery' target sink... cmd_type=elb consumer=True job_name=dev:tap-mysql-to-target-bigquery name=target-bigquery producer=False run_id=7ad09a5b-fb9e-46ec-9be1-613ff5bde9f1 stdio=stderr string_id=target-bigquery
2025-08-22T08:07:55.297216Z [info     ] Initializing target sink for stream 'bec-db-rds-olist_order_reviews_dataset'... cmd_type=elb consumer=True job_name=dev:tap-mysql-to-target-bigquery name=target-bigquery producer=False run_id=7ad09a5b-fb9e-46ec-9be1-613ff5bde9f1 stdio=stderr string_id=target-bigquery
2025-08-22T08:08:01.436718Z [info     ] Setting up bec-db-rds-olist_order_reviews_dataset cmd_type=elb consumer=True job_name=dev:tap-mysql-to-target-bigquery name=target-bigquery producer=False run_id=7ad09a5b-fb9e-46ec-9be1-613ff5bde9f1 stdio=stderr string_id=target-bigquery
2025-08-22T08:08:05.065537Z [info     ] ACTIVATE_VERSION message received but not implemented by this target. Ignoring. cmd_type=elb consumer=True job_name=dev:tap-mysql-to-target-bigquery name=target-bigquery producer=False run_id=7ad09a5b-fb9e-46ec-9be1-613ff5bde9f1 stdio=stderr string_id=target-bigquery
2025-08-22T08:08:05.066159Z [info     ] Initializing 'target-bigquery' target sink... cmd_type=elb consumer=True job_name=dev:tap-mysql-to-target-bigquery name=target-bigquery producer=False run_id=7ad09a5b-fb9e-46ec-9be1-613ff5bde9f1 stdio=stderr string_id=target-bigquery
2025-08-22T08:08:05.066500Z [info     ] Initializing target sink for stream 'bec-db-rds-olist_orders_dataset'... cmd_type=elb consumer=True job_name=dev:tap-mysql-to-target-bigquery name=target-bigquery producer=False run_id=7ad09a5b-fb9e-46ec-9be1-613ff5bde9f1 stdio=stderr string_id=target-bigquery
2025-08-22T08:08:11.133092Z [info     ] Setting up bec-db-rds-olist_orders_dataset cmd_type=elb consumer=True job_name=dev:tap-mysql-to-target-bigquery name=target-bigquery producer=False run_id=7ad09a5b-fb9e-46ec-9be1-613ff5bde9f1 stdio=stderr string_id=target-bigquery
2025-08-22T08:08:14.882113Z [info     ] ACTIVATE_VERSION message received but not implemented by this target. Ignoring. cmd_type=elb consumer=True job_name=dev:tap-mysql-to-target-bigquery name=target-bigquery producer=False run_id=7ad09a5b-fb9e-46ec-9be1-613ff5bde9f1 stdio=stderr string_id=target-bigquery
2025-08-22T08:08:14.882383Z [info     ] Initializing 'target-bigquery' target sink... cmd_type=elb consumer=True job_name=dev:tap-mysql-to-target-bigquery name=target-bigquery producer=False run_id=7ad09a5b-fb9e-46ec-9be1-613ff5bde9f1 stdio=stderr string_id=target-bigquery
2025-08-22T08:08:14.882525Z [info     ] Initializing target sink for stream 'bec-db-rds-olist_products_dataset'... cmd_type=elb consumer=True job_name=dev:tap-mysql-to-target-bigquery name=target-bigquery producer=False run_id=7ad09a5b-fb9e-46ec-9be1-613ff5bde9f1 stdio=stderr string_id=target-bigquery
2025-08-22T08:08:20.992852Z [info     ] Setting up bec-db-rds-olist_products_dataset cmd_type=elb consumer=True job_name=dev:tap-mysql-to-target-bigquery name=target-bigquery producer=False run_id=7ad09a5b-fb9e-46ec-9be1-613ff5bde9f1 stdio=stderr string_id=target-bigquery
2025-08-22T08:08:22.216615Z [info     ] ACTIVATE_VERSION message received but not implemented by this target. Ignoring. cmd_type=elb consumer=True job_name=dev:tap-mysql-to-target-bigquery name=target-bigquery producer=False run_id=7ad09a5b-fb9e-46ec-9be1-613ff5bde9f1 stdio=stderr string_id=target-bigquery
2025-08-22T08:08:22.216904Z [info     ] Initializing 'target-bigquery' target sink... cmd_type=elb consumer=True job_name=dev:tap-mysql-to-target-bigquery name=target-bigquery producer=False run_id=7ad09a5b-fb9e-46ec-9be1-613ff5bde9f1 stdio=stderr string_id=target-bigquery
2025-08-22T08:08:22.217050Z [info     ] Initializing target sink for stream 'bec-db-rds-olist_sellers_dataset'... cmd_type=elb consumer=True job_name=dev:tap-mysql-to-target-bigquery name=target-bigquery producer=False run_id=7ad09a5b-fb9e-46ec-9be1-613ff5bde9f1 stdio=stderr string_id=target-bigquery
2025-08-22T08:08:28.245103Z [info     ] Setting up bec-db-rds-olist_sellers_dataset cmd_type=elb consumer=True job_name=dev:tap-mysql-to-target-bigquery name=target-bigquery producer=False run_id=7ad09a5b-fb9e-46ec-9be1-613ff5bde9f1 stdio=stderr string_id=target-bigquery
2025-08-22T08:08:28.343785Z [info     ] ACTIVATE_VERSION message received but not implemented by this target. Ignoring. cmd_type=elb consumer=True job_name=dev:tap-mysql-to-target-bigquery name=target-bigquery producer=False run_id=7ad09a5b-fb9e-46ec-9be1-613ff5bde9f1 stdio=stderr string_id=target-bigquery
2025-08-22T08:08:28.344066Z [info     ] Initializing 'target-bigquery' target sink... cmd_type=elb consumer=True job_name=dev:tap-mysql-to-target-bigquery name=target-bigquery producer=False run_id=7ad09a5b-fb9e-46ec-9be1-613ff5bde9f1 stdio=stderr string_id=target-bigquery
2025-08-22T08:08:28.344216Z [info     ] Initializing target sink for stream 'bec-db-rds-product_category_name_translation'... cmd_type=elb consumer=True job_name=dev:tap-mysql-to-target-bigquery name=target-bigquery producer=False run_id=7ad09a5b-fb9e-46ec-9be1-613ff5bde9f1 stdio=stderr string_id=target-bigquery
2025-08-22T08:08:34.591501Z [info     ] Setting up bec-db-rds-product_category_name_translation cmd_type=elb consumer=True job_name=dev:tap-mysql-to-target-bigquery name=target-bigquery producer=False run_id=7ad09a5b-fb9e-46ec-9be1-613ff5bde9f1 stdio=stderr string_id=target-bigquery
2025-08-22T08:08:34.594535Z [info     ] ACTIVATE_VERSION message received but not implemented by this target. Ignoring. cmd_type=elb consumer=True job_name=dev:tap-mysql-to-target-bigquery name=target-bigquery producer=False run_id=7ad09a5b-fb9e-46ec-9be1-613ff5bde9f1 stdio=stderr string_id=target-bigquery
2025-08-22T08:08:34.594872Z [info     ] Target 'target-bigquery' completed reading 235061 lines of input (234782 records, (0 batch manifests, 261 state messages). cmd_type=elb consumer=True job_name=dev:tap-mysql-to-target-bigquery name=target-bigquery producer=False run_id=7ad09a5b-fb9e-46ec-9be1-613ff5bde9f1 stdio=stderr string_id=target-bigquery
2025-08-22T08:08:34.595497Z [info     ] Adding worker 3672f91d849a4b08b040651538d45c5b cmd_type=elb consumer=True job_name=dev:tap-mysql-to-target-bigquery name=target-bigquery producer=False run_id=7ad09a5b-fb9e-46ec-9be1-613ff5bde9f1 stdio=stderr string_id=target-bigquery
2025-08-22T08:09:25.041487Z [info     ] Cleaning up bec-db-rds-olist_customers_dataset cmd_type=elb consumer=True job_name=dev:tap-mysql-to-target-bigquery name=target-bigquery producer=False run_id=7ad09a5b-fb9e-46ec-9be1-613ff5bde9f1 stdio=stderr string_id=target-bigquery
2025-08-22T08:09:25.042654Z [info     ] Cleaning up bec-db-rds-olist_geolocation_dataset cmd_type=elb consumer=True job_name=dev:tap-mysql-to-target-bigquery name=target-bigquery producer=False run_id=7ad09a5b-fb9e-46ec-9be1-613ff5bde9f1 stdio=stderr string_id=target-bigquery
2025-08-22T08:09:25.042973Z [info     ] Cleaning up bec-db-rds-olist_order_items_dataset cmd_type=elb consumer=True job_name=dev:tap-mysql-to-target-bigquery name=target-bigquery producer=False run_id=7ad09a5b-fb9e-46ec-9be1-613ff5bde9f1 stdio=stderr string_id=target-bigquery
2025-08-22T08:09:25.043226Z [info     ] Cleaning up bec-db-rds-olist_order_payments_dataset cmd_type=elb consumer=True job_name=dev:tap-mysql-to-target-bigquery name=target-bigquery producer=False run_id=7ad09a5b-fb9e-46ec-9be1-613ff5bde9f1 stdio=stderr string_id=target-bigquery
2025-08-22T08:09:25.043511Z [info     ] Cleaning up bec-db-rds-olist_order_reviews_dataset cmd_type=elb consumer=True job_name=dev:tap-mysql-to-target-bigquery name=target-bigquery producer=False run_id=7ad09a5b-fb9e-46ec-9be1-613ff5bde9f1 stdio=stderr string_id=target-bigquery
2025-08-22T08:09:25.043740Z [info     ] Cleaning up bec-db-rds-olist_orders_dataset cmd_type=elb consumer=True job_name=dev:tap-mysql-to-target-bigquery name=target-bigquery producer=False run_id=7ad09a5b-fb9e-46ec-9be1-613ff5bde9f1 stdio=stderr string_id=target-bigquery
2025-08-22T08:09:25.043953Z [info     ] Cleaning up bec-db-rds-olist_products_dataset cmd_type=elb consumer=True job_name=dev:tap-mysql-to-target-bigquery name=target-bigquery producer=False run_id=7ad09a5b-fb9e-46ec-9be1-613ff5bde9f1 stdio=stderr string_id=target-bigquery
2025-08-22T08:09:25.044165Z [info     ] Cleaning up bec-db-rds-olist_sellers_dataset cmd_type=elb consumer=True job_name=dev:tap-mysql-to-target-bigquery name=target-bigquery producer=False run_id=7ad09a5b-fb9e-46ec-9be1-613ff5bde9f1 stdio=stderr string_id=target-bigquery
2025-08-22T08:09:25.044374Z [info     ] Cleaning up bec-db-rds-product_category_name_translation cmd_type=elb consumer=True job_name=dev:tap-mysql-to-target-bigquery name=target-bigquery producer=False run_id=7ad09a5b-fb9e-46ec-9be1-613ff5bde9f1 stdio=stderr string_id=target-bigquery
2025-08-22T08:09:25.044588Z [info     ] Emitting completed target state {"currently_syncing": null, "bookmarks": {"bec-db-rds-olist_customers_dataset": {"initial_full_table_complete": true}, "bec-db-rds-olist_geolocation_dataset": {"initial_full_table_complete": true}, "bec-db-rds-olist_order_items_dataset": {"initial_full_table_complete": true}, "bec-db-rds-olist_order_payments_dataset": {"initial_full_table_complete": true}, "bec-db-rds-olist_order_reviews_dataset": {"initial_full_table_complete": true}, "bec-db-rds-olist_orders_dataset": {"initial_full_table_complete": true}, "bec-db-rds-olist_products_dataset": {"initial_full_table_complete": true}, "bec-db-rds-olist_sellers_dataset": {"initial_full_table_complete": true}, "bec-db-rds-product_category_name_translation": {"initial_full_table_complete": true}}} cmd_type=elb consumer=True job_name=dev:tap-mysql-to-target-bigquery name=target-bigquery producer=False run_id=7ad09a5b-fb9e-46ec-9be1-613ff5bde9f1 stdio=stderr string_id=target-bigquery
2025-08-22T08:09:25.053850Z [info     ] Using systemdb state backend
2025-08-22T08:09:25.059650Z [info     ] Incremental state has been updated at 2025-08-22 08:09:25.059617+00:00.
2025-08-22T08:09:25.237818Z [info     ] Block run completed.           block_type=ExtractLoadBlocks err=None set_number=0 success=True
