2025-08-22T02:26:16.592663Z [info     ] Using systemdb state backend
2025-08-22T02:26:18.139211Z [info     ] /Applications/RF/NTU/SCTP in DSAI/s3-rds-bq-dagster/bec-meltano/.meltano/loaders/target-bigquery/venv/lib/python3.11/site-packages/fs/__init__.py:4: UserWarning: pkg_resources is deprecated as an API. See https://setuptools.pypa.io/en/latest/pkg_resources.html. The pkg_resources package is slated for removal as early as 2025-11-30. Refrain from using this package or pin to Setuptools<81. cmd_type=elb consumer=True job_name=dev:tap-mysql-to-target-bigquery name=target-bigquery producer=False run_id=5cbdc117-a0e8-434b-9ecd-b49ab69457dd stdio=stderr string_id=target-bigquery
2025-08-22T02:26:18.139710Z [info     ]   __import__("pkg_resources").declare_namespace(__name__)  # type: ignore cmd_type=elb consumer=True job_name=dev:tap-mysql-to-target-bigquery name=target-bigquery producer=False run_id=5cbdc117-a0e8-434b-9ecd-b49ab69457dd stdio=stderr string_id=target-bigquery
2025-08-22T02:26:19.133924Z [info     ] Using thread-based parallelism cmd_type=elb consumer=True job_name=dev:tap-mysql-to-target-bigquery name=target-bigquery producer=False run_id=5cbdc117-a0e8-434b-9ecd-b49ab69457dd stdio=stderr string_id=target-bigquery
2025-08-22T02:26:19.134290Z [info     ] Target 'target-bigquery' is listening for input from tap. cmd_type=elb consumer=True job_name=dev:tap-mysql-to-target-bigquery name=target-bigquery producer=False run_id=5cbdc117-a0e8-434b-9ecd-b49ab69457dd stdio=stderr string_id=target-bigquery
2025-08-22T02:26:19.134561Z [info     ] Initializing 'target-bigquery' target sink... cmd_type=elb consumer=True job_name=dev:tap-mysql-to-target-bigquery name=target-bigquery producer=False run_id=5cbdc117-a0e8-434b-9ecd-b49ab69457dd stdio=stderr string_id=target-bigquery
2025-08-22T02:26:19.134715Z [info     ] Initializing target sink for stream 'bec-db-rds-olist_customers_dataset'... cmd_type=elb consumer=True job_name=dev:tap-mysql-to-target-bigquery name=target-bigquery producer=False run_id=5cbdc117-a0e8-434b-9ecd-b49ab69457dd stdio=stderr string_id=target-bigquery
2025-08-22T02:26:20.082301Z [info     ] Setting up bec-db-rds-olist_customers_dataset cmd_type=elb consumer=True job_name=dev:tap-mysql-to-target-bigquery name=target-bigquery producer=False run_id=5cbdc117-a0e8-434b-9ecd-b49ab69457dd stdio=stderr string_id=target-bigquery
2025-08-22T02:26:20.082624Z [info     ] ACTIVATE_VERSION message received but not implemented by this target. Ignoring. cmd_type=elb consumer=True job_name=dev:tap-mysql-to-target-bigquery name=target-bigquery producer=False run_id=5cbdc117-a0e8-434b-9ecd-b49ab69457dd stdio=stderr string_id=target-bigquery
2025-08-22T02:26:20.082907Z [info     ] Initializing 'target-bigquery' target sink... cmd_type=elb consumer=True job_name=dev:tap-mysql-to-target-bigquery name=target-bigquery producer=False run_id=5cbdc117-a0e8-434b-9ecd-b49ab69457dd stdio=stderr string_id=target-bigquery
2025-08-22T02:26:20.083068Z [info     ] Initializing target sink for stream 'bec-db-rds-olist_geolocation_dataset'... cmd_type=elb consumer=True job_name=dev:tap-mysql-to-target-bigquery name=target-bigquery producer=False run_id=5cbdc117-a0e8-434b-9ecd-b49ab69457dd stdio=stderr string_id=target-bigquery
2025-08-22T02:26:20.881530Z [info     ] Setting up bec-db-rds-olist_geolocation_dataset cmd_type=elb consumer=True job_name=dev:tap-mysql-to-target-bigquery name=target-bigquery producer=False run_id=5cbdc117-a0e8-434b-9ecd-b49ab69457dd stdio=stderr string_id=target-bigquery
2025-08-22T02:26:20.881965Z [info     ] ACTIVATE_VERSION message received but not implemented by this target. Ignoring. cmd_type=elb consumer=True job_name=dev:tap-mysql-to-target-bigquery name=target-bigquery producer=False run_id=5cbdc117-a0e8-434b-9ecd-b49ab69457dd stdio=stderr string_id=target-bigquery
2025-08-22T02:26:20.882230Z [info     ] Initializing 'target-bigquery' target sink... cmd_type=elb consumer=True job_name=dev:tap-mysql-to-target-bigquery name=target-bigquery producer=False run_id=5cbdc117-a0e8-434b-9ecd-b49ab69457dd stdio=stderr string_id=target-bigquery
2025-08-22T02:26:20.882399Z [info     ] Initializing target sink for stream 'bec-db-rds-olist_order_items_dataset'... cmd_type=elb consumer=True job_name=dev:tap-mysql-to-target-bigquery name=target-bigquery producer=False run_id=5cbdc117-a0e8-434b-9ecd-b49ab69457dd stdio=stderr string_id=target-bigquery
2025-08-22T02:26:21.551807Z [info     ] Setting up bec-db-rds-olist_order_items_dataset cmd_type=elb consumer=True job_name=dev:tap-mysql-to-target-bigquery name=target-bigquery producer=False run_id=5cbdc117-a0e8-434b-9ecd-b49ab69457dd stdio=stderr string_id=target-bigquery
2025-08-22T02:26:26.132561Z [info     ] ACTIVATE_VERSION message received but not implemented by this target. Ignoring. cmd_type=elb consumer=True job_name=dev:tap-mysql-to-target-bigquery name=target-bigquery producer=False run_id=5cbdc117-a0e8-434b-9ecd-b49ab69457dd stdio=stderr string_id=target-bigquery
2025-08-22T02:26:26.228017Z [info     ] Initializing 'target-bigquery' target sink... cmd_type=elb consumer=True job_name=dev:tap-mysql-to-target-bigquery name=target-bigquery producer=False run_id=5cbdc117-a0e8-434b-9ecd-b49ab69457dd stdio=stderr string_id=target-bigquery
2025-08-22T02:26:26.228516Z [info     ] Initializing target sink for stream 'bec-db-rds-olist_order_payments_dataset'... cmd_type=elb consumer=True job_name=dev:tap-mysql-to-target-bigquery name=target-bigquery producer=False run_id=5cbdc117-a0e8-434b-9ecd-b49ab69457dd stdio=stderr string_id=target-bigquery
2025-08-22T02:26:26.978819Z [info     ] Setting up bec-db-rds-olist_order_payments_dataset cmd_type=elb consumer=True job_name=dev:tap-mysql-to-target-bigquery name=target-bigquery producer=False run_id=5cbdc117-a0e8-434b-9ecd-b49ab69457dd stdio=stderr string_id=target-bigquery
2025-08-22T02:26:26.979148Z [info     ] ACTIVATE_VERSION message received but not implemented by this target. Ignoring. cmd_type=elb consumer=True job_name=dev:tap-mysql-to-target-bigquery name=target-bigquery producer=False run_id=5cbdc117-a0e8-434b-9ecd-b49ab69457dd stdio=stderr string_id=target-bigquery
2025-08-22T02:26:26.979397Z [info     ] Initializing 'target-bigquery' target sink... cmd_type=elb consumer=True job_name=dev:tap-mysql-to-target-bigquery name=target-bigquery producer=False run_id=5cbdc117-a0e8-434b-9ecd-b49ab69457dd stdio=stderr string_id=target-bigquery
2025-08-22T02:26:26.979587Z [info     ] Initializing target sink for stream 'bec-db-rds-olist_order_reviews_dataset'... cmd_type=elb consumer=True job_name=dev:tap-mysql-to-target-bigquery name=target-bigquery producer=False run_id=5cbdc117-a0e8-434b-9ecd-b49ab69457dd stdio=stderr string_id=target-bigquery
2025-08-22T02:26:27.777520Z [info     ] Setting up bec-db-rds-olist_order_reviews_dataset cmd_type=elb consumer=True job_name=dev:tap-mysql-to-target-bigquery name=target-bigquery producer=False run_id=5cbdc117-a0e8-434b-9ecd-b49ab69457dd stdio=stderr string_id=target-bigquery
2025-08-22T02:26:33.305903Z [info     ] ACTIVATE_VERSION message received but not implemented by this target. Ignoring. cmd_type=elb consumer=True job_name=dev:tap-mysql-to-target-bigquery name=target-bigquery producer=False run_id=5cbdc117-a0e8-434b-9ecd-b49ab69457dd stdio=stderr string_id=target-bigquery
2025-08-22T02:26:33.411292Z [info     ] Initializing 'target-bigquery' target sink... cmd_type=elb consumer=True job_name=dev:tap-mysql-to-target-bigquery name=target-bigquery producer=False run_id=5cbdc117-a0e8-434b-9ecd-b49ab69457dd stdio=stderr string_id=target-bigquery
2025-08-22T02:26:33.411660Z [info     ] Initializing target sink for stream 'bec-db-rds-olist_orders_dataset'... cmd_type=elb consumer=True job_name=dev:tap-mysql-to-target-bigquery name=target-bigquery producer=False run_id=5cbdc117-a0e8-434b-9ecd-b49ab69457dd stdio=stderr string_id=target-bigquery
2025-08-22T02:26:34.177106Z [info     ] Setting up bec-db-rds-olist_orders_dataset cmd_type=elb consumer=True job_name=dev:tap-mysql-to-target-bigquery name=target-bigquery producer=False run_id=5cbdc117-a0e8-434b-9ecd-b49ab69457dd stdio=stderr string_id=target-bigquery
2025-08-22T02:26:40.348224Z [info     ] ACTIVATE_VERSION message received but not implemented by this target. Ignoring. cmd_type=elb consumer=True job_name=dev:tap-mysql-to-target-bigquery name=target-bigquery producer=False run_id=5cbdc117-a0e8-434b-9ecd-b49ab69457dd stdio=stderr string_id=target-bigquery
2025-08-22T02:26:40.446170Z [info     ] Initializing 'target-bigquery' target sink... cmd_type=elb consumer=True job_name=dev:tap-mysql-to-target-bigquery name=target-bigquery producer=False run_id=5cbdc117-a0e8-434b-9ecd-b49ab69457dd stdio=stderr string_id=target-bigquery
2025-08-22T02:26:40.446811Z [info     ] Initializing target sink for stream 'bec-db-rds-olist_products_dataset'... cmd_type=elb consumer=True job_name=dev:tap-mysql-to-target-bigquery name=target-bigquery producer=False run_id=5cbdc117-a0e8-434b-9ecd-b49ab69457dd stdio=stderr string_id=target-bigquery
2025-08-22T02:26:41.184445Z [info     ] Setting up bec-db-rds-olist_products_dataset cmd_type=elb consumer=True job_name=dev:tap-mysql-to-target-bigquery name=target-bigquery producer=False run_id=5cbdc117-a0e8-434b-9ecd-b49ab69457dd stdio=stderr string_id=target-bigquery
2025-08-22T02:26:42.939165Z [info     ] ACTIVATE_VERSION message received but not implemented by this target. Ignoring. cmd_type=elb consumer=True job_name=dev:tap-mysql-to-target-bigquery name=target-bigquery producer=False run_id=5cbdc117-a0e8-434b-9ecd-b49ab69457dd stdio=stderr string_id=target-bigquery
2025-08-22T02:26:43.040409Z [info     ] Initializing 'target-bigquery' target sink... cmd_type=elb consumer=True job_name=dev:tap-mysql-to-target-bigquery name=target-bigquery producer=False run_id=5cbdc117-a0e8-434b-9ecd-b49ab69457dd stdio=stderr string_id=target-bigquery
2025-08-22T02:26:43.040810Z [info     ] Initializing target sink for stream 'bec-db-rds-olist_sellers_dataset'... cmd_type=elb consumer=True job_name=dev:tap-mysql-to-target-bigquery name=target-bigquery producer=False run_id=5cbdc117-a0e8-434b-9ecd-b49ab69457dd stdio=stderr string_id=target-bigquery
2025-08-22T02:26:43.728120Z [info     ] Setting up bec-db-rds-olist_sellers_dataset cmd_type=elb consumer=True job_name=dev:tap-mysql-to-target-bigquery name=target-bigquery producer=False run_id=5cbdc117-a0e8-434b-9ecd-b49ab69457dd stdio=stderr string_id=target-bigquery
2025-08-22T02:26:43.830237Z [info     ] ACTIVATE_VERSION message received but not implemented by this target. Ignoring. cmd_type=elb consumer=True job_name=dev:tap-mysql-to-target-bigquery name=target-bigquery producer=False run_id=5cbdc117-a0e8-434b-9ecd-b49ab69457dd stdio=stderr string_id=target-bigquery
2025-08-22T02:26:43.830525Z [info     ] Initializing 'target-bigquery' target sink... cmd_type=elb consumer=True job_name=dev:tap-mysql-to-target-bigquery name=target-bigquery producer=False run_id=5cbdc117-a0e8-434b-9ecd-b49ab69457dd stdio=stderr string_id=target-bigquery
2025-08-22T02:26:43.830680Z [info     ] Initializing target sink for stream 'bec-db-rds-product_category_name_translation'... cmd_type=elb consumer=True job_name=dev:tap-mysql-to-target-bigquery name=target-bigquery producer=False run_id=5cbdc117-a0e8-434b-9ecd-b49ab69457dd stdio=stderr string_id=target-bigquery
2025-08-22T02:26:44.545925Z [info     ] Setting up bec-db-rds-product_category_name_translation cmd_type=elb consumer=True job_name=dev:tap-mysql-to-target-bigquery name=target-bigquery producer=False run_id=5cbdc117-a0e8-434b-9ecd-b49ab69457dd stdio=stderr string_id=target-bigquery
2025-08-22T02:26:44.549029Z [info     ] ACTIVATE_VERSION message received but not implemented by this target. Ignoring. cmd_type=elb consumer=True job_name=dev:tap-mysql-to-target-bigquery name=target-bigquery producer=False run_id=5cbdc117-a0e8-434b-9ecd-b49ab69457dd stdio=stderr string_id=target-bigquery
2025-08-22T02:26:44.549350Z [info     ] Target 'target-bigquery' completed reading 347823 lines of input (347432 records, (0 batch manifests, 373 state messages). cmd_type=elb consumer=True job_name=dev:tap-mysql-to-target-bigquery name=target-bigquery producer=False run_id=5cbdc117-a0e8-434b-9ecd-b49ab69457dd stdio=stderr string_id=target-bigquery
2025-08-22T02:26:44.549968Z [info     ] Adding worker 18867b68770940fba3d387f18c4e7f92 cmd_type=elb consumer=True job_name=dev:tap-mysql-to-target-bigquery name=target-bigquery producer=False run_id=5cbdc117-a0e8-434b-9ecd-b49ab69457dd stdio=stderr string_id=target-bigquery
2025-08-22T02:26:51.611953Z [info     ] Cleaning up bec-db-rds-olist_customers_dataset cmd_type=elb consumer=True job_name=dev:tap-mysql-to-target-bigquery name=target-bigquery producer=False run_id=5cbdc117-a0e8-434b-9ecd-b49ab69457dd stdio=stderr string_id=target-bigquery
2025-08-22T02:26:51.613021Z [info     ] Cleaning up bec-db-rds-olist_geolocation_dataset cmd_type=elb consumer=True job_name=dev:tap-mysql-to-target-bigquery name=target-bigquery producer=False run_id=5cbdc117-a0e8-434b-9ecd-b49ab69457dd stdio=stderr string_id=target-bigquery
2025-08-22T02:26:51.613350Z [info     ] Cleaning up bec-db-rds-olist_order_items_dataset cmd_type=elb consumer=True job_name=dev:tap-mysql-to-target-bigquery name=target-bigquery producer=False run_id=5cbdc117-a0e8-434b-9ecd-b49ab69457dd stdio=stderr string_id=target-bigquery
2025-08-22T02:26:51.613602Z [info     ] Cleaning up bec-db-rds-olist_order_payments_dataset cmd_type=elb consumer=True job_name=dev:tap-mysql-to-target-bigquery name=target-bigquery producer=False run_id=5cbdc117-a0e8-434b-9ecd-b49ab69457dd stdio=stderr string_id=target-bigquery
2025-08-22T02:26:51.613942Z [info     ] Cleaning up bec-db-rds-olist_order_reviews_dataset cmd_type=elb consumer=True job_name=dev:tap-mysql-to-target-bigquery name=target-bigquery producer=False run_id=5cbdc117-a0e8-434b-9ecd-b49ab69457dd stdio=stderr string_id=target-bigquery
2025-08-22T02:26:51.614187Z [info     ] Cleaning up bec-db-rds-olist_orders_dataset cmd_type=elb consumer=True job_name=dev:tap-mysql-to-target-bigquery name=target-bigquery producer=False run_id=5cbdc117-a0e8-434b-9ecd-b49ab69457dd stdio=stderr string_id=target-bigquery
2025-08-22T02:26:51.614415Z [info     ] Cleaning up bec-db-rds-olist_products_dataset cmd_type=elb consumer=True job_name=dev:tap-mysql-to-target-bigquery name=target-bigquery producer=False run_id=5cbdc117-a0e8-434b-9ecd-b49ab69457dd stdio=stderr string_id=target-bigquery
2025-08-22T02:26:51.614638Z [info     ] Cleaning up bec-db-rds-olist_sellers_dataset cmd_type=elb consumer=True job_name=dev:tap-mysql-to-target-bigquery name=target-bigquery producer=False run_id=5cbdc117-a0e8-434b-9ecd-b49ab69457dd stdio=stderr string_id=target-bigquery
2025-08-22T02:26:51.614859Z [info     ] Cleaning up bec-db-rds-product_category_name_translation cmd_type=elb consumer=True job_name=dev:tap-mysql-to-target-bigquery name=target-bigquery producer=False run_id=5cbdc117-a0e8-434b-9ecd-b49ab69457dd stdio=stderr string_id=target-bigquery
2025-08-22T02:26:51.615083Z [info     ] Emitting completed target state {"currently_syncing": null, "bookmarks": {"bec-db-rds-olist_customers_dataset": {"initial_full_table_complete": true}, "bec-db-rds-olist_geolocation_dataset": {"initial_full_table_complete": true}, "bec-db-rds-olist_order_items_dataset": {"initial_full_table_complete": true}, "bec-db-rds-olist_order_payments_dataset": {"initial_full_table_complete": true}, "bec-db-rds-olist_order_reviews_dataset": {"initial_full_table_complete": true}, "bec-db-rds-olist_orders_dataset": {"initial_full_table_complete": true}, "bec-db-rds-olist_products_dataset": {"initial_full_table_complete": true}, "bec-db-rds-olist_sellers_dataset": {"initial_full_table_complete": true}, "bec-db-rds-product_category_name_translation": {"initial_full_table_complete": true}}} cmd_type=elb consumer=True job_name=dev:tap-mysql-to-target-bigquery name=target-bigquery producer=False run_id=5cbdc117-a0e8-434b-9ecd-b49ab69457dd stdio=stderr string_id=target-bigquery
2025-08-22T02:26:51.625537Z [info     ] Using systemdb state backend
2025-08-22T02:26:51.631395Z [info     ] Incremental state has been updated at 2025-08-22 02:26:51.631359+00:00.
2025-08-22T02:26:51.847110Z [info     ] Block run completed.           block_type=ExtractLoadBlocks err=None set_number=0 success=True
