2025-08-22T10:31:43.787846Z [info     ] Using systemdb state backend
2025-08-22T10:31:44.282642Z [info     ] /Applications/RF/NTU/SCTP in DSAI/s3-rds-bq-dagster/bec-meltano/.meltano/loaders/target-bigquery/venv/lib/python3.11/site-packages/fs/__init__.py:4: UserWarning: pkg_resources is deprecated as an API. See https://setuptools.pypa.io/en/latest/pkg_resources.html. The pkg_resources package is slated for removal as early as 2025-11-30. Refrain from using this package or pin to Setuptools<81. cmd_type=elb consumer=True job_name=dev:tap-mysql-to-target-bigquery name=target-bigquery producer=False run_id=1ed90210-5f05-46dc-a056-ca94f4e0048b stdio=stderr string_id=target-bigquery
2025-08-22T10:31:44.283103Z [info     ]   __import__("pkg_resources").declare_namespace(__name__)  # type: ignore cmd_type=elb consumer=True job_name=dev:tap-mysql-to-target-bigquery name=target-bigquery producer=False run_id=1ed90210-5f05-46dc-a056-ca94f4e0048b stdio=stderr string_id=target-bigquery
2025-08-22T10:31:45.359525Z [info     ] Using thread-based parallelism cmd_type=elb consumer=True job_name=dev:tap-mysql-to-target-bigquery name=target-bigquery producer=False run_id=1ed90210-5f05-46dc-a056-ca94f4e0048b stdio=stderr string_id=target-bigquery
2025-08-22T10:31:45.360080Z [info     ] Target 'target-bigquery' is listening for input from tap. cmd_type=elb consumer=True job_name=dev:tap-mysql-to-target-bigquery name=target-bigquery producer=False run_id=1ed90210-5f05-46dc-a056-ca94f4e0048b stdio=stderr string_id=target-bigquery
2025-08-22T10:31:45.360375Z [info     ] Initializing 'target-bigquery' target sink... cmd_type=elb consumer=True job_name=dev:tap-mysql-to-target-bigquery name=target-bigquery producer=False run_id=1ed90210-5f05-46dc-a056-ca94f4e0048b stdio=stderr string_id=target-bigquery
2025-08-22T10:31:45.360560Z [info     ] Initializing target sink for stream 'bec-db-rds-olist_customers_dataset'... cmd_type=elb consumer=True job_name=dev:tap-mysql-to-target-bigquery name=target-bigquery producer=False run_id=1ed90210-5f05-46dc-a056-ca94f4e0048b stdio=stderr string_id=target-bigquery
2025-08-22T10:31:46.318167Z [info     ] Setting up bec-db-rds-olist_customers_dataset cmd_type=elb consumer=True job_name=dev:tap-mysql-to-target-bigquery name=target-bigquery producer=False run_id=1ed90210-5f05-46dc-a056-ca94f4e0048b stdio=stderr string_id=target-bigquery
2025-08-22T10:31:46.318470Z [info     ] ACTIVATE_VERSION message received but not implemented by this target. Ignoring. cmd_type=elb consumer=True job_name=dev:tap-mysql-to-target-bigquery name=target-bigquery producer=False run_id=1ed90210-5f05-46dc-a056-ca94f4e0048b stdio=stderr string_id=target-bigquery
2025-08-22T10:31:46.318708Z [info     ] Initializing 'target-bigquery' target sink... cmd_type=elb consumer=True job_name=dev:tap-mysql-to-target-bigquery name=target-bigquery producer=False run_id=1ed90210-5f05-46dc-a056-ca94f4e0048b stdio=stderr string_id=target-bigquery
2025-08-22T10:31:46.318856Z [info     ] Initializing target sink for stream 'bec-db-rds-olist_geolocation_dataset'... cmd_type=elb consumer=True job_name=dev:tap-mysql-to-target-bigquery name=target-bigquery producer=False run_id=1ed90210-5f05-46dc-a056-ca94f4e0048b stdio=stderr string_id=target-bigquery
2025-08-22T10:31:47.045489Z [info     ] Setting up bec-db-rds-olist_geolocation_dataset cmd_type=elb consumer=True job_name=dev:tap-mysql-to-target-bigquery name=target-bigquery producer=False run_id=1ed90210-5f05-46dc-a056-ca94f4e0048b stdio=stderr string_id=target-bigquery
2025-08-22T10:31:47.045808Z [info     ] ACTIVATE_VERSION message received but not implemented by this target. Ignoring. cmd_type=elb consumer=True job_name=dev:tap-mysql-to-target-bigquery name=target-bigquery producer=False run_id=1ed90210-5f05-46dc-a056-ca94f4e0048b stdio=stderr string_id=target-bigquery
2025-08-22T10:31:47.046028Z [info     ] Initializing 'target-bigquery' target sink... cmd_type=elb consumer=True job_name=dev:tap-mysql-to-target-bigquery name=target-bigquery producer=False run_id=1ed90210-5f05-46dc-a056-ca94f4e0048b stdio=stderr string_id=target-bigquery
2025-08-22T10:31:47.046188Z [info     ] Initializing target sink for stream 'bec-db-rds-olist_order_items_dataset'... cmd_type=elb consumer=True job_name=dev:tap-mysql-to-target-bigquery name=target-bigquery producer=False run_id=1ed90210-5f05-46dc-a056-ca94f4e0048b stdio=stderr string_id=target-bigquery
2025-08-22T10:31:47.886840Z [info     ] Setting up bec-db-rds-olist_order_items_dataset cmd_type=elb consumer=True job_name=dev:tap-mysql-to-target-bigquery name=target-bigquery producer=False run_id=1ed90210-5f05-46dc-a056-ca94f4e0048b stdio=stderr string_id=target-bigquery
2025-08-22T10:31:47.887257Z [info     ] ACTIVATE_VERSION message received but not implemented by this target. Ignoring. cmd_type=elb consumer=True job_name=dev:tap-mysql-to-target-bigquery name=target-bigquery producer=False run_id=1ed90210-5f05-46dc-a056-ca94f4e0048b stdio=stderr string_id=target-bigquery
2025-08-22T10:31:47.887540Z [info     ] Initializing 'target-bigquery' target sink... cmd_type=elb consumer=True job_name=dev:tap-mysql-to-target-bigquery name=target-bigquery producer=False run_id=1ed90210-5f05-46dc-a056-ca94f4e0048b stdio=stderr string_id=target-bigquery
2025-08-22T10:31:47.887724Z [info     ] Initializing target sink for stream 'bec-db-rds-olist_order_payments_dataset'... cmd_type=elb consumer=True job_name=dev:tap-mysql-to-target-bigquery name=target-bigquery producer=False run_id=1ed90210-5f05-46dc-a056-ca94f4e0048b stdio=stderr string_id=target-bigquery
2025-08-22T10:31:48.624510Z [info     ] Setting up bec-db-rds-olist_order_payments_dataset cmd_type=elb consumer=True job_name=dev:tap-mysql-to-target-bigquery name=target-bigquery producer=False run_id=1ed90210-5f05-46dc-a056-ca94f4e0048b stdio=stderr string_id=target-bigquery
2025-08-22T10:31:48.624801Z [info     ] ACTIVATE_VERSION message received but not implemented by this target. Ignoring. cmd_type=elb consumer=True job_name=dev:tap-mysql-to-target-bigquery name=target-bigquery producer=False run_id=1ed90210-5f05-46dc-a056-ca94f4e0048b stdio=stderr string_id=target-bigquery
2025-08-22T10:31:48.625019Z [info     ] Initializing 'target-bigquery' target sink... cmd_type=elb consumer=True job_name=dev:tap-mysql-to-target-bigquery name=target-bigquery producer=False run_id=1ed90210-5f05-46dc-a056-ca94f4e0048b stdio=stderr string_id=target-bigquery
2025-08-22T10:31:48.625166Z [info     ] Initializing target sink for stream 'bec-db-rds-olist_order_reviews_dataset'... cmd_type=elb consumer=True job_name=dev:tap-mysql-to-target-bigquery name=target-bigquery producer=False run_id=1ed90210-5f05-46dc-a056-ca94f4e0048b stdio=stderr string_id=target-bigquery
2025-08-22T10:31:49.349589Z [info     ] Setting up bec-db-rds-olist_order_reviews_dataset cmd_type=elb consumer=True job_name=dev:tap-mysql-to-target-bigquery name=target-bigquery producer=False run_id=1ed90210-5f05-46dc-a056-ca94f4e0048b stdio=stderr string_id=target-bigquery
2025-08-22T10:31:53.068178Z [info     ] ACTIVATE_VERSION message received but not implemented by this target. Ignoring. cmd_type=elb consumer=True job_name=dev:tap-mysql-to-target-bigquery name=target-bigquery producer=False run_id=1ed90210-5f05-46dc-a056-ca94f4e0048b stdio=stderr string_id=target-bigquery
2025-08-22T10:31:53.068491Z [info     ] Initializing 'target-bigquery' target sink... cmd_type=elb consumer=True job_name=dev:tap-mysql-to-target-bigquery name=target-bigquery producer=False run_id=1ed90210-5f05-46dc-a056-ca94f4e0048b stdio=stderr string_id=target-bigquery
2025-08-22T10:31:53.068648Z [info     ] Initializing target sink for stream 'bec-db-rds-olist_orders_dataset'... cmd_type=elb consumer=True job_name=dev:tap-mysql-to-target-bigquery name=target-bigquery producer=False run_id=1ed90210-5f05-46dc-a056-ca94f4e0048b stdio=stderr string_id=target-bigquery
2025-08-22T10:31:53.837085Z [info     ] Setting up bec-db-rds-olist_orders_dataset cmd_type=elb consumer=True job_name=dev:tap-mysql-to-target-bigquery name=target-bigquery producer=False run_id=1ed90210-5f05-46dc-a056-ca94f4e0048b stdio=stderr string_id=target-bigquery
2025-08-22T10:31:59.489587Z [info     ] ACTIVATE_VERSION message received but not implemented by this target. Ignoring. cmd_type=elb consumer=True job_name=dev:tap-mysql-to-target-bigquery name=target-bigquery producer=False run_id=1ed90210-5f05-46dc-a056-ca94f4e0048b stdio=stderr string_id=target-bigquery
2025-08-22T10:31:59.601017Z [info     ] Initializing 'target-bigquery' target sink... cmd_type=elb consumer=True job_name=dev:tap-mysql-to-target-bigquery name=target-bigquery producer=False run_id=1ed90210-5f05-46dc-a056-ca94f4e0048b stdio=stderr string_id=target-bigquery
2025-08-22T10:31:59.601457Z [info     ] Initializing target sink for stream 'bec-db-rds-olist_products_dataset'... cmd_type=elb consumer=True job_name=dev:tap-mysql-to-target-bigquery name=target-bigquery producer=False run_id=1ed90210-5f05-46dc-a056-ca94f4e0048b stdio=stderr string_id=target-bigquery
2025-08-22T10:32:00.328550Z [info     ] Setting up bec-db-rds-olist_products_dataset cmd_type=elb consumer=True job_name=dev:tap-mysql-to-target-bigquery name=target-bigquery producer=False run_id=1ed90210-5f05-46dc-a056-ca94f4e0048b stdio=stderr string_id=target-bigquery
2025-08-22T10:32:02.002280Z [info     ] ACTIVATE_VERSION message received but not implemented by this target. Ignoring. cmd_type=elb consumer=True job_name=dev:tap-mysql-to-target-bigquery name=target-bigquery producer=False run_id=1ed90210-5f05-46dc-a056-ca94f4e0048b stdio=stderr string_id=target-bigquery
2025-08-22T10:32:02.094310Z [info     ] Initializing 'target-bigquery' target sink... cmd_type=elb consumer=True job_name=dev:tap-mysql-to-target-bigquery name=target-bigquery producer=False run_id=1ed90210-5f05-46dc-a056-ca94f4e0048b stdio=stderr string_id=target-bigquery
2025-08-22T10:32:02.094775Z [info     ] Initializing target sink for stream 'bec-db-rds-olist_sellers_dataset'... cmd_type=elb consumer=True job_name=dev:tap-mysql-to-target-bigquery name=target-bigquery producer=False run_id=1ed90210-5f05-46dc-a056-ca94f4e0048b stdio=stderr string_id=target-bigquery
2025-08-22T10:32:02.842663Z [info     ] Setting up bec-db-rds-olist_sellers_dataset cmd_type=elb consumer=True job_name=dev:tap-mysql-to-target-bigquery name=target-bigquery producer=False run_id=1ed90210-5f05-46dc-a056-ca94f4e0048b stdio=stderr string_id=target-bigquery
2025-08-22T10:32:02.942707Z [info     ] ACTIVATE_VERSION message received but not implemented by this target. Ignoring. cmd_type=elb consumer=True job_name=dev:tap-mysql-to-target-bigquery name=target-bigquery producer=False run_id=1ed90210-5f05-46dc-a056-ca94f4e0048b stdio=stderr string_id=target-bigquery
2025-08-22T10:32:02.943070Z [info     ] Initializing 'target-bigquery' target sink... cmd_type=elb consumer=True job_name=dev:tap-mysql-to-target-bigquery name=target-bigquery producer=False run_id=1ed90210-5f05-46dc-a056-ca94f4e0048b stdio=stderr string_id=target-bigquery
2025-08-22T10:32:02.943216Z [info     ] Initializing target sink for stream 'bec-db-rds-product_category_name_translation'... cmd_type=elb consumer=True job_name=dev:tap-mysql-to-target-bigquery name=target-bigquery producer=False run_id=1ed90210-5f05-46dc-a056-ca94f4e0048b stdio=stderr string_id=target-bigquery
2025-08-22T10:32:03.835195Z [info     ] Setting up bec-db-rds-product_category_name_translation cmd_type=elb consumer=True job_name=dev:tap-mysql-to-target-bigquery name=target-bigquery producer=False run_id=1ed90210-5f05-46dc-a056-ca94f4e0048b stdio=stderr string_id=target-bigquery
2025-08-22T10:32:03.838100Z [info     ] ACTIVATE_VERSION message received but not implemented by this target. Ignoring. cmd_type=elb consumer=True job_name=dev:tap-mysql-to-target-bigquery name=target-bigquery producer=False run_id=1ed90210-5f05-46dc-a056-ca94f4e0048b stdio=stderr string_id=target-bigquery
2025-08-22T10:32:03.838418Z [info     ] Target 'target-bigquery' completed reading 235061 lines of input (234782 records, (0 batch manifests, 261 state messages). cmd_type=elb consumer=True job_name=dev:tap-mysql-to-target-bigquery name=target-bigquery producer=False run_id=1ed90210-5f05-46dc-a056-ca94f4e0048b stdio=stderr string_id=target-bigquery
2025-08-22T10:32:03.839083Z [info     ] Adding worker fb0f7f805a0d4f65ab1662b31aafa5d7 cmd_type=elb consumer=True job_name=dev:tap-mysql-to-target-bigquery name=target-bigquery producer=False run_id=1ed90210-5f05-46dc-a056-ca94f4e0048b stdio=stderr string_id=target-bigquery
2025-08-22T10:32:33.676326Z [info     ]                                cmd_type=elb consumer=True job_name=dev:tap-mysql-to-target-bigquery name=target-bigquery producer=False run_id=1ed90210-5f05-46dc-a056-ca94f4e0048b stdio=stderr string_id=target-bigquery
2025-08-22T10:32:33.676611Z [info     ] Aborted!                       cmd_type=elb consumer=True job_name=dev:tap-mysql-to-target-bigquery name=target-bigquery producer=False run_id=1ed90210-5f05-46dc-a056-ca94f4e0048b stdio=stderr string_id=target-bigquery
2025-08-22T10:32:33.852247Z [warning  ] Loop <_UnixSelectorEventLoop running=False closed=True debug=False> that handles pid 13528 is closed
