2025-08-22T09:12:57.062457Z [info     ] Using systemdb state backend
2025-08-22T09:12:57.676041Z [info     ] /Applications/RF/NTU/SCTP in DSAI/s3-rds-bq-dagster/bec-meltano/.meltano/loaders/target-bigquery/venv/lib/python3.11/site-packages/fs/__init__.py:4: UserWarning: pkg_resources is deprecated as an API. See https://setuptools.pypa.io/en/latest/pkg_resources.html. The pkg_resources package is slated for removal as early as 2025-11-30. Refrain from using this package or pin to Setuptools<81. cmd_type=elb consumer=True job_name=dev:tap-mysql-to-target-bigquery name=target-bigquery producer=False run_id=a0673a62-fe3e-4453-a065-2a86dd547679 stdio=stderr string_id=target-bigquery
2025-08-22T09:12:57.676523Z [info     ]   __import__("pkg_resources").declare_namespace(__name__)  # type: ignore cmd_type=elb consumer=True job_name=dev:tap-mysql-to-target-bigquery name=target-bigquery producer=False run_id=a0673a62-fe3e-4453-a065-2a86dd547679 stdio=stderr string_id=target-bigquery
2025-08-22T09:12:58.838381Z [info     ] Using thread-based parallelism cmd_type=elb consumer=True job_name=dev:tap-mysql-to-target-bigquery name=target-bigquery producer=False run_id=a0673a62-fe3e-4453-a065-2a86dd547679 stdio=stderr string_id=target-bigquery
2025-08-22T09:12:58.838802Z [info     ] Target 'target-bigquery' is listening for input from tap. cmd_type=elb consumer=True job_name=dev:tap-mysql-to-target-bigquery name=target-bigquery producer=False run_id=a0673a62-fe3e-4453-a065-2a86dd547679 stdio=stderr string_id=target-bigquery
2025-08-22T09:12:58.839003Z [info     ] Initializing 'target-bigquery' target sink... cmd_type=elb consumer=True job_name=dev:tap-mysql-to-target-bigquery name=target-bigquery producer=False run_id=a0673a62-fe3e-4453-a065-2a86dd547679 stdio=stderr string_id=target-bigquery
2025-08-22T09:12:58.839186Z [info     ] Initializing target sink for stream 'bec-db-rds-olist_customers_dataset'... cmd_type=elb consumer=True job_name=dev:tap-mysql-to-target-bigquery name=target-bigquery producer=False run_id=a0673a62-fe3e-4453-a065-2a86dd547679 stdio=stderr string_id=target-bigquery
2025-08-22T09:12:59.861587Z [info     ] Setting up bec-db-rds-olist_customers_dataset cmd_type=elb consumer=True job_name=dev:tap-mysql-to-target-bigquery name=target-bigquery producer=False run_id=a0673a62-fe3e-4453-a065-2a86dd547679 stdio=stderr string_id=target-bigquery
2025-08-22T09:12:59.861962Z [info     ] ACTIVATE_VERSION message received but not implemented by this target. Ignoring. cmd_type=elb consumer=True job_name=dev:tap-mysql-to-target-bigquery name=target-bigquery producer=False run_id=a0673a62-fe3e-4453-a065-2a86dd547679 stdio=stderr string_id=target-bigquery
2025-08-22T09:12:59.862191Z [info     ] Initializing 'target-bigquery' target sink... cmd_type=elb consumer=True job_name=dev:tap-mysql-to-target-bigquery name=target-bigquery producer=False run_id=a0673a62-fe3e-4453-a065-2a86dd547679 stdio=stderr string_id=target-bigquery
2025-08-22T09:12:59.862339Z [info     ] Initializing target sink for stream 'bec-db-rds-olist_geolocation_dataset'... cmd_type=elb consumer=True job_name=dev:tap-mysql-to-target-bigquery name=target-bigquery producer=False run_id=a0673a62-fe3e-4453-a065-2a86dd547679 stdio=stderr string_id=target-bigquery
2025-08-22T09:13:00.597808Z [info     ] Setting up bec-db-rds-olist_geolocation_dataset cmd_type=elb consumer=True job_name=dev:tap-mysql-to-target-bigquery name=target-bigquery producer=False run_id=a0673a62-fe3e-4453-a065-2a86dd547679 stdio=stderr string_id=target-bigquery
2025-08-22T09:13:00.598132Z [info     ] ACTIVATE_VERSION message received but not implemented by this target. Ignoring. cmd_type=elb consumer=True job_name=dev:tap-mysql-to-target-bigquery name=target-bigquery producer=False run_id=a0673a62-fe3e-4453-a065-2a86dd547679 stdio=stderr string_id=target-bigquery
2025-08-22T09:13:00.598364Z [info     ] Initializing 'target-bigquery' target sink... cmd_type=elb consumer=True job_name=dev:tap-mysql-to-target-bigquery name=target-bigquery producer=False run_id=a0673a62-fe3e-4453-a065-2a86dd547679 stdio=stderr string_id=target-bigquery
2025-08-22T09:13:00.598524Z [info     ] Initializing target sink for stream 'bec-db-rds-olist_order_items_dataset'... cmd_type=elb consumer=True job_name=dev:tap-mysql-to-target-bigquery name=target-bigquery producer=False run_id=a0673a62-fe3e-4453-a065-2a86dd547679 stdio=stderr string_id=target-bigquery
2025-08-22T09:13:01.345412Z [info     ] Setting up bec-db-rds-olist_order_items_dataset cmd_type=elb consumer=True job_name=dev:tap-mysql-to-target-bigquery name=target-bigquery producer=False run_id=a0673a62-fe3e-4453-a065-2a86dd547679 stdio=stderr string_id=target-bigquery
2025-08-22T09:13:01.345728Z [info     ] ACTIVATE_VERSION message received but not implemented by this target. Ignoring. cmd_type=elb consumer=True job_name=dev:tap-mysql-to-target-bigquery name=target-bigquery producer=False run_id=a0673a62-fe3e-4453-a065-2a86dd547679 stdio=stderr string_id=target-bigquery
2025-08-22T09:13:01.345887Z [info     ] Initializing 'target-bigquery' target sink... cmd_type=elb consumer=True job_name=dev:tap-mysql-to-target-bigquery name=target-bigquery producer=False run_id=a0673a62-fe3e-4453-a065-2a86dd547679 stdio=stderr string_id=target-bigquery
2025-08-22T09:13:01.346100Z [info     ] Initializing target sink for stream 'bec-db-rds-olist_order_payments_dataset'... cmd_type=elb consumer=True job_name=dev:tap-mysql-to-target-bigquery name=target-bigquery producer=False run_id=a0673a62-fe3e-4453-a065-2a86dd547679 stdio=stderr string_id=target-bigquery
2025-08-22T09:13:02.064180Z [info     ] Setting up bec-db-rds-olist_order_payments_dataset cmd_type=elb consumer=True job_name=dev:tap-mysql-to-target-bigquery name=target-bigquery producer=False run_id=a0673a62-fe3e-4453-a065-2a86dd547679 stdio=stderr string_id=target-bigquery
2025-08-22T09:13:02.064537Z [info     ] ACTIVATE_VERSION message received but not implemented by this target. Ignoring. cmd_type=elb consumer=True job_name=dev:tap-mysql-to-target-bigquery name=target-bigquery producer=False run_id=a0673a62-fe3e-4453-a065-2a86dd547679 stdio=stderr string_id=target-bigquery
2025-08-22T09:13:02.064924Z [info     ] Initializing 'target-bigquery' target sink... cmd_type=elb consumer=True job_name=dev:tap-mysql-to-target-bigquery name=target-bigquery producer=False run_id=a0673a62-fe3e-4453-a065-2a86dd547679 stdio=stderr string_id=target-bigquery
2025-08-22T09:13:02.065103Z [info     ] Initializing target sink for stream 'bec-db-rds-olist_order_reviews_dataset'... cmd_type=elb consumer=True job_name=dev:tap-mysql-to-target-bigquery name=target-bigquery producer=False run_id=a0673a62-fe3e-4453-a065-2a86dd547679 stdio=stderr string_id=target-bigquery
2025-08-22T09:13:02.869561Z [info     ] Setting up bec-db-rds-olist_order_reviews_dataset cmd_type=elb consumer=True job_name=dev:tap-mysql-to-target-bigquery name=target-bigquery producer=False run_id=a0673a62-fe3e-4453-a065-2a86dd547679 stdio=stderr string_id=target-bigquery
2025-08-22T09:13:06.508049Z [info     ] ACTIVATE_VERSION message received but not implemented by this target. Ignoring. cmd_type=elb consumer=True job_name=dev:tap-mysql-to-target-bigquery name=target-bigquery producer=False run_id=a0673a62-fe3e-4453-a065-2a86dd547679 stdio=stderr string_id=target-bigquery
2025-08-22T09:13:06.509252Z [info     ] Initializing 'target-bigquery' target sink... cmd_type=elb consumer=True job_name=dev:tap-mysql-to-target-bigquery name=target-bigquery producer=False run_id=a0673a62-fe3e-4453-a065-2a86dd547679 stdio=stderr string_id=target-bigquery
2025-08-22T09:13:06.509517Z [info     ] Initializing target sink for stream 'bec-db-rds-olist_orders_dataset'... cmd_type=elb consumer=True job_name=dev:tap-mysql-to-target-bigquery name=target-bigquery producer=False run_id=a0673a62-fe3e-4453-a065-2a86dd547679 stdio=stderr string_id=target-bigquery
2025-08-22T09:13:07.263977Z [info     ] Setting up bec-db-rds-olist_orders_dataset cmd_type=elb consumer=True job_name=dev:tap-mysql-to-target-bigquery name=target-bigquery producer=False run_id=a0673a62-fe3e-4453-a065-2a86dd547679 stdio=stderr string_id=target-bigquery
2025-08-22T09:13:12.891904Z [info     ] ACTIVATE_VERSION message received but not implemented by this target. Ignoring. cmd_type=elb consumer=True job_name=dev:tap-mysql-to-target-bigquery name=target-bigquery producer=False run_id=a0673a62-fe3e-4453-a065-2a86dd547679 stdio=stderr string_id=target-bigquery
2025-08-22T09:13:13.015121Z [info     ] Initializing 'target-bigquery' target sink... cmd_type=elb consumer=True job_name=dev:tap-mysql-to-target-bigquery name=target-bigquery producer=False run_id=a0673a62-fe3e-4453-a065-2a86dd547679 stdio=stderr string_id=target-bigquery
2025-08-22T09:13:13.015687Z [info     ] Initializing target sink for stream 'bec-db-rds-olist_products_dataset'... cmd_type=elb consumer=True job_name=dev:tap-mysql-to-target-bigquery name=target-bigquery producer=False run_id=a0673a62-fe3e-4453-a065-2a86dd547679 stdio=stderr string_id=target-bigquery
2025-08-22T09:13:13.755012Z [info     ] Setting up bec-db-rds-olist_products_dataset cmd_type=elb consumer=True job_name=dev:tap-mysql-to-target-bigquery name=target-bigquery producer=False run_id=a0673a62-fe3e-4453-a065-2a86dd547679 stdio=stderr string_id=target-bigquery
2025-08-22T09:13:15.496181Z [info     ] ACTIVATE_VERSION message received but not implemented by this target. Ignoring. cmd_type=elb consumer=True job_name=dev:tap-mysql-to-target-bigquery name=target-bigquery producer=False run_id=a0673a62-fe3e-4453-a065-2a86dd547679 stdio=stderr string_id=target-bigquery
2025-08-22T09:13:15.598362Z [info     ] Initializing 'target-bigquery' target sink... cmd_type=elb consumer=True job_name=dev:tap-mysql-to-target-bigquery name=target-bigquery producer=False run_id=a0673a62-fe3e-4453-a065-2a86dd547679 stdio=stderr string_id=target-bigquery
2025-08-22T09:13:15.618553Z [info     ] Initializing target sink for stream 'bec-db-rds-olist_sellers_dataset'... cmd_type=elb consumer=True job_name=dev:tap-mysql-to-target-bigquery name=target-bigquery producer=False run_id=a0673a62-fe3e-4453-a065-2a86dd547679 stdio=stderr string_id=target-bigquery
2025-08-22T09:13:16.602035Z [info     ] Setting up bec-db-rds-olist_sellers_dataset cmd_type=elb consumer=True job_name=dev:tap-mysql-to-target-bigquery name=target-bigquery producer=False run_id=a0673a62-fe3e-4453-a065-2a86dd547679 stdio=stderr string_id=target-bigquery
2025-08-22T09:13:16.709744Z [info     ] ACTIVATE_VERSION message received but not implemented by this target. Ignoring. cmd_type=elb consumer=True job_name=dev:tap-mysql-to-target-bigquery name=target-bigquery producer=False run_id=a0673a62-fe3e-4453-a065-2a86dd547679 stdio=stderr string_id=target-bigquery
2025-08-22T09:13:16.710046Z [info     ] Initializing 'target-bigquery' target sink... cmd_type=elb consumer=True job_name=dev:tap-mysql-to-target-bigquery name=target-bigquery producer=False run_id=a0673a62-fe3e-4453-a065-2a86dd547679 stdio=stderr string_id=target-bigquery
2025-08-22T09:13:16.710209Z [info     ] Initializing target sink for stream 'bec-db-rds-product_category_name_translation'... cmd_type=elb consumer=True job_name=dev:tap-mysql-to-target-bigquery name=target-bigquery producer=False run_id=a0673a62-fe3e-4453-a065-2a86dd547679 stdio=stderr string_id=target-bigquery
2025-08-22T09:13:17.555251Z [info     ] Setting up bec-db-rds-product_category_name_translation cmd_type=elb consumer=True job_name=dev:tap-mysql-to-target-bigquery name=target-bigquery producer=False run_id=a0673a62-fe3e-4453-a065-2a86dd547679 stdio=stderr string_id=target-bigquery
2025-08-22T09:13:17.558310Z [info     ] ACTIVATE_VERSION message received but not implemented by this target. Ignoring. cmd_type=elb consumer=True job_name=dev:tap-mysql-to-target-bigquery name=target-bigquery producer=False run_id=a0673a62-fe3e-4453-a065-2a86dd547679 stdio=stderr string_id=target-bigquery
2025-08-22T09:13:17.558717Z [info     ] Target 'target-bigquery' completed reading 235061 lines of input (234782 records, (0 batch manifests, 261 state messages). cmd_type=elb consumer=True job_name=dev:tap-mysql-to-target-bigquery name=target-bigquery producer=False run_id=a0673a62-fe3e-4453-a065-2a86dd547679 stdio=stderr string_id=target-bigquery
2025-08-22T09:13:17.559397Z [info     ] Adding worker e654472e262c444f988d88c08ef9b335 cmd_type=elb consumer=True job_name=dev:tap-mysql-to-target-bigquery name=target-bigquery producer=False run_id=a0673a62-fe3e-4453-a065-2a86dd547679 stdio=stderr string_id=target-bigquery
2025-08-22T09:14:03.600878Z [info     ] Cleaning up bec-db-rds-olist_customers_dataset cmd_type=elb consumer=True job_name=dev:tap-mysql-to-target-bigquery name=target-bigquery producer=False run_id=a0673a62-fe3e-4453-a065-2a86dd547679 stdio=stderr string_id=target-bigquery
2025-08-22T09:14:03.602093Z [info     ] Cleaning up bec-db-rds-olist_geolocation_dataset cmd_type=elb consumer=True job_name=dev:tap-mysql-to-target-bigquery name=target-bigquery producer=False run_id=a0673a62-fe3e-4453-a065-2a86dd547679 stdio=stderr string_id=target-bigquery
2025-08-22T09:14:03.602559Z [info     ] Cleaning up bec-db-rds-olist_order_items_dataset cmd_type=elb consumer=True job_name=dev:tap-mysql-to-target-bigquery name=target-bigquery producer=False run_id=a0673a62-fe3e-4453-a065-2a86dd547679 stdio=stderr string_id=target-bigquery
2025-08-22T09:14:03.602892Z [info     ] Cleaning up bec-db-rds-olist_order_payments_dataset cmd_type=elb consumer=True job_name=dev:tap-mysql-to-target-bigquery name=target-bigquery producer=False run_id=a0673a62-fe3e-4453-a065-2a86dd547679 stdio=stderr string_id=target-bigquery
2025-08-22T09:14:03.603377Z [info     ] Cleaning up bec-db-rds-olist_order_reviews_dataset cmd_type=elb consumer=True job_name=dev:tap-mysql-to-target-bigquery name=target-bigquery producer=False run_id=a0673a62-fe3e-4453-a065-2a86dd547679 stdio=stderr string_id=target-bigquery
2025-08-22T09:14:03.603643Z [info     ] Cleaning up bec-db-rds-olist_orders_dataset cmd_type=elb consumer=True job_name=dev:tap-mysql-to-target-bigquery name=target-bigquery producer=False run_id=a0673a62-fe3e-4453-a065-2a86dd547679 stdio=stderr string_id=target-bigquery
2025-08-22T09:14:03.603874Z [info     ] Cleaning up bec-db-rds-olist_products_dataset cmd_type=elb consumer=True job_name=dev:tap-mysql-to-target-bigquery name=target-bigquery producer=False run_id=a0673a62-fe3e-4453-a065-2a86dd547679 stdio=stderr string_id=target-bigquery
2025-08-22T09:14:03.604205Z [info     ] Cleaning up bec-db-rds-olist_sellers_dataset cmd_type=elb consumer=True job_name=dev:tap-mysql-to-target-bigquery name=target-bigquery producer=False run_id=a0673a62-fe3e-4453-a065-2a86dd547679 stdio=stderr string_id=target-bigquery
2025-08-22T09:14:03.604444Z [info     ] Cleaning up bec-db-rds-product_category_name_translation cmd_type=elb consumer=True job_name=dev:tap-mysql-to-target-bigquery name=target-bigquery producer=False run_id=a0673a62-fe3e-4453-a065-2a86dd547679 stdio=stderr string_id=target-bigquery
2025-08-22T09:14:03.604670Z [info     ] Emitting completed target state {"currently_syncing": null, "bookmarks": {"bec-db-rds-olist_customers_dataset": {"initial_full_table_complete": true}, "bec-db-rds-olist_geolocation_dataset": {"initial_full_table_complete": true}, "bec-db-rds-olist_order_items_dataset": {"initial_full_table_complete": true}, "bec-db-rds-olist_order_payments_dataset": {"initial_full_table_complete": true}, "bec-db-rds-olist_order_reviews_dataset": {"initial_full_table_complete": true}, "bec-db-rds-olist_orders_dataset": {"initial_full_table_complete": true}, "bec-db-rds-olist_products_dataset": {"initial_full_table_complete": true}, "bec-db-rds-olist_sellers_dataset": {"initial_full_table_complete": true}, "bec-db-rds-product_category_name_translation": {"initial_full_table_complete": true}}} cmd_type=elb consumer=True job_name=dev:tap-mysql-to-target-bigquery name=target-bigquery producer=False run_id=a0673a62-fe3e-4453-a065-2a86dd547679 stdio=stderr string_id=target-bigquery
2025-08-22T09:14:03.614091Z [info     ] Using systemdb state backend
2025-08-22T09:14:03.620597Z [info     ] Incremental state has been updated at 2025-08-22 09:14:03.620561+00:00.
2025-08-22T09:14:03.814573Z [info     ] Block run completed.           block_type=ExtractLoadBlocks err=None set_number=0 success=True
