2025-08-22T10:45:45.502078Z [info     ] Using systemdb state backend
2025-08-22T10:45:45.979415Z [info     ] /Applications/RF/NTU/SCTP in DSAI/s3-rds-bq-dagster/bec-meltano/.meltano/loaders/target-bigquery/venv/lib/python3.11/site-packages/fs/__init__.py:4: UserWarning: pkg_resources is deprecated as an API. See https://setuptools.pypa.io/en/latest/pkg_resources.html. The pkg_resources package is slated for removal as early as 2025-11-30. Refrain from using this package or pin to Setuptools<81. cmd_type=elb consumer=True job_name=dev:tap-mysql-to-target-bigquery name=target-bigquery producer=False run_id=0e16b8a1-1318-498d-9eee-904e5e64233c stdio=stderr string_id=target-bigquery
2025-08-22T10:45:45.979851Z [info     ]   __import__("pkg_resources").declare_namespace(__name__)  # type: ignore cmd_type=elb consumer=True job_name=dev:tap-mysql-to-target-bigquery name=target-bigquery producer=False run_id=0e16b8a1-1318-498d-9eee-904e5e64233c stdio=stderr string_id=target-bigquery
2025-08-22T10:45:47.092286Z [info     ] Using thread-based parallelism cmd_type=elb consumer=True job_name=dev:tap-mysql-to-target-bigquery name=target-bigquery producer=False run_id=0e16b8a1-1318-498d-9eee-904e5e64233c stdio=stderr string_id=target-bigquery
2025-08-22T10:45:47.093514Z [info     ] Target 'target-bigquery' is listening for input from tap. cmd_type=elb consumer=True job_name=dev:tap-mysql-to-target-bigquery name=target-bigquery producer=False run_id=0e16b8a1-1318-498d-9eee-904e5e64233c stdio=stderr string_id=target-bigquery
2025-08-22T10:45:47.094719Z [info     ] Initializing 'target-bigquery' target sink... cmd_type=elb consumer=True job_name=dev:tap-mysql-to-target-bigquery name=target-bigquery producer=False run_id=0e16b8a1-1318-498d-9eee-904e5e64233c stdio=stderr string_id=target-bigquery
2025-08-22T10:45:47.095186Z [info     ] Initializing target sink for stream 'bec-db-rds-olist_customers_dataset'... cmd_type=elb consumer=True job_name=dev:tap-mysql-to-target-bigquery name=target-bigquery producer=False run_id=0e16b8a1-1318-498d-9eee-904e5e64233c stdio=stderr string_id=target-bigquery
2025-08-22T10:45:48.173156Z [info     ] Setting up bec-db-rds-olist_customers_dataset cmd_type=elb consumer=True job_name=dev:tap-mysql-to-target-bigquery name=target-bigquery producer=False run_id=0e16b8a1-1318-498d-9eee-904e5e64233c stdio=stderr string_id=target-bigquery
2025-08-22T10:45:48.173454Z [info     ] ACTIVATE_VERSION message received but not implemented by this target. Ignoring. cmd_type=elb consumer=True job_name=dev:tap-mysql-to-target-bigquery name=target-bigquery producer=False run_id=0e16b8a1-1318-498d-9eee-904e5e64233c stdio=stderr string_id=target-bigquery
2025-08-22T10:45:48.173694Z [info     ] Initializing 'target-bigquery' target sink... cmd_type=elb consumer=True job_name=dev:tap-mysql-to-target-bigquery name=target-bigquery producer=False run_id=0e16b8a1-1318-498d-9eee-904e5e64233c stdio=stderr string_id=target-bigquery
2025-08-22T10:45:48.173841Z [info     ] Initializing target sink for stream 'bec-db-rds-olist_geolocation_dataset'... cmd_type=elb consumer=True job_name=dev:tap-mysql-to-target-bigquery name=target-bigquery producer=False run_id=0e16b8a1-1318-498d-9eee-904e5e64233c stdio=stderr string_id=target-bigquery
2025-08-22T10:45:48.986994Z [info     ] Setting up bec-db-rds-olist_geolocation_dataset cmd_type=elb consumer=True job_name=dev:tap-mysql-to-target-bigquery name=target-bigquery producer=False run_id=0e16b8a1-1318-498d-9eee-904e5e64233c stdio=stderr string_id=target-bigquery
2025-08-22T10:45:48.987339Z [info     ] ACTIVATE_VERSION message received but not implemented by this target. Ignoring. cmd_type=elb consumer=True job_name=dev:tap-mysql-to-target-bigquery name=target-bigquery producer=False run_id=0e16b8a1-1318-498d-9eee-904e5e64233c stdio=stderr string_id=target-bigquery
2025-08-22T10:45:48.987563Z [info     ] Initializing 'target-bigquery' target sink... cmd_type=elb consumer=True job_name=dev:tap-mysql-to-target-bigquery name=target-bigquery producer=False run_id=0e16b8a1-1318-498d-9eee-904e5e64233c stdio=stderr string_id=target-bigquery
2025-08-22T10:45:48.987735Z [info     ] Initializing target sink for stream 'bec-db-rds-olist_order_items_dataset'... cmd_type=elb consumer=True job_name=dev:tap-mysql-to-target-bigquery name=target-bigquery producer=False run_id=0e16b8a1-1318-498d-9eee-904e5e64233c stdio=stderr string_id=target-bigquery
2025-08-22T10:45:49.826248Z [info     ] Setting up bec-db-rds-olist_order_items_dataset cmd_type=elb consumer=True job_name=dev:tap-mysql-to-target-bigquery name=target-bigquery producer=False run_id=0e16b8a1-1318-498d-9eee-904e5e64233c stdio=stderr string_id=target-bigquery
2025-08-22T10:45:49.826613Z [info     ] ACTIVATE_VERSION message received but not implemented by this target. Ignoring. cmd_type=elb consumer=True job_name=dev:tap-mysql-to-target-bigquery name=target-bigquery producer=False run_id=0e16b8a1-1318-498d-9eee-904e5e64233c stdio=stderr string_id=target-bigquery
2025-08-22T10:45:49.826841Z [info     ] Initializing 'target-bigquery' target sink... cmd_type=elb consumer=True job_name=dev:tap-mysql-to-target-bigquery name=target-bigquery producer=False run_id=0e16b8a1-1318-498d-9eee-904e5e64233c stdio=stderr string_id=target-bigquery
2025-08-22T10:45:49.826997Z [info     ] Initializing target sink for stream 'bec-db-rds-olist_order_payments_dataset'... cmd_type=elb consumer=True job_name=dev:tap-mysql-to-target-bigquery name=target-bigquery producer=False run_id=0e16b8a1-1318-498d-9eee-904e5e64233c stdio=stderr string_id=target-bigquery
2025-08-22T10:45:50.489757Z [info     ] Setting up bec-db-rds-olist_order_payments_dataset cmd_type=elb consumer=True job_name=dev:tap-mysql-to-target-bigquery name=target-bigquery producer=False run_id=0e16b8a1-1318-498d-9eee-904e5e64233c stdio=stderr string_id=target-bigquery
2025-08-22T10:45:50.490059Z [info     ] ACTIVATE_VERSION message received but not implemented by this target. Ignoring. cmd_type=elb consumer=True job_name=dev:tap-mysql-to-target-bigquery name=target-bigquery producer=False run_id=0e16b8a1-1318-498d-9eee-904e5e64233c stdio=stderr string_id=target-bigquery
2025-08-22T10:45:50.490321Z [info     ] Initializing 'target-bigquery' target sink... cmd_type=elb consumer=True job_name=dev:tap-mysql-to-target-bigquery name=target-bigquery producer=False run_id=0e16b8a1-1318-498d-9eee-904e5e64233c stdio=stderr string_id=target-bigquery
2025-08-22T10:45:50.490584Z [info     ] Initializing target sink for stream 'bec-db-rds-olist_order_reviews_dataset'... cmd_type=elb consumer=True job_name=dev:tap-mysql-to-target-bigquery name=target-bigquery producer=False run_id=0e16b8a1-1318-498d-9eee-904e5e64233c stdio=stderr string_id=target-bigquery
2025-08-22T10:45:51.192248Z [info     ] Setting up bec-db-rds-olist_order_reviews_dataset cmd_type=elb consumer=True job_name=dev:tap-mysql-to-target-bigquery name=target-bigquery producer=False run_id=0e16b8a1-1318-498d-9eee-904e5e64233c stdio=stderr string_id=target-bigquery
2025-08-22T10:45:54.746615Z [info     ] ACTIVATE_VERSION message received but not implemented by this target. Ignoring. cmd_type=elb consumer=True job_name=dev:tap-mysql-to-target-bigquery name=target-bigquery producer=False run_id=0e16b8a1-1318-498d-9eee-904e5e64233c stdio=stderr string_id=target-bigquery
2025-08-22T10:45:54.747682Z [info     ] Initializing 'target-bigquery' target sink... cmd_type=elb consumer=True job_name=dev:tap-mysql-to-target-bigquery name=target-bigquery producer=False run_id=0e16b8a1-1318-498d-9eee-904e5e64233c stdio=stderr string_id=target-bigquery
2025-08-22T10:45:54.747859Z [info     ] Initializing target sink for stream 'bec-db-rds-olist_orders_dataset'... cmd_type=elb consumer=True job_name=dev:tap-mysql-to-target-bigquery name=target-bigquery producer=False run_id=0e16b8a1-1318-498d-9eee-904e5e64233c stdio=stderr string_id=target-bigquery
2025-08-22T10:45:55.465821Z [info     ] Setting up bec-db-rds-olist_orders_dataset cmd_type=elb consumer=True job_name=dev:tap-mysql-to-target-bigquery name=target-bigquery producer=False run_id=0e16b8a1-1318-498d-9eee-904e5e64233c stdio=stderr string_id=target-bigquery
2025-08-22T10:46:01.617898Z [info     ] ACTIVATE_VERSION message received but not implemented by this target. Ignoring. cmd_type=elb consumer=True job_name=dev:tap-mysql-to-target-bigquery name=target-bigquery producer=False run_id=0e16b8a1-1318-498d-9eee-904e5e64233c stdio=stderr string_id=target-bigquery
2025-08-22T10:46:01.811212Z [info     ] Initializing 'target-bigquery' target sink... cmd_type=elb consumer=True job_name=dev:tap-mysql-to-target-bigquery name=target-bigquery producer=False run_id=0e16b8a1-1318-498d-9eee-904e5e64233c stdio=stderr string_id=target-bigquery
2025-08-22T10:46:01.811769Z [info     ] Initializing target sink for stream 'bec-db-rds-olist_products_dataset'... cmd_type=elb consumer=True job_name=dev:tap-mysql-to-target-bigquery name=target-bigquery producer=False run_id=0e16b8a1-1318-498d-9eee-904e5e64233c stdio=stderr string_id=target-bigquery
2025-08-22T10:46:02.593572Z [info     ] Setting up bec-db-rds-olist_products_dataset cmd_type=elb consumer=True job_name=dev:tap-mysql-to-target-bigquery name=target-bigquery producer=False run_id=0e16b8a1-1318-498d-9eee-904e5e64233c stdio=stderr string_id=target-bigquery
2025-08-22T10:46:04.291120Z [info     ] ACTIVATE_VERSION message received but not implemented by this target. Ignoring. cmd_type=elb consumer=True job_name=dev:tap-mysql-to-target-bigquery name=target-bigquery producer=False run_id=0e16b8a1-1318-498d-9eee-904e5e64233c stdio=stderr string_id=target-bigquery
2025-08-22T10:46:04.397256Z [info     ] Initializing 'target-bigquery' target sink... cmd_type=elb consumer=True job_name=dev:tap-mysql-to-target-bigquery name=target-bigquery producer=False run_id=0e16b8a1-1318-498d-9eee-904e5e64233c stdio=stderr string_id=target-bigquery
2025-08-22T10:46:04.397812Z [info     ] Initializing target sink for stream 'bec-db-rds-olist_sellers_dataset'... cmd_type=elb consumer=True job_name=dev:tap-mysql-to-target-bigquery name=target-bigquery producer=False run_id=0e16b8a1-1318-498d-9eee-904e5e64233c stdio=stderr string_id=target-bigquery
2025-08-22T10:46:05.229211Z [info     ] Setting up bec-db-rds-olist_sellers_dataset cmd_type=elb consumer=True job_name=dev:tap-mysql-to-target-bigquery name=target-bigquery producer=False run_id=0e16b8a1-1318-498d-9eee-904e5e64233c stdio=stderr string_id=target-bigquery
2025-08-22T10:46:05.330432Z [info     ] ACTIVATE_VERSION message received but not implemented by this target. Ignoring. cmd_type=elb consumer=True job_name=dev:tap-mysql-to-target-bigquery name=target-bigquery producer=False run_id=0e16b8a1-1318-498d-9eee-904e5e64233c stdio=stderr string_id=target-bigquery
2025-08-22T10:46:05.330712Z [info     ] Initializing 'target-bigquery' target sink... cmd_type=elb consumer=True job_name=dev:tap-mysql-to-target-bigquery name=target-bigquery producer=False run_id=0e16b8a1-1318-498d-9eee-904e5e64233c stdio=stderr string_id=target-bigquery
2025-08-22T10:46:05.330859Z [info     ] Initializing target sink for stream 'bec-db-rds-product_category_name_translation'... cmd_type=elb consumer=True job_name=dev:tap-mysql-to-target-bigquery name=target-bigquery producer=False run_id=0e16b8a1-1318-498d-9eee-904e5e64233c stdio=stderr string_id=target-bigquery
2025-08-22T10:46:05.984763Z [info     ] Setting up bec-db-rds-product_category_name_translation cmd_type=elb consumer=True job_name=dev:tap-mysql-to-target-bigquery name=target-bigquery producer=False run_id=0e16b8a1-1318-498d-9eee-904e5e64233c stdio=stderr string_id=target-bigquery
2025-08-22T10:46:05.988131Z [info     ] ACTIVATE_VERSION message received but not implemented by this target. Ignoring. cmd_type=elb consumer=True job_name=dev:tap-mysql-to-target-bigquery name=target-bigquery producer=False run_id=0e16b8a1-1318-498d-9eee-904e5e64233c stdio=stderr string_id=target-bigquery
2025-08-22T10:46:05.988533Z [info     ] Target 'target-bigquery' completed reading 235061 lines of input (234782 records, (0 batch manifests, 261 state messages). cmd_type=elb consumer=True job_name=dev:tap-mysql-to-target-bigquery name=target-bigquery producer=False run_id=0e16b8a1-1318-498d-9eee-904e5e64233c stdio=stderr string_id=target-bigquery
2025-08-22T10:46:05.989241Z [info     ] Adding worker d38ea021a78b4ce1be61261f99266509 cmd_type=elb consumer=True job_name=dev:tap-mysql-to-target-bigquery name=target-bigquery producer=False run_id=0e16b8a1-1318-498d-9eee-904e5e64233c stdio=stderr string_id=target-bigquery
2025-08-22T10:46:56.933857Z [info     ] Cleaning up bec-db-rds-olist_customers_dataset cmd_type=elb consumer=True job_name=dev:tap-mysql-to-target-bigquery name=target-bigquery producer=False run_id=0e16b8a1-1318-498d-9eee-904e5e64233c stdio=stderr string_id=target-bigquery
2025-08-22T10:46:56.934974Z [info     ] Cleaning up bec-db-rds-olist_geolocation_dataset cmd_type=elb consumer=True job_name=dev:tap-mysql-to-target-bigquery name=target-bigquery producer=False run_id=0e16b8a1-1318-498d-9eee-904e5e64233c stdio=stderr string_id=target-bigquery
2025-08-22T10:46:56.935245Z [info     ] Cleaning up bec-db-rds-olist_order_items_dataset cmd_type=elb consumer=True job_name=dev:tap-mysql-to-target-bigquery name=target-bigquery producer=False run_id=0e16b8a1-1318-498d-9eee-904e5e64233c stdio=stderr string_id=target-bigquery
2025-08-22T10:46:56.935524Z [info     ] Cleaning up bec-db-rds-olist_order_payments_dataset cmd_type=elb consumer=True job_name=dev:tap-mysql-to-target-bigquery name=target-bigquery producer=False run_id=0e16b8a1-1318-498d-9eee-904e5e64233c stdio=stderr string_id=target-bigquery
2025-08-22T10:46:56.935756Z [info     ] Cleaning up bec-db-rds-olist_order_reviews_dataset cmd_type=elb consumer=True job_name=dev:tap-mysql-to-target-bigquery name=target-bigquery producer=False run_id=0e16b8a1-1318-498d-9eee-904e5e64233c stdio=stderr string_id=target-bigquery
2025-08-22T10:46:56.936035Z [info     ] Cleaning up bec-db-rds-olist_orders_dataset cmd_type=elb consumer=True job_name=dev:tap-mysql-to-target-bigquery name=target-bigquery producer=False run_id=0e16b8a1-1318-498d-9eee-904e5e64233c stdio=stderr string_id=target-bigquery
2025-08-22T10:46:56.936261Z [info     ] Cleaning up bec-db-rds-olist_products_dataset cmd_type=elb consumer=True job_name=dev:tap-mysql-to-target-bigquery name=target-bigquery producer=False run_id=0e16b8a1-1318-498d-9eee-904e5e64233c stdio=stderr string_id=target-bigquery
2025-08-22T10:46:56.936471Z [info     ] Cleaning up bec-db-rds-olist_sellers_dataset cmd_type=elb consumer=True job_name=dev:tap-mysql-to-target-bigquery name=target-bigquery producer=False run_id=0e16b8a1-1318-498d-9eee-904e5e64233c stdio=stderr string_id=target-bigquery
2025-08-22T10:46:56.936679Z [info     ] Cleaning up bec-db-rds-product_category_name_translation cmd_type=elb consumer=True job_name=dev:tap-mysql-to-target-bigquery name=target-bigquery producer=False run_id=0e16b8a1-1318-498d-9eee-904e5e64233c stdio=stderr string_id=target-bigquery
2025-08-22T10:46:56.936888Z [info     ] Emitting completed target state {"currently_syncing": null, "bookmarks": {"bec-db-rds-olist_customers_dataset": {"initial_full_table_complete": true}, "bec-db-rds-olist_geolocation_dataset": {"initial_full_table_complete": true}, "bec-db-rds-olist_order_items_dataset": {"initial_full_table_complete": true}, "bec-db-rds-olist_order_payments_dataset": {"initial_full_table_complete": true}, "bec-db-rds-olist_order_reviews_dataset": {"initial_full_table_complete": true}, "bec-db-rds-olist_orders_dataset": {"initial_full_table_complete": true}, "bec-db-rds-olist_products_dataset": {"initial_full_table_complete": true}, "bec-db-rds-olist_sellers_dataset": {"initial_full_table_complete": true}, "bec-db-rds-product_category_name_translation": {"initial_full_table_complete": true}}} cmd_type=elb consumer=True job_name=dev:tap-mysql-to-target-bigquery name=target-bigquery producer=False run_id=0e16b8a1-1318-498d-9eee-904e5e64233c stdio=stderr string_id=target-bigquery
2025-08-22T10:46:56.946612Z [info     ] Using systemdb state backend
2025-08-22T10:46:56.952211Z [info     ] Incremental state has been updated at 2025-08-22 10:46:56.952177+00:00.
2025-08-22T10:46:57.135408Z [info     ] Block run completed.           block_type=ExtractLoadBlocks err=None set_number=0 success=True
