2025-08-22T10:25:24.078410Z [info     ] Using systemdb state backend
2025-08-22T10:25:24.511375Z [info     ] /Applications/RF/NTU/SCTP in DSAI/s3-rds-bq-dagster/bec-meltano/.meltano/loaders/target-bigquery/venv/lib/python3.11/site-packages/fs/__init__.py:4: UserWarning: pkg_resources is deprecated as an API. See https://setuptools.pypa.io/en/latest/pkg_resources.html. The pkg_resources package is slated for removal as early as 2025-11-30. Refrain from using this package or pin to Setuptools<81. cmd_type=elb consumer=True job_name=dev:tap-mysql-to-target-bigquery name=target-bigquery producer=False run_id=206eefe1-3a24-4565-b1dc-4de66903584d stdio=stderr string_id=target-bigquery
2025-08-22T10:25:24.511875Z [info     ]   __import__("pkg_resources").declare_namespace(__name__)  # type: ignore cmd_type=elb consumer=True job_name=dev:tap-mysql-to-target-bigquery name=target-bigquery producer=False run_id=206eefe1-3a24-4565-b1dc-4de66903584d stdio=stderr string_id=target-bigquery
2025-08-22T10:25:25.689161Z [info     ] Using thread-based parallelism cmd_type=elb consumer=True job_name=dev:tap-mysql-to-target-bigquery name=target-bigquery producer=False run_id=206eefe1-3a24-4565-b1dc-4de66903584d stdio=stderr string_id=target-bigquery
2025-08-22T10:25:25.689520Z [info     ] Target 'target-bigquery' is listening for input from tap. cmd_type=elb consumer=True job_name=dev:tap-mysql-to-target-bigquery name=target-bigquery producer=False run_id=206eefe1-3a24-4565-b1dc-4de66903584d stdio=stderr string_id=target-bigquery
2025-08-22T10:25:25.689699Z [info     ] Initializing 'target-bigquery' target sink... cmd_type=elb consumer=True job_name=dev:tap-mysql-to-target-bigquery name=target-bigquery producer=False run_id=206eefe1-3a24-4565-b1dc-4de66903584d stdio=stderr string_id=target-bigquery
2025-08-22T10:25:25.689863Z [info     ] Initializing target sink for stream 'bec-db-rds-olist_customers_dataset'... cmd_type=elb consumer=True job_name=dev:tap-mysql-to-target-bigquery name=target-bigquery producer=False run_id=206eefe1-3a24-4565-b1dc-4de66903584d stdio=stderr string_id=target-bigquery
2025-08-22T10:25:26.631684Z [info     ] Setting up bec-db-rds-olist_customers_dataset cmd_type=elb consumer=True job_name=dev:tap-mysql-to-target-bigquery name=target-bigquery producer=False run_id=206eefe1-3a24-4565-b1dc-4de66903584d stdio=stderr string_id=target-bigquery
2025-08-22T10:25:26.632181Z [info     ] ACTIVATE_VERSION message received but not implemented by this target. Ignoring. cmd_type=elb consumer=True job_name=dev:tap-mysql-to-target-bigquery name=target-bigquery producer=False run_id=206eefe1-3a24-4565-b1dc-4de66903584d stdio=stderr string_id=target-bigquery
2025-08-22T10:25:26.632358Z [info     ] Initializing 'target-bigquery' target sink... cmd_type=elb consumer=True job_name=dev:tap-mysql-to-target-bigquery name=target-bigquery producer=False run_id=206eefe1-3a24-4565-b1dc-4de66903584d stdio=stderr string_id=target-bigquery
2025-08-22T10:25:26.632515Z [info     ] Initializing target sink for stream 'bec-db-rds-olist_geolocation_dataset'... cmd_type=elb consumer=True job_name=dev:tap-mysql-to-target-bigquery name=target-bigquery producer=False run_id=206eefe1-3a24-4565-b1dc-4de66903584d stdio=stderr string_id=target-bigquery
2025-08-22T10:25:27.375399Z [info     ] Setting up bec-db-rds-olist_geolocation_dataset cmd_type=elb consumer=True job_name=dev:tap-mysql-to-target-bigquery name=target-bigquery producer=False run_id=206eefe1-3a24-4565-b1dc-4de66903584d stdio=stderr string_id=target-bigquery
2025-08-22T10:25:27.375723Z [info     ] ACTIVATE_VERSION message received but not implemented by this target. Ignoring. cmd_type=elb consumer=True job_name=dev:tap-mysql-to-target-bigquery name=target-bigquery producer=False run_id=206eefe1-3a24-4565-b1dc-4de66903584d stdio=stderr string_id=target-bigquery
2025-08-22T10:25:27.375945Z [info     ] Initializing 'target-bigquery' target sink... cmd_type=elb consumer=True job_name=dev:tap-mysql-to-target-bigquery name=target-bigquery producer=False run_id=206eefe1-3a24-4565-b1dc-4de66903584d stdio=stderr string_id=target-bigquery
2025-08-22T10:25:27.376107Z [info     ] Initializing target sink for stream 'bec-db-rds-olist_order_items_dataset'... cmd_type=elb consumer=True job_name=dev:tap-mysql-to-target-bigquery name=target-bigquery producer=False run_id=206eefe1-3a24-4565-b1dc-4de66903584d stdio=stderr string_id=target-bigquery
2025-08-22T10:25:28.208662Z [info     ] Setting up bec-db-rds-olist_order_items_dataset cmd_type=elb consumer=True job_name=dev:tap-mysql-to-target-bigquery name=target-bigquery producer=False run_id=206eefe1-3a24-4565-b1dc-4de66903584d stdio=stderr string_id=target-bigquery
2025-08-22T10:25:28.209080Z [info     ] ACTIVATE_VERSION message received but not implemented by this target. Ignoring. cmd_type=elb consumer=True job_name=dev:tap-mysql-to-target-bigquery name=target-bigquery producer=False run_id=206eefe1-3a24-4565-b1dc-4de66903584d stdio=stderr string_id=target-bigquery
2025-08-22T10:25:28.209371Z [info     ] Initializing 'target-bigquery' target sink... cmd_type=elb consumer=True job_name=dev:tap-mysql-to-target-bigquery name=target-bigquery producer=False run_id=206eefe1-3a24-4565-b1dc-4de66903584d stdio=stderr string_id=target-bigquery
2025-08-22T10:25:28.209650Z [info     ] Initializing target sink for stream 'bec-db-rds-olist_order_payments_dataset'... cmd_type=elb consumer=True job_name=dev:tap-mysql-to-target-bigquery name=target-bigquery producer=False run_id=206eefe1-3a24-4565-b1dc-4de66903584d stdio=stderr string_id=target-bigquery
2025-08-22T10:25:28.936876Z [info     ] Setting up bec-db-rds-olist_order_payments_dataset cmd_type=elb consumer=True job_name=dev:tap-mysql-to-target-bigquery name=target-bigquery producer=False run_id=206eefe1-3a24-4565-b1dc-4de66903584d stdio=stderr string_id=target-bigquery
2025-08-22T10:25:28.937167Z [info     ] ACTIVATE_VERSION message received but not implemented by this target. Ignoring. cmd_type=elb consumer=True job_name=dev:tap-mysql-to-target-bigquery name=target-bigquery producer=False run_id=206eefe1-3a24-4565-b1dc-4de66903584d stdio=stderr string_id=target-bigquery
2025-08-22T10:25:28.937394Z [info     ] Initializing 'target-bigquery' target sink... cmd_type=elb consumer=True job_name=dev:tap-mysql-to-target-bigquery name=target-bigquery producer=False run_id=206eefe1-3a24-4565-b1dc-4de66903584d stdio=stderr string_id=target-bigquery
2025-08-22T10:25:28.937537Z [info     ] Initializing target sink for stream 'bec-db-rds-olist_order_reviews_dataset'... cmd_type=elb consumer=True job_name=dev:tap-mysql-to-target-bigquery name=target-bigquery producer=False run_id=206eefe1-3a24-4565-b1dc-4de66903584d stdio=stderr string_id=target-bigquery
2025-08-22T10:25:29.643459Z [info     ] Setting up bec-db-rds-olist_order_reviews_dataset cmd_type=elb consumer=True job_name=dev:tap-mysql-to-target-bigquery name=target-bigquery producer=False run_id=206eefe1-3a24-4565-b1dc-4de66903584d stdio=stderr string_id=target-bigquery
2025-08-22T10:25:33.096580Z [info     ] ACTIVATE_VERSION message received but not implemented by this target. Ignoring. cmd_type=elb consumer=True job_name=dev:tap-mysql-to-target-bigquery name=target-bigquery producer=False run_id=206eefe1-3a24-4565-b1dc-4de66903584d stdio=stderr string_id=target-bigquery
2025-08-22T10:25:33.097564Z [info     ] Initializing 'target-bigquery' target sink... cmd_type=elb consumer=True job_name=dev:tap-mysql-to-target-bigquery name=target-bigquery producer=False run_id=206eefe1-3a24-4565-b1dc-4de66903584d stdio=stderr string_id=target-bigquery
2025-08-22T10:25:33.097720Z [info     ] Initializing target sink for stream 'bec-db-rds-olist_orders_dataset'... cmd_type=elb consumer=True job_name=dev:tap-mysql-to-target-bigquery name=target-bigquery producer=False run_id=206eefe1-3a24-4565-b1dc-4de66903584d stdio=stderr string_id=target-bigquery
2025-08-22T10:25:33.834214Z [info     ] Setting up bec-db-rds-olist_orders_dataset cmd_type=elb consumer=True job_name=dev:tap-mysql-to-target-bigquery name=target-bigquery producer=False run_id=206eefe1-3a24-4565-b1dc-4de66903584d stdio=stderr string_id=target-bigquery
2025-08-22T10:25:39.687643Z [info     ] ACTIVATE_VERSION message received but not implemented by this target. Ignoring. cmd_type=elb consumer=True job_name=dev:tap-mysql-to-target-bigquery name=target-bigquery producer=False run_id=206eefe1-3a24-4565-b1dc-4de66903584d stdio=stderr string_id=target-bigquery
2025-08-22T10:25:39.986110Z [info     ] Initializing 'target-bigquery' target sink... cmd_type=elb consumer=True job_name=dev:tap-mysql-to-target-bigquery name=target-bigquery producer=False run_id=206eefe1-3a24-4565-b1dc-4de66903584d stdio=stderr string_id=target-bigquery
2025-08-22T10:25:39.986610Z [info     ] Initializing target sink for stream 'bec-db-rds-olist_products_dataset'... cmd_type=elb consumer=True job_name=dev:tap-mysql-to-target-bigquery name=target-bigquery producer=False run_id=206eefe1-3a24-4565-b1dc-4de66903584d stdio=stderr string_id=target-bigquery
2025-08-22T10:25:40.728978Z [info     ] Setting up bec-db-rds-olist_products_dataset cmd_type=elb consumer=True job_name=dev:tap-mysql-to-target-bigquery name=target-bigquery producer=False run_id=206eefe1-3a24-4565-b1dc-4de66903584d stdio=stderr string_id=target-bigquery
2025-08-22T10:25:42.564129Z [info     ] ACTIVATE_VERSION message received but not implemented by this target. Ignoring. cmd_type=elb consumer=True job_name=dev:tap-mysql-to-target-bigquery name=target-bigquery producer=False run_id=206eefe1-3a24-4565-b1dc-4de66903584d stdio=stderr string_id=target-bigquery
2025-08-22T10:25:42.673195Z [info     ] Initializing 'target-bigquery' target sink... cmd_type=elb consumer=True job_name=dev:tap-mysql-to-target-bigquery name=target-bigquery producer=False run_id=206eefe1-3a24-4565-b1dc-4de66903584d stdio=stderr string_id=target-bigquery
2025-08-22T10:25:42.673744Z [info     ] Initializing target sink for stream 'bec-db-rds-olist_sellers_dataset'... cmd_type=elb consumer=True job_name=dev:tap-mysql-to-target-bigquery name=target-bigquery producer=False run_id=206eefe1-3a24-4565-b1dc-4de66903584d stdio=stderr string_id=target-bigquery
2025-08-22T10:25:43.488123Z [info     ] Setting up bec-db-rds-olist_sellers_dataset cmd_type=elb consumer=True job_name=dev:tap-mysql-to-target-bigquery name=target-bigquery producer=False run_id=206eefe1-3a24-4565-b1dc-4de66903584d stdio=stderr string_id=target-bigquery
2025-08-22T10:25:43.596805Z [info     ] ACTIVATE_VERSION message received but not implemented by this target. Ignoring. cmd_type=elb consumer=True job_name=dev:tap-mysql-to-target-bigquery name=target-bigquery producer=False run_id=206eefe1-3a24-4565-b1dc-4de66903584d stdio=stderr string_id=target-bigquery
2025-08-22T10:25:43.597286Z [info     ] Initializing 'target-bigquery' target sink... cmd_type=elb consumer=True job_name=dev:tap-mysql-to-target-bigquery name=target-bigquery producer=False run_id=206eefe1-3a24-4565-b1dc-4de66903584d stdio=stderr string_id=target-bigquery
2025-08-22T10:25:43.597544Z [info     ] Initializing target sink for stream 'bec-db-rds-product_category_name_translation'... cmd_type=elb consumer=True job_name=dev:tap-mysql-to-target-bigquery name=target-bigquery producer=False run_id=206eefe1-3a24-4565-b1dc-4de66903584d stdio=stderr string_id=target-bigquery
2025-08-22T10:25:44.474162Z [info     ] Setting up bec-db-rds-product_category_name_translation cmd_type=elb consumer=True job_name=dev:tap-mysql-to-target-bigquery name=target-bigquery producer=False run_id=206eefe1-3a24-4565-b1dc-4de66903584d stdio=stderr string_id=target-bigquery
2025-08-22T10:25:44.477161Z [info     ] ACTIVATE_VERSION message received but not implemented by this target. Ignoring. cmd_type=elb consumer=True job_name=dev:tap-mysql-to-target-bigquery name=target-bigquery producer=False run_id=206eefe1-3a24-4565-b1dc-4de66903584d stdio=stderr string_id=target-bigquery
2025-08-22T10:25:44.477481Z [info     ] Target 'target-bigquery' completed reading 235061 lines of input (234782 records, (0 batch manifests, 261 state messages). cmd_type=elb consumer=True job_name=dev:tap-mysql-to-target-bigquery name=target-bigquery producer=False run_id=206eefe1-3a24-4565-b1dc-4de66903584d stdio=stderr string_id=target-bigquery
2025-08-22T10:25:44.478108Z [info     ] Adding worker a8b07cb678094e3fbb327e0f844ab38e cmd_type=elb consumer=True job_name=dev:tap-mysql-to-target-bigquery name=target-bigquery producer=False run_id=206eefe1-3a24-4565-b1dc-4de66903584d stdio=stderr string_id=target-bigquery
2025-08-22T10:26:35.636004Z [info     ] Cleaning up bec-db-rds-olist_customers_dataset cmd_type=elb consumer=True job_name=dev:tap-mysql-to-target-bigquery name=target-bigquery producer=False run_id=206eefe1-3a24-4565-b1dc-4de66903584d stdio=stderr string_id=target-bigquery
2025-08-22T10:26:35.636401Z [info     ] Cleaning up bec-db-rds-olist_geolocation_dataset cmd_type=elb consumer=True job_name=dev:tap-mysql-to-target-bigquery name=target-bigquery producer=False run_id=206eefe1-3a24-4565-b1dc-4de66903584d stdio=stderr string_id=target-bigquery
2025-08-22T10:26:35.636826Z [info     ] Cleaning up bec-db-rds-olist_order_items_dataset cmd_type=elb consumer=True job_name=dev:tap-mysql-to-target-bigquery name=target-bigquery producer=False run_id=206eefe1-3a24-4565-b1dc-4de66903584d stdio=stderr string_id=target-bigquery
2025-08-22T10:26:35.637163Z [info     ] Cleaning up bec-db-rds-olist_order_payments_dataset cmd_type=elb consumer=True job_name=dev:tap-mysql-to-target-bigquery name=target-bigquery producer=False run_id=206eefe1-3a24-4565-b1dc-4de66903584d stdio=stderr string_id=target-bigquery
2025-08-22T10:26:35.637554Z [info     ] Cleaning up bec-db-rds-olist_order_reviews_dataset cmd_type=elb consumer=True job_name=dev:tap-mysql-to-target-bigquery name=target-bigquery producer=False run_id=206eefe1-3a24-4565-b1dc-4de66903584d stdio=stderr string_id=target-bigquery
2025-08-22T10:26:35.637806Z [info     ] Cleaning up bec-db-rds-olist_orders_dataset cmd_type=elb consumer=True job_name=dev:tap-mysql-to-target-bigquery name=target-bigquery producer=False run_id=206eefe1-3a24-4565-b1dc-4de66903584d stdio=stderr string_id=target-bigquery
2025-08-22T10:26:35.638022Z [info     ] Cleaning up bec-db-rds-olist_products_dataset cmd_type=elb consumer=True job_name=dev:tap-mysql-to-target-bigquery name=target-bigquery producer=False run_id=206eefe1-3a24-4565-b1dc-4de66903584d stdio=stderr string_id=target-bigquery
2025-08-22T10:26:35.638232Z [info     ] Cleaning up bec-db-rds-olist_sellers_dataset cmd_type=elb consumer=True job_name=dev:tap-mysql-to-target-bigquery name=target-bigquery producer=False run_id=206eefe1-3a24-4565-b1dc-4de66903584d stdio=stderr string_id=target-bigquery
2025-08-22T10:26:35.638439Z [info     ] Cleaning up bec-db-rds-product_category_name_translation cmd_type=elb consumer=True job_name=dev:tap-mysql-to-target-bigquery name=target-bigquery producer=False run_id=206eefe1-3a24-4565-b1dc-4de66903584d stdio=stderr string_id=target-bigquery
2025-08-22T10:26:35.638649Z [info     ] Emitting completed target state {"currently_syncing": null, "bookmarks": {"bec-db-rds-olist_customers_dataset": {"initial_full_table_complete": true}, "bec-db-rds-olist_geolocation_dataset": {"initial_full_table_complete": true}, "bec-db-rds-olist_order_items_dataset": {"initial_full_table_complete": true}, "bec-db-rds-olist_order_payments_dataset": {"initial_full_table_complete": true}, "bec-db-rds-olist_order_reviews_dataset": {"initial_full_table_complete": true}, "bec-db-rds-olist_orders_dataset": {"initial_full_table_complete": true}, "bec-db-rds-olist_products_dataset": {"initial_full_table_complete": true}, "bec-db-rds-olist_sellers_dataset": {"initial_full_table_complete": true}, "bec-db-rds-product_category_name_translation": {"initial_full_table_complete": true}}} cmd_type=elb consumer=True job_name=dev:tap-mysql-to-target-bigquery name=target-bigquery producer=False run_id=206eefe1-3a24-4565-b1dc-4de66903584d stdio=stderr string_id=target-bigquery
2025-08-22T10:26:35.647843Z [info     ] Using systemdb state backend
2025-08-22T10:26:35.653629Z [info     ] Incremental state has been updated at 2025-08-22 10:26:35.653592+00:00.
2025-08-22T10:26:35.829977Z [info     ] Block run completed.           block_type=ExtractLoadBlocks err=None set_number=0 success=True
