2025-08-22T08:50:28.496825Z [info     ] Using systemdb state backend
2025-08-22T08:50:30.075969Z [info     ] /Applications/RF/NTU/SCTP in DSAI/s3-rds-bq-dagster/bec-meltano/.meltano/loaders/target-bigquery/venv/lib/python3.11/site-packages/fs/__init__.py:4: UserWarning: pkg_resources is deprecated as an API. See https://setuptools.pypa.io/en/latest/pkg_resources.html. The pkg_resources package is slated for removal as early as 2025-11-30. Refrain from using this package or pin to Setuptools<81. cmd_type=elb consumer=True job_name=dev:tap-mysql-to-target-bigquery name=target-bigquery producer=False run_id=43781aa2-d1f9-4651-a23e-1b3b763e0af2 stdio=stderr string_id=target-bigquery
2025-08-22T08:50:30.076460Z [info     ]   __import__("pkg_resources").declare_namespace(__name__)  # type: ignore cmd_type=elb consumer=True job_name=dev:tap-mysql-to-target-bigquery name=target-bigquery producer=False run_id=43781aa2-d1f9-4651-a23e-1b3b763e0af2 stdio=stderr string_id=target-bigquery
2025-08-22T08:50:31.073939Z [info     ] Using thread-based parallelism cmd_type=elb consumer=True job_name=dev:tap-mysql-to-target-bigquery name=target-bigquery producer=False run_id=43781aa2-d1f9-4651-a23e-1b3b763e0af2 stdio=stderr string_id=target-bigquery
2025-08-22T08:50:31.074345Z [info     ] Target 'target-bigquery' is listening for input from tap. cmd_type=elb consumer=True job_name=dev:tap-mysql-to-target-bigquery name=target-bigquery producer=False run_id=43781aa2-d1f9-4651-a23e-1b3b763e0af2 stdio=stderr string_id=target-bigquery
2025-08-22T08:50:31.074536Z [info     ] Initializing 'target-bigquery' target sink... cmd_type=elb consumer=True job_name=dev:tap-mysql-to-target-bigquery name=target-bigquery producer=False run_id=43781aa2-d1f9-4651-a23e-1b3b763e0af2 stdio=stderr string_id=target-bigquery
2025-08-22T08:50:31.074711Z [info     ] Initializing target sink for stream 'bec-db-rds-olist_customers_dataset'... cmd_type=elb consumer=True job_name=dev:tap-mysql-to-target-bigquery name=target-bigquery producer=False run_id=43781aa2-d1f9-4651-a23e-1b3b763e0af2 stdio=stderr string_id=target-bigquery
2025-08-22T08:50:32.153253Z [info     ] Setting up bec-db-rds-olist_customers_dataset cmd_type=elb consumer=True job_name=dev:tap-mysql-to-target-bigquery name=target-bigquery producer=False run_id=43781aa2-d1f9-4651-a23e-1b3b763e0af2 stdio=stderr string_id=target-bigquery
2025-08-22T08:50:32.153552Z [info     ] ACTIVATE_VERSION message received but not implemented by this target. Ignoring. cmd_type=elb consumer=True job_name=dev:tap-mysql-to-target-bigquery name=target-bigquery producer=False run_id=43781aa2-d1f9-4651-a23e-1b3b763e0af2 stdio=stderr string_id=target-bigquery
2025-08-22T08:50:32.153806Z [info     ] Initializing 'target-bigquery' target sink... cmd_type=elb consumer=True job_name=dev:tap-mysql-to-target-bigquery name=target-bigquery producer=False run_id=43781aa2-d1f9-4651-a23e-1b3b763e0af2 stdio=stderr string_id=target-bigquery
2025-08-22T08:50:32.153951Z [info     ] Initializing target sink for stream 'bec-db-rds-olist_geolocation_dataset'... cmd_type=elb consumer=True job_name=dev:tap-mysql-to-target-bigquery name=target-bigquery producer=False run_id=43781aa2-d1f9-4651-a23e-1b3b763e0af2 stdio=stderr string_id=target-bigquery
2025-08-22T08:50:32.898120Z [info     ] Setting up bec-db-rds-olist_geolocation_dataset cmd_type=elb consumer=True job_name=dev:tap-mysql-to-target-bigquery name=target-bigquery producer=False run_id=43781aa2-d1f9-4651-a23e-1b3b763e0af2 stdio=stderr string_id=target-bigquery
2025-08-22T08:50:32.898419Z [info     ] ACTIVATE_VERSION message received but not implemented by this target. Ignoring. cmd_type=elb consumer=True job_name=dev:tap-mysql-to-target-bigquery name=target-bigquery producer=False run_id=43781aa2-d1f9-4651-a23e-1b3b763e0af2 stdio=stderr string_id=target-bigquery
2025-08-22T08:50:32.898756Z [info     ] Initializing 'target-bigquery' target sink... cmd_type=elb consumer=True job_name=dev:tap-mysql-to-target-bigquery name=target-bigquery producer=False run_id=43781aa2-d1f9-4651-a23e-1b3b763e0af2 stdio=stderr string_id=target-bigquery
2025-08-22T08:50:32.899028Z [info     ] Initializing target sink for stream 'bec-db-rds-olist_order_items_dataset'... cmd_type=elb consumer=True job_name=dev:tap-mysql-to-target-bigquery name=target-bigquery producer=False run_id=43781aa2-d1f9-4651-a23e-1b3b763e0af2 stdio=stderr string_id=target-bigquery
2025-08-22T08:50:33.991550Z [info     ] Setting up bec-db-rds-olist_order_items_dataset cmd_type=elb consumer=True job_name=dev:tap-mysql-to-target-bigquery name=target-bigquery producer=False run_id=43781aa2-d1f9-4651-a23e-1b3b763e0af2 stdio=stderr string_id=target-bigquery
2025-08-22T08:50:33.991915Z [info     ] ACTIVATE_VERSION message received but not implemented by this target. Ignoring. cmd_type=elb consumer=True job_name=dev:tap-mysql-to-target-bigquery name=target-bigquery producer=False run_id=43781aa2-d1f9-4651-a23e-1b3b763e0af2 stdio=stderr string_id=target-bigquery
2025-08-22T08:50:33.992214Z [info     ] Initializing 'target-bigquery' target sink... cmd_type=elb consumer=True job_name=dev:tap-mysql-to-target-bigquery name=target-bigquery producer=False run_id=43781aa2-d1f9-4651-a23e-1b3b763e0af2 stdio=stderr string_id=target-bigquery
2025-08-22T08:50:33.992418Z [info     ] Initializing target sink for stream 'bec-db-rds-olist_order_payments_dataset'... cmd_type=elb consumer=True job_name=dev:tap-mysql-to-target-bigquery name=target-bigquery producer=False run_id=43781aa2-d1f9-4651-a23e-1b3b763e0af2 stdio=stderr string_id=target-bigquery
2025-08-22T08:50:34.886783Z [info     ] Setting up bec-db-rds-olist_order_payments_dataset cmd_type=elb consumer=True job_name=dev:tap-mysql-to-target-bigquery name=target-bigquery producer=False run_id=43781aa2-d1f9-4651-a23e-1b3b763e0af2 stdio=stderr string_id=target-bigquery
2025-08-22T08:50:34.887170Z [info     ] ACTIVATE_VERSION message received but not implemented by this target. Ignoring. cmd_type=elb consumer=True job_name=dev:tap-mysql-to-target-bigquery name=target-bigquery producer=False run_id=43781aa2-d1f9-4651-a23e-1b3b763e0af2 stdio=stderr string_id=target-bigquery
2025-08-22T08:50:34.887467Z [info     ] Initializing 'target-bigquery' target sink... cmd_type=elb consumer=True job_name=dev:tap-mysql-to-target-bigquery name=target-bigquery producer=False run_id=43781aa2-d1f9-4651-a23e-1b3b763e0af2 stdio=stderr string_id=target-bigquery
2025-08-22T08:50:34.887668Z [info     ] Initializing target sink for stream 'bec-db-rds-olist_order_reviews_dataset'... cmd_type=elb consumer=True job_name=dev:tap-mysql-to-target-bigquery name=target-bigquery producer=False run_id=43781aa2-d1f9-4651-a23e-1b3b763e0af2 stdio=stderr string_id=target-bigquery
2025-08-22T08:50:35.582036Z [info     ] Setting up bec-db-rds-olist_order_reviews_dataset cmd_type=elb consumer=True job_name=dev:tap-mysql-to-target-bigquery name=target-bigquery producer=False run_id=43781aa2-d1f9-4651-a23e-1b3b763e0af2 stdio=stderr string_id=target-bigquery
2025-08-22T08:50:39.030884Z [info     ] ACTIVATE_VERSION message received but not implemented by this target. Ignoring. cmd_type=elb consumer=True job_name=dev:tap-mysql-to-target-bigquery name=target-bigquery producer=False run_id=43781aa2-d1f9-4651-a23e-1b3b763e0af2 stdio=stderr string_id=target-bigquery
2025-08-22T08:50:39.031668Z [info     ] Initializing 'target-bigquery' target sink... cmd_type=elb consumer=True job_name=dev:tap-mysql-to-target-bigquery name=target-bigquery producer=False run_id=43781aa2-d1f9-4651-a23e-1b3b763e0af2 stdio=stderr string_id=target-bigquery
2025-08-22T08:50:39.031957Z [info     ] Initializing target sink for stream 'bec-db-rds-olist_orders_dataset'... cmd_type=elb consumer=True job_name=dev:tap-mysql-to-target-bigquery name=target-bigquery producer=False run_id=43781aa2-d1f9-4651-a23e-1b3b763e0af2 stdio=stderr string_id=target-bigquery
2025-08-22T08:50:39.761049Z [info     ] Setting up bec-db-rds-olist_orders_dataset cmd_type=elb consumer=True job_name=dev:tap-mysql-to-target-bigquery name=target-bigquery producer=False run_id=43781aa2-d1f9-4651-a23e-1b3b763e0af2 stdio=stderr string_id=target-bigquery
2025-08-22T08:50:44.930369Z [info     ] ACTIVATE_VERSION message received but not implemented by this target. Ignoring. cmd_type=elb consumer=True job_name=dev:tap-mysql-to-target-bigquery name=target-bigquery producer=False run_id=43781aa2-d1f9-4651-a23e-1b3b763e0af2 stdio=stderr string_id=target-bigquery
2025-08-22T08:50:45.098874Z [info     ] Initializing 'target-bigquery' target sink... cmd_type=elb consumer=True job_name=dev:tap-mysql-to-target-bigquery name=target-bigquery producer=False run_id=43781aa2-d1f9-4651-a23e-1b3b763e0af2 stdio=stderr string_id=target-bigquery
2025-08-22T08:50:45.099282Z [info     ] Initializing target sink for stream 'bec-db-rds-olist_products_dataset'... cmd_type=elb consumer=True job_name=dev:tap-mysql-to-target-bigquery name=target-bigquery producer=False run_id=43781aa2-d1f9-4651-a23e-1b3b763e0af2 stdio=stderr string_id=target-bigquery
2025-08-22T08:50:45.766491Z [info     ] Setting up bec-db-rds-olist_products_dataset cmd_type=elb consumer=True job_name=dev:tap-mysql-to-target-bigquery name=target-bigquery producer=False run_id=43781aa2-d1f9-4651-a23e-1b3b763e0af2 stdio=stderr string_id=target-bigquery
2025-08-22T08:50:47.516773Z [info     ] ACTIVATE_VERSION message received but not implemented by this target. Ignoring. cmd_type=elb consumer=True job_name=dev:tap-mysql-to-target-bigquery name=target-bigquery producer=False run_id=43781aa2-d1f9-4651-a23e-1b3b763e0af2 stdio=stderr string_id=target-bigquery
2025-08-22T08:50:47.616224Z [info     ] Initializing 'target-bigquery' target sink... cmd_type=elb consumer=True job_name=dev:tap-mysql-to-target-bigquery name=target-bigquery producer=False run_id=43781aa2-d1f9-4651-a23e-1b3b763e0af2 stdio=stderr string_id=target-bigquery
2025-08-22T08:50:47.616790Z [info     ] Initializing target sink for stream 'bec-db-rds-olist_sellers_dataset'... cmd_type=elb consumer=True job_name=dev:tap-mysql-to-target-bigquery name=target-bigquery producer=False run_id=43781aa2-d1f9-4651-a23e-1b3b763e0af2 stdio=stderr string_id=target-bigquery
2025-08-22T08:50:48.374402Z [info     ] Setting up bec-db-rds-olist_sellers_dataset cmd_type=elb consumer=True job_name=dev:tap-mysql-to-target-bigquery name=target-bigquery producer=False run_id=43781aa2-d1f9-4651-a23e-1b3b763e0af2 stdio=stderr string_id=target-bigquery
2025-08-22T08:50:48.469482Z [info     ] ACTIVATE_VERSION message received but not implemented by this target. Ignoring. cmd_type=elb consumer=True job_name=dev:tap-mysql-to-target-bigquery name=target-bigquery producer=False run_id=43781aa2-d1f9-4651-a23e-1b3b763e0af2 stdio=stderr string_id=target-bigquery
2025-08-22T08:50:48.469776Z [info     ] Initializing 'target-bigquery' target sink... cmd_type=elb consumer=True job_name=dev:tap-mysql-to-target-bigquery name=target-bigquery producer=False run_id=43781aa2-d1f9-4651-a23e-1b3b763e0af2 stdio=stderr string_id=target-bigquery
2025-08-22T08:50:48.469989Z [info     ] Initializing target sink for stream 'bec-db-rds-product_category_name_translation'... cmd_type=elb consumer=True job_name=dev:tap-mysql-to-target-bigquery name=target-bigquery producer=False run_id=43781aa2-d1f9-4651-a23e-1b3b763e0af2 stdio=stderr string_id=target-bigquery
2025-08-22T08:50:49.262435Z [info     ] Setting up bec-db-rds-product_category_name_translation cmd_type=elb consumer=True job_name=dev:tap-mysql-to-target-bigquery name=target-bigquery producer=False run_id=43781aa2-d1f9-4651-a23e-1b3b763e0af2 stdio=stderr string_id=target-bigquery
2025-08-22T08:50:49.264525Z [info     ] ACTIVATE_VERSION message received but not implemented by this target. Ignoring. cmd_type=elb consumer=True job_name=dev:tap-mysql-to-target-bigquery name=target-bigquery producer=False run_id=43781aa2-d1f9-4651-a23e-1b3b763e0af2 stdio=stderr string_id=target-bigquery
2025-08-22T08:50:49.264758Z [info     ] Target 'target-bigquery' completed reading 235061 lines of input (234782 records, (0 batch manifests, 261 state messages). cmd_type=elb consumer=True job_name=dev:tap-mysql-to-target-bigquery name=target-bigquery producer=False run_id=43781aa2-d1f9-4651-a23e-1b3b763e0af2 stdio=stderr string_id=target-bigquery
2025-08-22T08:50:49.265324Z [info     ] Adding worker 01d91557acb74dbe946c36696dbb03b8 cmd_type=elb consumer=True job_name=dev:tap-mysql-to-target-bigquery name=target-bigquery producer=False run_id=43781aa2-d1f9-4651-a23e-1b3b763e0af2 stdio=stderr string_id=target-bigquery
2025-08-22T08:51:38.053096Z [info     ] Cleaning up bec-db-rds-olist_customers_dataset cmd_type=elb consumer=True job_name=dev:tap-mysql-to-target-bigquery name=target-bigquery producer=False run_id=43781aa2-d1f9-4651-a23e-1b3b763e0af2 stdio=stderr string_id=target-bigquery
2025-08-22T08:51:38.053916Z [info     ] Cleaning up bec-db-rds-olist_geolocation_dataset cmd_type=elb consumer=True job_name=dev:tap-mysql-to-target-bigquery name=target-bigquery producer=False run_id=43781aa2-d1f9-4651-a23e-1b3b763e0af2 stdio=stderr string_id=target-bigquery
2025-08-22T08:51:38.054161Z [info     ] Cleaning up bec-db-rds-olist_order_items_dataset cmd_type=elb consumer=True job_name=dev:tap-mysql-to-target-bigquery name=target-bigquery producer=False run_id=43781aa2-d1f9-4651-a23e-1b3b763e0af2 stdio=stderr string_id=target-bigquery
2025-08-22T08:51:38.054345Z [info     ] Cleaning up bec-db-rds-olist_order_payments_dataset cmd_type=elb consumer=True job_name=dev:tap-mysql-to-target-bigquery name=target-bigquery producer=False run_id=43781aa2-d1f9-4651-a23e-1b3b763e0af2 stdio=stderr string_id=target-bigquery
2025-08-22T08:51:38.054594Z [info     ] Cleaning up bec-db-rds-olist_order_reviews_dataset cmd_type=elb consumer=True job_name=dev:tap-mysql-to-target-bigquery name=target-bigquery producer=False run_id=43781aa2-d1f9-4651-a23e-1b3b763e0af2 stdio=stderr string_id=target-bigquery
2025-08-22T08:51:38.054898Z [info     ] Cleaning up bec-db-rds-olist_orders_dataset cmd_type=elb consumer=True job_name=dev:tap-mysql-to-target-bigquery name=target-bigquery producer=False run_id=43781aa2-d1f9-4651-a23e-1b3b763e0af2 stdio=stderr string_id=target-bigquery
2025-08-22T08:51:38.055267Z [info     ] Cleaning up bec-db-rds-olist_products_dataset cmd_type=elb consumer=True job_name=dev:tap-mysql-to-target-bigquery name=target-bigquery producer=False run_id=43781aa2-d1f9-4651-a23e-1b3b763e0af2 stdio=stderr string_id=target-bigquery
2025-08-22T08:51:38.055461Z [info     ] Cleaning up bec-db-rds-olist_sellers_dataset cmd_type=elb consumer=True job_name=dev:tap-mysql-to-target-bigquery name=target-bigquery producer=False run_id=43781aa2-d1f9-4651-a23e-1b3b763e0af2 stdio=stderr string_id=target-bigquery
2025-08-22T08:51:38.055634Z [info     ] Cleaning up bec-db-rds-product_category_name_translation cmd_type=elb consumer=True job_name=dev:tap-mysql-to-target-bigquery name=target-bigquery producer=False run_id=43781aa2-d1f9-4651-a23e-1b3b763e0af2 stdio=stderr string_id=target-bigquery
2025-08-22T08:51:38.055870Z [info     ] Emitting completed target state {"currently_syncing": null, "bookmarks": {"bec-db-rds-olist_customers_dataset": {"initial_full_table_complete": true}, "bec-db-rds-olist_geolocation_dataset": {"initial_full_table_complete": true}, "bec-db-rds-olist_order_items_dataset": {"initial_full_table_complete": true}, "bec-db-rds-olist_order_payments_dataset": {"initial_full_table_complete": true}, "bec-db-rds-olist_order_reviews_dataset": {"initial_full_table_complete": true}, "bec-db-rds-olist_orders_dataset": {"initial_full_table_complete": true}, "bec-db-rds-olist_products_dataset": {"initial_full_table_complete": true}, "bec-db-rds-olist_sellers_dataset": {"initial_full_table_complete": true}, "bec-db-rds-product_category_name_translation": {"initial_full_table_complete": true}}} cmd_type=elb consumer=True job_name=dev:tap-mysql-to-target-bigquery name=target-bigquery producer=False run_id=43781aa2-d1f9-4651-a23e-1b3b763e0af2 stdio=stderr string_id=target-bigquery
2025-08-22T08:51:38.064387Z [info     ] Using systemdb state backend
2025-08-22T08:51:38.069342Z [info     ] Incremental state has been updated at 2025-08-22 08:51:38.069304+00:00.
2025-08-22T08:51:38.246213Z [info     ] Block run completed.           block_type=ExtractLoadBlocks err=None set_number=0 success=True
