2025-08-22T08:57:06.996982Z [info     ] Using systemdb state backend
2025-08-22T08:57:07.511022Z [info     ] /Applications/RF/NTU/SCTP in DSAI/s3-rds-bq-dagster/bec-meltano/.meltano/loaders/target-bigquery/venv/lib/python3.11/site-packages/fs/__init__.py:4: UserWarning: pkg_resources is deprecated as an API. See https://setuptools.pypa.io/en/latest/pkg_resources.html. The pkg_resources package is slated for removal as early as 2025-11-30. Refrain from using this package or pin to Setuptools<81. cmd_type=elb consumer=True job_name=dev:tap-mysql-to-target-bigquery name=target-bigquery producer=False run_id=d37c1e6f-8767-40f5-a2dc-75d3b876277e stdio=stderr string_id=target-bigquery
2025-08-22T08:57:07.511485Z [info     ]   __import__("pkg_resources").declare_namespace(__name__)  # type: ignore cmd_type=elb consumer=True job_name=dev:tap-mysql-to-target-bigquery name=target-bigquery producer=False run_id=d37c1e6f-8767-40f5-a2dc-75d3b876277e stdio=stderr string_id=target-bigquery
2025-08-22T08:57:08.615494Z [info     ] Using thread-based parallelism cmd_type=elb consumer=True job_name=dev:tap-mysql-to-target-bigquery name=target-bigquery producer=False run_id=d37c1e6f-8767-40f5-a2dc-75d3b876277e stdio=stderr string_id=target-bigquery
2025-08-22T08:57:08.615929Z [info     ] Target 'target-bigquery' is listening for input from tap. cmd_type=elb consumer=True job_name=dev:tap-mysql-to-target-bigquery name=target-bigquery producer=False run_id=d37c1e6f-8767-40f5-a2dc-75d3b876277e stdio=stderr string_id=target-bigquery
2025-08-22T08:57:08.616113Z [info     ] Initializing 'target-bigquery' target sink... cmd_type=elb consumer=True job_name=dev:tap-mysql-to-target-bigquery name=target-bigquery producer=False run_id=d37c1e6f-8767-40f5-a2dc-75d3b876277e stdio=stderr string_id=target-bigquery
2025-08-22T08:57:08.616276Z [info     ] Initializing target sink for stream 'bec-db-rds-olist_customers_dataset'... cmd_type=elb consumer=True job_name=dev:tap-mysql-to-target-bigquery name=target-bigquery producer=False run_id=d37c1e6f-8767-40f5-a2dc-75d3b876277e stdio=stderr string_id=target-bigquery
2025-08-22T08:57:09.556560Z [info     ] Setting up bec-db-rds-olist_customers_dataset cmd_type=elb consumer=True job_name=dev:tap-mysql-to-target-bigquery name=target-bigquery producer=False run_id=d37c1e6f-8767-40f5-a2dc-75d3b876277e stdio=stderr string_id=target-bigquery
2025-08-22T08:57:09.556892Z [info     ] ACTIVATE_VERSION message received but not implemented by this target. Ignoring. cmd_type=elb consumer=True job_name=dev:tap-mysql-to-target-bigquery name=target-bigquery producer=False run_id=d37c1e6f-8767-40f5-a2dc-75d3b876277e stdio=stderr string_id=target-bigquery
2025-08-22T08:57:09.557380Z [info     ] Initializing 'target-bigquery' target sink... cmd_type=elb consumer=True job_name=dev:tap-mysql-to-target-bigquery name=target-bigquery producer=False run_id=d37c1e6f-8767-40f5-a2dc-75d3b876277e stdio=stderr string_id=target-bigquery
2025-08-22T08:57:09.557811Z [info     ] Initializing target sink for stream 'bec-db-rds-olist_geolocation_dataset'... cmd_type=elb consumer=True job_name=dev:tap-mysql-to-target-bigquery name=target-bigquery producer=False run_id=d37c1e6f-8767-40f5-a2dc-75d3b876277e stdio=stderr string_id=target-bigquery
2025-08-22T08:57:10.292493Z [info     ] Setting up bec-db-rds-olist_geolocation_dataset cmd_type=elb consumer=True job_name=dev:tap-mysql-to-target-bigquery name=target-bigquery producer=False run_id=d37c1e6f-8767-40f5-a2dc-75d3b876277e stdio=stderr string_id=target-bigquery
2025-08-22T08:57:10.293000Z [info     ] ACTIVATE_VERSION message received but not implemented by this target. Ignoring. cmd_type=elb consumer=True job_name=dev:tap-mysql-to-target-bigquery name=target-bigquery producer=False run_id=d37c1e6f-8767-40f5-a2dc-75d3b876277e stdio=stderr string_id=target-bigquery
2025-08-22T08:57:10.293422Z [info     ] Initializing 'target-bigquery' target sink... cmd_type=elb consumer=True job_name=dev:tap-mysql-to-target-bigquery name=target-bigquery producer=False run_id=d37c1e6f-8767-40f5-a2dc-75d3b876277e stdio=stderr string_id=target-bigquery
2025-08-22T08:57:10.293604Z [info     ] Initializing target sink for stream 'bec-db-rds-olist_order_items_dataset'... cmd_type=elb consumer=True job_name=dev:tap-mysql-to-target-bigquery name=target-bigquery producer=False run_id=d37c1e6f-8767-40f5-a2dc-75d3b876277e stdio=stderr string_id=target-bigquery
2025-08-22T08:57:10.967622Z [info     ] Setting up bec-db-rds-olist_order_items_dataset cmd_type=elb consumer=True job_name=dev:tap-mysql-to-target-bigquery name=target-bigquery producer=False run_id=d37c1e6f-8767-40f5-a2dc-75d3b876277e stdio=stderr string_id=target-bigquery
2025-08-22T08:57:10.967927Z [info     ] ACTIVATE_VERSION message received but not implemented by this target. Ignoring. cmd_type=elb consumer=True job_name=dev:tap-mysql-to-target-bigquery name=target-bigquery producer=False run_id=d37c1e6f-8767-40f5-a2dc-75d3b876277e stdio=stderr string_id=target-bigquery
2025-08-22T08:57:10.968166Z [info     ] Initializing 'target-bigquery' target sink... cmd_type=elb consumer=True job_name=dev:tap-mysql-to-target-bigquery name=target-bigquery producer=False run_id=d37c1e6f-8767-40f5-a2dc-75d3b876277e stdio=stderr string_id=target-bigquery
2025-08-22T08:57:10.968315Z [info     ] Initializing target sink for stream 'bec-db-rds-olist_order_payments_dataset'... cmd_type=elb consumer=True job_name=dev:tap-mysql-to-target-bigquery name=target-bigquery producer=False run_id=d37c1e6f-8767-40f5-a2dc-75d3b876277e stdio=stderr string_id=target-bigquery
2025-08-22T08:57:11.721698Z [info     ] Setting up bec-db-rds-olist_order_payments_dataset cmd_type=elb consumer=True job_name=dev:tap-mysql-to-target-bigquery name=target-bigquery producer=False run_id=d37c1e6f-8767-40f5-a2dc-75d3b876277e stdio=stderr string_id=target-bigquery
2025-08-22T08:57:11.722001Z [info     ] ACTIVATE_VERSION message received but not implemented by this target. Ignoring. cmd_type=elb consumer=True job_name=dev:tap-mysql-to-target-bigquery name=target-bigquery producer=False run_id=d37c1e6f-8767-40f5-a2dc-75d3b876277e stdio=stderr string_id=target-bigquery
2025-08-22T08:57:11.722261Z [info     ] Initializing 'target-bigquery' target sink... cmd_type=elb consumer=True job_name=dev:tap-mysql-to-target-bigquery name=target-bigquery producer=False run_id=d37c1e6f-8767-40f5-a2dc-75d3b876277e stdio=stderr string_id=target-bigquery
2025-08-22T08:57:11.722436Z [info     ] Initializing target sink for stream 'bec-db-rds-olist_order_reviews_dataset'... cmd_type=elb consumer=True job_name=dev:tap-mysql-to-target-bigquery name=target-bigquery producer=False run_id=d37c1e6f-8767-40f5-a2dc-75d3b876277e stdio=stderr string_id=target-bigquery
2025-08-22T08:57:12.461598Z [info     ] Setting up bec-db-rds-olist_order_reviews_dataset cmd_type=elb consumer=True job_name=dev:tap-mysql-to-target-bigquery name=target-bigquery producer=False run_id=d37c1e6f-8767-40f5-a2dc-75d3b876277e stdio=stderr string_id=target-bigquery
2025-08-22T08:57:16.439829Z [info     ] ACTIVATE_VERSION message received but not implemented by this target. Ignoring. cmd_type=elb consumer=True job_name=dev:tap-mysql-to-target-bigquery name=target-bigquery producer=False run_id=d37c1e6f-8767-40f5-a2dc-75d3b876277e stdio=stderr string_id=target-bigquery
2025-08-22T08:57:16.440559Z [info     ] Initializing 'target-bigquery' target sink... cmd_type=elb consumer=True job_name=dev:tap-mysql-to-target-bigquery name=target-bigquery producer=False run_id=d37c1e6f-8767-40f5-a2dc-75d3b876277e stdio=stderr string_id=target-bigquery
2025-08-22T08:57:16.440740Z [info     ] Initializing target sink for stream 'bec-db-rds-olist_orders_dataset'... cmd_type=elb consumer=True job_name=dev:tap-mysql-to-target-bigquery name=target-bigquery producer=False run_id=d37c1e6f-8767-40f5-a2dc-75d3b876277e stdio=stderr string_id=target-bigquery
2025-08-22T08:57:17.166505Z [info     ] Setting up bec-db-rds-olist_orders_dataset cmd_type=elb consumer=True job_name=dev:tap-mysql-to-target-bigquery name=target-bigquery producer=False run_id=d37c1e6f-8767-40f5-a2dc-75d3b876277e stdio=stderr string_id=target-bigquery
2025-08-22T08:57:23.349440Z [info     ] ACTIVATE_VERSION message received but not implemented by this target. Ignoring. cmd_type=elb consumer=True job_name=dev:tap-mysql-to-target-bigquery name=target-bigquery producer=False run_id=d37c1e6f-8767-40f5-a2dc-75d3b876277e stdio=stderr string_id=target-bigquery
2025-08-22T08:57:23.644772Z [info     ] Initializing 'target-bigquery' target sink... cmd_type=elb consumer=True job_name=dev:tap-mysql-to-target-bigquery name=target-bigquery producer=False run_id=d37c1e6f-8767-40f5-a2dc-75d3b876277e stdio=stderr string_id=target-bigquery
2025-08-22T08:57:23.645139Z [info     ] Initializing target sink for stream 'bec-db-rds-olist_products_dataset'... cmd_type=elb consumer=True job_name=dev:tap-mysql-to-target-bigquery name=target-bigquery producer=False run_id=d37c1e6f-8767-40f5-a2dc-75d3b876277e stdio=stderr string_id=target-bigquery
2025-08-22T08:57:24.394122Z [info     ] Setting up bec-db-rds-olist_products_dataset cmd_type=elb consumer=True job_name=dev:tap-mysql-to-target-bigquery name=target-bigquery producer=False run_id=d37c1e6f-8767-40f5-a2dc-75d3b876277e stdio=stderr string_id=target-bigquery
2025-08-22T08:57:26.101124Z [info     ] ACTIVATE_VERSION message received but not implemented by this target. Ignoring. cmd_type=elb consumer=True job_name=dev:tap-mysql-to-target-bigquery name=target-bigquery producer=False run_id=d37c1e6f-8767-40f5-a2dc-75d3b876277e stdio=stderr string_id=target-bigquery
2025-08-22T08:57:26.209028Z [info     ] Initializing 'target-bigquery' target sink... cmd_type=elb consumer=True job_name=dev:tap-mysql-to-target-bigquery name=target-bigquery producer=False run_id=d37c1e6f-8767-40f5-a2dc-75d3b876277e stdio=stderr string_id=target-bigquery
2025-08-22T08:57:26.209412Z [info     ] Initializing target sink for stream 'bec-db-rds-olist_sellers_dataset'... cmd_type=elb consumer=True job_name=dev:tap-mysql-to-target-bigquery name=target-bigquery producer=False run_id=d37c1e6f-8767-40f5-a2dc-75d3b876277e stdio=stderr string_id=target-bigquery
2025-08-22T08:57:26.866897Z [info     ] Setting up bec-db-rds-olist_sellers_dataset cmd_type=elb consumer=True job_name=dev:tap-mysql-to-target-bigquery name=target-bigquery producer=False run_id=d37c1e6f-8767-40f5-a2dc-75d3b876277e stdio=stderr string_id=target-bigquery
2025-08-22T08:57:26.983405Z [info     ] ACTIVATE_VERSION message received but not implemented by this target. Ignoring. cmd_type=elb consumer=True job_name=dev:tap-mysql-to-target-bigquery name=target-bigquery producer=False run_id=d37c1e6f-8767-40f5-a2dc-75d3b876277e stdio=stderr string_id=target-bigquery
2025-08-22T08:57:26.983735Z [info     ] Initializing 'target-bigquery' target sink... cmd_type=elb consumer=True job_name=dev:tap-mysql-to-target-bigquery name=target-bigquery producer=False run_id=d37c1e6f-8767-40f5-a2dc-75d3b876277e stdio=stderr string_id=target-bigquery
2025-08-22T08:57:26.983931Z [info     ] Initializing target sink for stream 'bec-db-rds-product_category_name_translation'... cmd_type=elb consumer=True job_name=dev:tap-mysql-to-target-bigquery name=target-bigquery producer=False run_id=d37c1e6f-8767-40f5-a2dc-75d3b876277e stdio=stderr string_id=target-bigquery
2025-08-22T08:57:27.751544Z [info     ] Setting up bec-db-rds-product_category_name_translation cmd_type=elb consumer=True job_name=dev:tap-mysql-to-target-bigquery name=target-bigquery producer=False run_id=d37c1e6f-8767-40f5-a2dc-75d3b876277e stdio=stderr string_id=target-bigquery
2025-08-22T08:57:27.754945Z [info     ] ACTIVATE_VERSION message received but not implemented by this target. Ignoring. cmd_type=elb consumer=True job_name=dev:tap-mysql-to-target-bigquery name=target-bigquery producer=False run_id=d37c1e6f-8767-40f5-a2dc-75d3b876277e stdio=stderr string_id=target-bigquery
2025-08-22T08:57:27.756212Z [info     ] Target 'target-bigquery' completed reading 235061 lines of input (234782 records, (0 batch manifests, 261 state messages). cmd_type=elb consumer=True job_name=dev:tap-mysql-to-target-bigquery name=target-bigquery producer=False run_id=d37c1e6f-8767-40f5-a2dc-75d3b876277e stdio=stderr string_id=target-bigquery
2025-08-22T08:57:27.756728Z [info     ] Adding worker b4072a28973e470e99801f8b1378b98e cmd_type=elb consumer=True job_name=dev:tap-mysql-to-target-bigquery name=target-bigquery producer=False run_id=d37c1e6f-8767-40f5-a2dc-75d3b876277e stdio=stderr string_id=target-bigquery
2025-08-22T08:58:15.236906Z [info     ] Cleaning up bec-db-rds-olist_customers_dataset cmd_type=elb consumer=True job_name=dev:tap-mysql-to-target-bigquery name=target-bigquery producer=False run_id=d37c1e6f-8767-40f5-a2dc-75d3b876277e stdio=stderr string_id=target-bigquery
2025-08-22T08:58:15.237584Z [info     ] Cleaning up bec-db-rds-olist_geolocation_dataset cmd_type=elb consumer=True job_name=dev:tap-mysql-to-target-bigquery name=target-bigquery producer=False run_id=d37c1e6f-8767-40f5-a2dc-75d3b876277e stdio=stderr string_id=target-bigquery
2025-08-22T08:58:15.237863Z [info     ] Cleaning up bec-db-rds-olist_order_items_dataset cmd_type=elb consumer=True job_name=dev:tap-mysql-to-target-bigquery name=target-bigquery producer=False run_id=d37c1e6f-8767-40f5-a2dc-75d3b876277e stdio=stderr string_id=target-bigquery
2025-08-22T08:58:15.238120Z [info     ] Cleaning up bec-db-rds-olist_order_payments_dataset cmd_type=elb consumer=True job_name=dev:tap-mysql-to-target-bigquery name=target-bigquery producer=False run_id=d37c1e6f-8767-40f5-a2dc-75d3b876277e stdio=stderr string_id=target-bigquery
2025-08-22T08:58:15.238327Z [info     ] Cleaning up bec-db-rds-olist_order_reviews_dataset cmd_type=elb consumer=True job_name=dev:tap-mysql-to-target-bigquery name=target-bigquery producer=False run_id=d37c1e6f-8767-40f5-a2dc-75d3b876277e stdio=stderr string_id=target-bigquery
2025-08-22T08:58:15.238531Z [info     ] Cleaning up bec-db-rds-olist_orders_dataset cmd_type=elb consumer=True job_name=dev:tap-mysql-to-target-bigquery name=target-bigquery producer=False run_id=d37c1e6f-8767-40f5-a2dc-75d3b876277e stdio=stderr string_id=target-bigquery
2025-08-22T08:58:15.238716Z [info     ] Cleaning up bec-db-rds-olist_products_dataset cmd_type=elb consumer=True job_name=dev:tap-mysql-to-target-bigquery name=target-bigquery producer=False run_id=d37c1e6f-8767-40f5-a2dc-75d3b876277e stdio=stderr string_id=target-bigquery
2025-08-22T08:58:15.238890Z [info     ] Cleaning up bec-db-rds-olist_sellers_dataset cmd_type=elb consumer=True job_name=dev:tap-mysql-to-target-bigquery name=target-bigquery producer=False run_id=d37c1e6f-8767-40f5-a2dc-75d3b876277e stdio=stderr string_id=target-bigquery
2025-08-22T08:58:15.239135Z [info     ] Cleaning up bec-db-rds-product_category_name_translation cmd_type=elb consumer=True job_name=dev:tap-mysql-to-target-bigquery name=target-bigquery producer=False run_id=d37c1e6f-8767-40f5-a2dc-75d3b876277e stdio=stderr string_id=target-bigquery
2025-08-22T08:58:15.239342Z [info     ] Emitting completed target state {"currently_syncing": null, "bookmarks": {"bec-db-rds-olist_customers_dataset": {"initial_full_table_complete": true}, "bec-db-rds-olist_geolocation_dataset": {"initial_full_table_complete": true}, "bec-db-rds-olist_order_items_dataset": {"initial_full_table_complete": true}, "bec-db-rds-olist_order_payments_dataset": {"initial_full_table_complete": true}, "bec-db-rds-olist_order_reviews_dataset": {"initial_full_table_complete": true}, "bec-db-rds-olist_orders_dataset": {"initial_full_table_complete": true}, "bec-db-rds-olist_products_dataset": {"initial_full_table_complete": true}, "bec-db-rds-olist_sellers_dataset": {"initial_full_table_complete": true}, "bec-db-rds-product_category_name_translation": {"initial_full_table_complete": true}}} cmd_type=elb consumer=True job_name=dev:tap-mysql-to-target-bigquery name=target-bigquery producer=False run_id=d37c1e6f-8767-40f5-a2dc-75d3b876277e stdio=stderr string_id=target-bigquery
2025-08-22T08:58:15.249280Z [info     ] Using systemdb state backend
2025-08-22T08:58:15.254654Z [info     ] Incremental state has been updated at 2025-08-22 08:58:15.254620+00:00.
2025-08-22T08:58:15.450579Z [info     ] Block run completed.           block_type=ExtractLoadBlocks err=None set_number=0 success=True
