2025-08-22T10:41:47.860248Z [info     ] Using systemdb state backend
2025-08-22T10:41:48.346181Z [info     ] /Applications/RF/NTU/SCTP in DSAI/s3-rds-bq-dagster/bec-meltano/.meltano/loaders/target-bigquery/venv/lib/python3.11/site-packages/fs/__init__.py:4: UserWarning: pkg_resources is deprecated as an API. See https://setuptools.pypa.io/en/latest/pkg_resources.html. The pkg_resources package is slated for removal as early as 2025-11-30. Refrain from using this package or pin to Setuptools<81. cmd_type=elb consumer=True job_name=dev:tap-mysql-to-target-bigquery name=target-bigquery producer=False run_id=fe503acf-98d4-4658-b7c2-d8c0a8ef04fc stdio=stderr string_id=target-bigquery
2025-08-22T10:41:48.346774Z [info     ]   __import__("pkg_resources").declare_namespace(__name__)  # type: ignore cmd_type=elb consumer=True job_name=dev:tap-mysql-to-target-bigquery name=target-bigquery producer=False run_id=fe503acf-98d4-4658-b7c2-d8c0a8ef04fc stdio=stderr string_id=target-bigquery
2025-08-22T10:41:49.464560Z [info     ] Using thread-based parallelism cmd_type=elb consumer=True job_name=dev:tap-mysql-to-target-bigquery name=target-bigquery producer=False run_id=fe503acf-98d4-4658-b7c2-d8c0a8ef04fc stdio=stderr string_id=target-bigquery
2025-08-22T10:41:49.464963Z [info     ] Target 'target-bigquery' is listening for input from tap. cmd_type=elb consumer=True job_name=dev:tap-mysql-to-target-bigquery name=target-bigquery producer=False run_id=fe503acf-98d4-4658-b7c2-d8c0a8ef04fc stdio=stderr string_id=target-bigquery
2025-08-22T10:41:49.465292Z [info     ] Initializing 'target-bigquery' target sink... cmd_type=elb consumer=True job_name=dev:tap-mysql-to-target-bigquery name=target-bigquery producer=False run_id=fe503acf-98d4-4658-b7c2-d8c0a8ef04fc stdio=stderr string_id=target-bigquery
2025-08-22T10:41:49.465455Z [info     ] Initializing target sink for stream 'bec-db-rds-olist_customers_dataset'... cmd_type=elb consumer=True job_name=dev:tap-mysql-to-target-bigquery name=target-bigquery producer=False run_id=fe503acf-98d4-4658-b7c2-d8c0a8ef04fc stdio=stderr string_id=target-bigquery
2025-08-22T10:41:50.525492Z [info     ] Setting up bec-db-rds-olist_customers_dataset cmd_type=elb consumer=True job_name=dev:tap-mysql-to-target-bigquery name=target-bigquery producer=False run_id=fe503acf-98d4-4658-b7c2-d8c0a8ef04fc stdio=stderr string_id=target-bigquery
2025-08-22T10:41:50.525925Z [info     ] ACTIVATE_VERSION message received but not implemented by this target. Ignoring. cmd_type=elb consumer=True job_name=dev:tap-mysql-to-target-bigquery name=target-bigquery producer=False run_id=fe503acf-98d4-4658-b7c2-d8c0a8ef04fc stdio=stderr string_id=target-bigquery
2025-08-22T10:41:50.526260Z [info     ] Initializing 'target-bigquery' target sink... cmd_type=elb consumer=True job_name=dev:tap-mysql-to-target-bigquery name=target-bigquery producer=False run_id=fe503acf-98d4-4658-b7c2-d8c0a8ef04fc stdio=stderr string_id=target-bigquery
2025-08-22T10:41:50.526426Z [info     ] Initializing target sink for stream 'bec-db-rds-olist_geolocation_dataset'... cmd_type=elb consumer=True job_name=dev:tap-mysql-to-target-bigquery name=target-bigquery producer=False run_id=fe503acf-98d4-4658-b7c2-d8c0a8ef04fc stdio=stderr string_id=target-bigquery
2025-08-22T10:41:51.319757Z [info     ] Setting up bec-db-rds-olist_geolocation_dataset cmd_type=elb consumer=True job_name=dev:tap-mysql-to-target-bigquery name=target-bigquery producer=False run_id=fe503acf-98d4-4658-b7c2-d8c0a8ef04fc stdio=stderr string_id=target-bigquery
2025-08-22T10:41:51.320113Z [info     ] ACTIVATE_VERSION message received but not implemented by this target. Ignoring. cmd_type=elb consumer=True job_name=dev:tap-mysql-to-target-bigquery name=target-bigquery producer=False run_id=fe503acf-98d4-4658-b7c2-d8c0a8ef04fc stdio=stderr string_id=target-bigquery
2025-08-22T10:41:51.320381Z [info     ] Initializing 'target-bigquery' target sink... cmd_type=elb consumer=True job_name=dev:tap-mysql-to-target-bigquery name=target-bigquery producer=False run_id=fe503acf-98d4-4658-b7c2-d8c0a8ef04fc stdio=stderr string_id=target-bigquery
2025-08-22T10:41:51.320622Z [info     ] Initializing target sink for stream 'bec-db-rds-olist_order_items_dataset'... cmd_type=elb consumer=True job_name=dev:tap-mysql-to-target-bigquery name=target-bigquery producer=False run_id=fe503acf-98d4-4658-b7c2-d8c0a8ef04fc stdio=stderr string_id=target-bigquery
2025-08-22T10:41:52.086633Z [info     ] Setting up bec-db-rds-olist_order_items_dataset cmd_type=elb consumer=True job_name=dev:tap-mysql-to-target-bigquery name=target-bigquery producer=False run_id=fe503acf-98d4-4658-b7c2-d8c0a8ef04fc stdio=stderr string_id=target-bigquery
2025-08-22T10:41:52.088296Z [info     ] ACTIVATE_VERSION message received but not implemented by this target. Ignoring. cmd_type=elb consumer=True job_name=dev:tap-mysql-to-target-bigquery name=target-bigquery producer=False run_id=fe503acf-98d4-4658-b7c2-d8c0a8ef04fc stdio=stderr string_id=target-bigquery
2025-08-22T10:41:52.088600Z [info     ] Initializing 'target-bigquery' target sink... cmd_type=elb consumer=True job_name=dev:tap-mysql-to-target-bigquery name=target-bigquery producer=False run_id=fe503acf-98d4-4658-b7c2-d8c0a8ef04fc stdio=stderr string_id=target-bigquery
2025-08-22T10:41:52.088815Z [info     ] Initializing target sink for stream 'bec-db-rds-olist_order_payments_dataset'... cmd_type=elb consumer=True job_name=dev:tap-mysql-to-target-bigquery name=target-bigquery producer=False run_id=fe503acf-98d4-4658-b7c2-d8c0a8ef04fc stdio=stderr string_id=target-bigquery
2025-08-22T10:41:52.917092Z [info     ] Setting up bec-db-rds-olist_order_payments_dataset cmd_type=elb consumer=True job_name=dev:tap-mysql-to-target-bigquery name=target-bigquery producer=False run_id=fe503acf-98d4-4658-b7c2-d8c0a8ef04fc stdio=stderr string_id=target-bigquery
2025-08-22T10:41:52.917384Z [info     ] ACTIVATE_VERSION message received but not implemented by this target. Ignoring. cmd_type=elb consumer=True job_name=dev:tap-mysql-to-target-bigquery name=target-bigquery producer=False run_id=fe503acf-98d4-4658-b7c2-d8c0a8ef04fc stdio=stderr string_id=target-bigquery
2025-08-22T10:41:52.917642Z [info     ] Initializing 'target-bigquery' target sink... cmd_type=elb consumer=True job_name=dev:tap-mysql-to-target-bigquery name=target-bigquery producer=False run_id=fe503acf-98d4-4658-b7c2-d8c0a8ef04fc stdio=stderr string_id=target-bigquery
2025-08-22T10:41:52.917870Z [info     ] Initializing target sink for stream 'bec-db-rds-olist_order_reviews_dataset'... cmd_type=elb consumer=True job_name=dev:tap-mysql-to-target-bigquery name=target-bigquery producer=False run_id=fe503acf-98d4-4658-b7c2-d8c0a8ef04fc stdio=stderr string_id=target-bigquery
2025-08-22T10:41:53.615993Z [info     ] Setting up bec-db-rds-olist_order_reviews_dataset cmd_type=elb consumer=True job_name=dev:tap-mysql-to-target-bigquery name=target-bigquery producer=False run_id=fe503acf-98d4-4658-b7c2-d8c0a8ef04fc stdio=stderr string_id=target-bigquery
2025-08-22T10:41:57.204238Z [info     ] ACTIVATE_VERSION message received but not implemented by this target. Ignoring. cmd_type=elb consumer=True job_name=dev:tap-mysql-to-target-bigquery name=target-bigquery producer=False run_id=fe503acf-98d4-4658-b7c2-d8c0a8ef04fc stdio=stderr string_id=target-bigquery
2025-08-22T10:41:57.204910Z [info     ] Initializing 'target-bigquery' target sink... cmd_type=elb consumer=True job_name=dev:tap-mysql-to-target-bigquery name=target-bigquery producer=False run_id=fe503acf-98d4-4658-b7c2-d8c0a8ef04fc stdio=stderr string_id=target-bigquery
2025-08-22T10:41:57.205070Z [info     ] Initializing target sink for stream 'bec-db-rds-olist_orders_dataset'... cmd_type=elb consumer=True job_name=dev:tap-mysql-to-target-bigquery name=target-bigquery producer=False run_id=fe503acf-98d4-4658-b7c2-d8c0a8ef04fc stdio=stderr string_id=target-bigquery
2025-08-22T10:41:57.884010Z [info     ] Setting up bec-db-rds-olist_orders_dataset cmd_type=elb consumer=True job_name=dev:tap-mysql-to-target-bigquery name=target-bigquery producer=False run_id=fe503acf-98d4-4658-b7c2-d8c0a8ef04fc stdio=stderr string_id=target-bigquery
2025-08-22T10:42:03.305195Z [info     ] ACTIVATE_VERSION message received but not implemented by this target. Ignoring. cmd_type=elb consumer=True job_name=dev:tap-mysql-to-target-bigquery name=target-bigquery producer=False run_id=fe503acf-98d4-4658-b7c2-d8c0a8ef04fc stdio=stderr string_id=target-bigquery
2025-08-22T10:42:03.403559Z [info     ] Initializing 'target-bigquery' target sink... cmd_type=elb consumer=True job_name=dev:tap-mysql-to-target-bigquery name=target-bigquery producer=False run_id=fe503acf-98d4-4658-b7c2-d8c0a8ef04fc stdio=stderr string_id=target-bigquery
2025-08-22T10:42:03.404086Z [info     ] Initializing target sink for stream 'bec-db-rds-olist_products_dataset'... cmd_type=elb consumer=True job_name=dev:tap-mysql-to-target-bigquery name=target-bigquery producer=False run_id=fe503acf-98d4-4658-b7c2-d8c0a8ef04fc stdio=stderr string_id=target-bigquery
2025-08-22T10:42:04.095356Z [info     ] Setting up bec-db-rds-olist_products_dataset cmd_type=elb consumer=True job_name=dev:tap-mysql-to-target-bigquery name=target-bigquery producer=False run_id=fe503acf-98d4-4658-b7c2-d8c0a8ef04fc stdio=stderr string_id=target-bigquery
2025-08-22T10:42:05.795970Z [info     ] ACTIVATE_VERSION message received but not implemented by this target. Ignoring. cmd_type=elb consumer=True job_name=dev:tap-mysql-to-target-bigquery name=target-bigquery producer=False run_id=fe503acf-98d4-4658-b7c2-d8c0a8ef04fc stdio=stderr string_id=target-bigquery
2025-08-22T10:42:05.915103Z [info     ] Initializing 'target-bigquery' target sink... cmd_type=elb consumer=True job_name=dev:tap-mysql-to-target-bigquery name=target-bigquery producer=False run_id=fe503acf-98d4-4658-b7c2-d8c0a8ef04fc stdio=stderr string_id=target-bigquery
2025-08-22T10:42:05.915819Z [info     ] Initializing target sink for stream 'bec-db-rds-olist_sellers_dataset'... cmd_type=elb consumer=True job_name=dev:tap-mysql-to-target-bigquery name=target-bigquery producer=False run_id=fe503acf-98d4-4658-b7c2-d8c0a8ef04fc stdio=stderr string_id=target-bigquery
2025-08-22T10:42:06.698508Z [info     ] Setting up bec-db-rds-olist_sellers_dataset cmd_type=elb consumer=True job_name=dev:tap-mysql-to-target-bigquery name=target-bigquery producer=False run_id=fe503acf-98d4-4658-b7c2-d8c0a8ef04fc stdio=stderr string_id=target-bigquery
2025-08-22T10:42:06.795846Z [info     ] ACTIVATE_VERSION message received but not implemented by this target. Ignoring. cmd_type=elb consumer=True job_name=dev:tap-mysql-to-target-bigquery name=target-bigquery producer=False run_id=fe503acf-98d4-4658-b7c2-d8c0a8ef04fc stdio=stderr string_id=target-bigquery
2025-08-22T10:42:06.796146Z [info     ] Initializing 'target-bigquery' target sink... cmd_type=elb consumer=True job_name=dev:tap-mysql-to-target-bigquery name=target-bigquery producer=False run_id=fe503acf-98d4-4658-b7c2-d8c0a8ef04fc stdio=stderr string_id=target-bigquery
2025-08-22T10:42:06.796300Z [info     ] Initializing target sink for stream 'bec-db-rds-product_category_name_translation'... cmd_type=elb consumer=True job_name=dev:tap-mysql-to-target-bigquery name=target-bigquery producer=False run_id=fe503acf-98d4-4658-b7c2-d8c0a8ef04fc stdio=stderr string_id=target-bigquery
2025-08-22T10:42:07.559896Z [info     ] Setting up bec-db-rds-product_category_name_translation cmd_type=elb consumer=True job_name=dev:tap-mysql-to-target-bigquery name=target-bigquery producer=False run_id=fe503acf-98d4-4658-b7c2-d8c0a8ef04fc stdio=stderr string_id=target-bigquery
2025-08-22T10:42:07.562867Z [info     ] ACTIVATE_VERSION message received but not implemented by this target. Ignoring. cmd_type=elb consumer=True job_name=dev:tap-mysql-to-target-bigquery name=target-bigquery producer=False run_id=fe503acf-98d4-4658-b7c2-d8c0a8ef04fc stdio=stderr string_id=target-bigquery
2025-08-22T10:42:07.563210Z [info     ] Target 'target-bigquery' completed reading 235061 lines of input (234782 records, (0 batch manifests, 261 state messages). cmd_type=elb consumer=True job_name=dev:tap-mysql-to-target-bigquery name=target-bigquery producer=False run_id=fe503acf-98d4-4658-b7c2-d8c0a8ef04fc stdio=stderr string_id=target-bigquery
2025-08-22T10:42:07.563865Z [info     ] Adding worker 94e05b74e57e4393892da26898b20eec cmd_type=elb consumer=True job_name=dev:tap-mysql-to-target-bigquery name=target-bigquery producer=False run_id=fe503acf-98d4-4658-b7c2-d8c0a8ef04fc stdio=stderr string_id=target-bigquery
2025-08-22T10:42:54.662837Z [info     ] Cleaning up bec-db-rds-olist_customers_dataset cmd_type=elb consumer=True job_name=dev:tap-mysql-to-target-bigquery name=target-bigquery producer=False run_id=fe503acf-98d4-4658-b7c2-d8c0a8ef04fc stdio=stderr string_id=target-bigquery
2025-08-22T10:42:54.664030Z [info     ] Cleaning up bec-db-rds-olist_geolocation_dataset cmd_type=elb consumer=True job_name=dev:tap-mysql-to-target-bigquery name=target-bigquery producer=False run_id=fe503acf-98d4-4658-b7c2-d8c0a8ef04fc stdio=stderr string_id=target-bigquery
2025-08-22T10:42:54.664450Z [info     ] Cleaning up bec-db-rds-olist_order_items_dataset cmd_type=elb consumer=True job_name=dev:tap-mysql-to-target-bigquery name=target-bigquery producer=False run_id=fe503acf-98d4-4658-b7c2-d8c0a8ef04fc stdio=stderr string_id=target-bigquery
2025-08-22T10:42:54.664752Z [info     ] Cleaning up bec-db-rds-olist_order_payments_dataset cmd_type=elb consumer=True job_name=dev:tap-mysql-to-target-bigquery name=target-bigquery producer=False run_id=fe503acf-98d4-4658-b7c2-d8c0a8ef04fc stdio=stderr string_id=target-bigquery
2025-08-22T10:42:54.664987Z [info     ] Cleaning up bec-db-rds-olist_order_reviews_dataset cmd_type=elb consumer=True job_name=dev:tap-mysql-to-target-bigquery name=target-bigquery producer=False run_id=fe503acf-98d4-4658-b7c2-d8c0a8ef04fc stdio=stderr string_id=target-bigquery
2025-08-22T10:42:54.665212Z [info     ] Cleaning up bec-db-rds-olist_orders_dataset cmd_type=elb consumer=True job_name=dev:tap-mysql-to-target-bigquery name=target-bigquery producer=False run_id=fe503acf-98d4-4658-b7c2-d8c0a8ef04fc stdio=stderr string_id=target-bigquery
2025-08-22T10:42:54.665424Z [info     ] Cleaning up bec-db-rds-olist_products_dataset cmd_type=elb consumer=True job_name=dev:tap-mysql-to-target-bigquery name=target-bigquery producer=False run_id=fe503acf-98d4-4658-b7c2-d8c0a8ef04fc stdio=stderr string_id=target-bigquery
2025-08-22T10:42:54.665633Z [info     ] Cleaning up bec-db-rds-olist_sellers_dataset cmd_type=elb consumer=True job_name=dev:tap-mysql-to-target-bigquery name=target-bigquery producer=False run_id=fe503acf-98d4-4658-b7c2-d8c0a8ef04fc stdio=stderr string_id=target-bigquery
2025-08-22T10:42:54.665969Z [info     ] Cleaning up bec-db-rds-product_category_name_translation cmd_type=elb consumer=True job_name=dev:tap-mysql-to-target-bigquery name=target-bigquery producer=False run_id=fe503acf-98d4-4658-b7c2-d8c0a8ef04fc stdio=stderr string_id=target-bigquery
2025-08-22T10:42:54.666494Z [info     ] Emitting completed target state {"currently_syncing": null, "bookmarks": {"bec-db-rds-olist_customers_dataset": {"initial_full_table_complete": true}, "bec-db-rds-olist_geolocation_dataset": {"initial_full_table_complete": true}, "bec-db-rds-olist_order_items_dataset": {"initial_full_table_complete": true}, "bec-db-rds-olist_order_payments_dataset": {"initial_full_table_complete": true}, "bec-db-rds-olist_order_reviews_dataset": {"initial_full_table_complete": true}, "bec-db-rds-olist_orders_dataset": {"initial_full_table_complete": true}, "bec-db-rds-olist_products_dataset": {"initial_full_table_complete": true}, "bec-db-rds-olist_sellers_dataset": {"initial_full_table_complete": true}, "bec-db-rds-product_category_name_translation": {"initial_full_table_complete": true}}} cmd_type=elb consumer=True job_name=dev:tap-mysql-to-target-bigquery name=target-bigquery producer=False run_id=fe503acf-98d4-4658-b7c2-d8c0a8ef04fc stdio=stderr string_id=target-bigquery
2025-08-22T10:42:54.675714Z [info     ] Using systemdb state backend
2025-08-22T10:42:54.681878Z [info     ] Incremental state has been updated at 2025-08-22 10:42:54.681845+00:00.
2025-08-22T10:42:54.860165Z [info     ] Block run completed.           block_type=ExtractLoadBlocks err=None set_number=0 success=True
